#
# A fatal error has been detected by the Java Runtime Environment:
#
#  SIGSEGV (0xb) at pc=0x00007fff8fa2245c, pid=84775, tid=58375
#
# JRE version: Java(TM) SE Runtime Environment (7.0_75-b13) (build 1.7.0_75-b13)
# Java VM: Java HotSpot(TM) 64-Bit Server VM (24.75-b04 mixed mode bsd-amd64 compressed oops)
# Problematic frame:
# C  [GLEngine+0x15945c]  gleRunVertexSubmitImmediate+0x206c
#
# Failed to write core dump. Core dumps have been disabled. To enable core dumping, try "ulimit -c unlimited" before starting Java again
#
# If you would like to submit a bug report, please visit:
#   http://bugreport.sun.com/bugreport/crash.jsp
# The crash happened outside the Java Virtual Machine in native code.
# See problematic frame for where to report the bug.
#

---------------  T H R E A D  ---------------

Current thread (0x00007fc112964000):  JavaThread "AWT-EventQueue-0" [_thread_in_native, id=58375, stack(0x0000700001810000,0x0000700001910000)]

siginfo:si_signo=SIGSEGV: si_errno=0, si_code=1 (SEGV_MAPERR), si_addr=0x0000000000000000

Registers:
RAX=0x0000000000000000, RBX=0x00007fff8fa2320c, RCX=0x0000000000000006, RDX=0x0000000000000003
RSP=0x000070000190d1d0, RBP=0x000070000190d460, RSI=0x0000000003300000, RDI=0x00007fff8fa21c9a
R8 =0x0000000186601083, R9 =0x00007fc111664870, R10=0x0000000000000003, R11=0x0000000000000006
R12=0x0000000000000c33, R13=0x0000000000000000, R14=0x0000000000000000, R15=0x0000000003000000
RIP=0x00007fff8fa2245c, EFLAGS=0x0000000000010297, ERR=0x0000000000000004
  TRAPNO=0x000000000000000e

Top of Stack: (sp=0x000070000190d1d0)
0x000070000190d1d0:   000070000190d2c0 00007fff8f782a36
0x000070000190d1e0:   0000000000000001 0000000000000000
0x000070000190d1f0:   000000010190d210 00007fc11223a600
0x000070000190d200:   0000000000000004 00007fc115857520
0x000070000190d210:   0b0074b1f1210c74 00007fff76e19778
0x000070000190d220:   0000000000001e00 000000010ad0aa00
0x000070000190d230:   000070000190d318 000070000190d320
0x000070000190d240:   000070000190d2e0 000000010ad0c800
0x000070000190d250:   0000000000001003 0000000000000078
0x000070000190d260:   000070000190d320 000000000190d2b4
0x000070000190d270:   0000000000000008 00007fff76e19778
0x000070000190d280:   ff80000000001003 000070000190ffff
0x000070000190d290:   ffffffffffffffff 0000000000000000
0x000070000190d2a0:   00000000000fffc0 00007fc1158571a0
0x000070000190d2b0:   00007fc115857160 00007fc115857180
0x000070000190d2c0:   00007fc115857150 000070000190d3f8
0x000070000190d2d0:   00007fc115857190 00007fc115857170
0x000070000190d2e0:   00007fc115857140 0000000000000000
0x000070000190d2f0:   0000000000000000 00007fc115857190
0x000070000190d300:   00007fc115857190 0000000000000000
0x000070000190d310:   000000061221c600 0000000000000000
0x000070000190d320:   000000001a37dc40 0000000000000003
0x000070000190d330:   0000000000000000 00007fc115857000
0x000070000190d340:   0000000002106000 00000000ffffffff
0x000070000190d350:   fffffffe0190d3a0 00007fc111664870
0x000070000190d360:   0000000000000001 00000c3300841800
0x000070000190d370:   00007fc11585ada0 00007fc11585afb0
0x000070000190d380:   00007fc11223a600 0000000000000001
0x000070000190d390:   000070000190d404 000070000190d400
0x000070000190d3a0:   000070000190d3e0 000000011a05682b
0x000070000190d3b0:   0000000000000000 0000000015857000
0x000070000190d3c0:   0000000000000000 0000000000000000 

Instructions: (pc=0x00007fff8fa2245c)
0x00007fff8fa2243c:   0f 58 05 0d cf 04 00 0f 58 c1 0f 5e 05 23 d4 04
0x00007fff8fa2244c:   00 0f 29 85 30 ff ff ff 45 31 db e9 a4 03 00 00
0x00007fff8fa2245c:   f2 0f 10 20 f3 0f 10 40 08 66 0f 14 e0 e9 92 03
0x00007fff8fa2246c:   00 00 41 81 f9 00 7c 00 00 75 11 85 db be ff ff 

Register to memory mapping:

RAX=0x0000000000000000 is an unknown value
RBX=0x00007fff8fa2320c: gleRunVertexSubmitImmediate+0x2e1c in /System/Library/Frameworks/OpenGL.framework/Versions/A/Resources/GLEngine.bundle/GLEngine at 0x00007fff8f8c9000
RCX=0x0000000000000006 is an unknown value
RDX=0x0000000000000003 is an unknown value
RSP=0x000070000190d1d0 is pointing into the stack for thread: 0x00007fc112964000
RBP=0x000070000190d460 is pointing into the stack for thread: 0x00007fc112964000
RSI=0x0000000003300000 is an unknown value
RDI=0x00007fff8fa21c9a: gleRunVertexSubmitImmediate+0x18aa in /System/Library/Frameworks/OpenGL.framework/Versions/A/Resources/GLEngine.bundle/GLEngine at 0x00007fff8f8c9000
R8 =0x0000000186601083 is an unknown value
R9 =0x00007fc111664870 is an unknown value
R10=0x0000000000000003 is an unknown value
R11=0x0000000000000006 is an unknown value
R12=0x0000000000000c33 is an unknown value
R13=0x0000000000000000 is an unknown value
R14=0x0000000000000000 is an unknown value
R15=0x0000000003000000 is an unknown value


Stack: [0x0000700001810000,0x0000700001910000],  sp=0x000070000190d1d0,  free space=1012k
Native frames: (J=compiled Java code, j=interpreted, Vv=VM code, C=native code)
C  [GLEngine+0x15945c]  gleRunVertexSubmitImmediate+0x206c
C  [GLEngine+0xb9cd6]  glDrawElements_GL3Exec+0x2c4
C  [libjogl_desktop.jnilib+0x15796]  Java_jogamp_opengl_gl4_GL4bcImpl_dispatch_1glDrawElements1__IIIJJ+0x56
j  jogamp.opengl.gl4.GL4bcImpl.dispatch_glDrawElements1(IIIJJ)V+0
j  jogamp.opengl.gl4.GL4bcImpl.glDrawElements(IIIJ)V+47
j  openGL.gl.GLRenderer.draw(LopenGL/objects/RenderItem;)V+113
j  openGL.gl.GLRenderer.display(Ljavax/media/opengl/GLAutoDrawable;)V+58
j  openGL.gl.GLRenderPanel$GLRenderContextEventListener.display(Ljavax/media/opengl/GLAutoDrawable;)V+5
j  jogamp.opengl.GLDrawableHelper.displayImpl(Ljavax/media/opengl/GLAutoDrawable;)V+81
j  jogamp.opengl.GLDrawableHelper.display(Ljavax/media/opengl/GLAutoDrawable;)V+2
j  javax.media.opengl.awt.GLCanvas$7.run()V+118
j  jogamp.opengl.GLDrawableHelper.invokeGLImpl(Ljavax/media/opengl/GLDrawable;Ljavax/media/opengl/GLContext;Ljava/lang/Runnable;Ljava/lang/Runnable;)V+206
j  jogamp.opengl.GLDrawableHelper.invokeGL(Ljavax/media/opengl/GLDrawable;Ljavax/media/opengl/GLContext;Ljava/lang/Runnable;Ljava/lang/Runnable;)V+80
j  javax.media.opengl.awt.GLCanvas$8.run()V+73
j  javax.media.opengl.Threading.invoke(ZLjava/lang/Runnable;Ljava/lang/Object;)V+33
j  javax.media.opengl.awt.GLCanvas.display()V+57
j  javax.media.opengl.awt.GLCanvas.paint(Ljava/awt/Graphics;)V+137
j  sun.awt.RepaintArea.paintComponent(Ljava/awt/Component;Ljava/awt/Graphics;)V+6
j  sun.lwawt.LWRepaintArea.paintComponent(Ljava/awt/Component;Ljava/awt/Graphics;)V+24
j  sun.awt.RepaintArea.paint(Ljava/lang/Object;Z)V+326
j  sun.lwawt.LWComponentPeer.handleJavaPaintEvent()V+19
j  sun.lwawt.LWComponentPeer.handleEvent(Ljava/awt/AWTEvent;)V+84
j  java.awt.Component.dispatchEventImpl(Ljava/awt/AWTEvent;)V+869
j  java.awt.Component.dispatchEvent(Ljava/awt/AWTEvent;)V+2
j  java.awt.EventQueue.dispatchEventImpl(Ljava/awt/AWTEvent;Ljava/lang/Object;)V+41
j  java.awt.EventQueue.access$300(Ljava/awt/EventQueue;Ljava/awt/AWTEvent;Ljava/lang/Object;)V+3
j  java.awt.EventQueue$3.run()Ljava/lang/Void;+12
j  java.awt.EventQueue$3.run()Ljava/lang/Object;+1
v  ~StubRoutines::call_stub
V  [libjvm.dylib+0x2dbb58]
V  [libjvm.dylib+0x2db928]
V  [libjvm.dylib+0x32f100]
j  java.security.AccessController.doPrivileged(Ljava/security/PrivilegedAction;Ljava/security/AccessControlContext;)Ljava/lang/Object;+0
j  java.security.ProtectionDomain$1.doIntersectionPrivilege(Ljava/security/PrivilegedAction;Ljava/security/AccessControlContext;Ljava/security/AccessControlContext;)Ljava/lang/Object;+28
j  java.security.ProtectionDomain$1.doIntersectionPrivilege(Ljava/security/PrivilegedAction;Ljava/security/AccessControlContext;)Ljava/lang/Object;+6
j  java.awt.EventQueue$4.run()Ljava/lang/Void;+11
j  java.awt.EventQueue$4.run()Ljava/lang/Object;+1
v  ~StubRoutines::call_stub
V  [libjvm.dylib+0x2dbb58]
V  [libjvm.dylib+0x2db928]
V  [libjvm.dylib+0x32f100]
j  java.security.AccessController.doPrivileged(Ljava/security/PrivilegedAction;Ljava/security/AccessControlContext;)Ljava/lang/Object;+0
j  java.security.ProtectionDomain$1.doIntersectionPrivilege(Ljava/security/PrivilegedAction;Ljava/security/AccessControlContext;Ljava/security/AccessControlContext;)Ljava/lang/Object;+28
j  java.awt.EventQueue.dispatchEvent(Ljava/awt/AWTEvent;)V+73
j  java.awt.EventDispatchThread.pumpOneEventForFilters(I)V+245
j  java.awt.EventDispatchThread.pumpEventsForFilter(ILjava/awt/Conditional;Ljava/awt/EventFilter;)V+35
j  java.awt.EventDispatchThread.pumpEventsForHierarchy(ILjava/awt/Conditional;Ljava/awt/Component;)V+11
j  java.awt.EventDispatchThread.pumpEvents(ILjava/awt/Conditional;)V+4
j  java.awt.EventDispatchThread.pumpEvents(Ljava/awt/Conditional;)V+3
j  java.awt.EventDispatchThread.run()V+9
v  ~StubRoutines::call_stub
V  [libjvm.dylib+0x2dbb58]
V  [libjvm.dylib+0x2dc06f]
V  [libjvm.dylib+0x2dc1ac]
V  [libjvm.dylib+0x32b082]
V  [libjvm.dylib+0x4f6cb9]
V  [libjvm.dylib+0x4f83c1]
V  [libjvm.dylib+0x421762]
C  [libsystem_pthread.dylib+0x39b1]  _pthread_body+0x83
C  [libsystem_pthread.dylib+0x392e]  _pthread_body+0x0
C  [libsystem_pthread.dylib+0x1385]  thread_start+0xd

Java frames: (J=compiled Java code, j=interpreted, Vv=VM code)
j  jogamp.opengl.gl4.GL4bcImpl.dispatch_glDrawElements1(IIIJJ)V+0
j  jogamp.opengl.gl4.GL4bcImpl.glDrawElements(IIIJ)V+47
j  openGL.gl.GLRenderer.draw(LopenGL/objects/RenderItem;)V+113
j  openGL.gl.GLRenderer.display(Ljavax/media/opengl/GLAutoDrawable;)V+58
j  openGL.gl.GLRenderPanel$GLRenderContextEventListener.display(Ljavax/media/opengl/GLAutoDrawable;)V+5
j  jogamp.opengl.GLDrawableHelper.displayImpl(Ljavax/media/opengl/GLAutoDrawable;)V+81
j  jogamp.opengl.GLDrawableHelper.display(Ljavax/media/opengl/GLAutoDrawable;)V+2
j  javax.media.opengl.awt.GLCanvas$7.run()V+118
j  jogamp.opengl.GLDrawableHelper.invokeGLImpl(Ljavax/media/opengl/GLDrawable;Ljavax/media/opengl/GLContext;Ljava/lang/Runnable;Ljava/lang/Runnable;)V+206
j  jogamp.opengl.GLDrawableHelper.invokeGL(Ljavax/media/opengl/GLDrawable;Ljavax/media/opengl/GLContext;Ljava/lang/Runnable;Ljava/lang/Runnable;)V+80
j  javax.media.opengl.awt.GLCanvas$8.run()V+73
j  javax.media.opengl.Threading.invoke(ZLjava/lang/Runnable;Ljava/lang/Object;)V+33
j  javax.media.opengl.awt.GLCanvas.display()V+57
j  javax.media.opengl.awt.GLCanvas.paint(Ljava/awt/Graphics;)V+137
j  sun.awt.RepaintArea.paintComponent(Ljava/awt/Component;Ljava/awt/Graphics;)V+6
j  sun.lwawt.LWRepaintArea.paintComponent(Ljava/awt/Component;Ljava/awt/Graphics;)V+24
j  sun.awt.RepaintArea.paint(Ljava/lang/Object;Z)V+326
j  sun.lwawt.LWComponentPeer.handleJavaPaintEvent()V+19
j  sun.lwawt.LWComponentPeer.handleEvent(Ljava/awt/AWTEvent;)V+84
j  java.awt.Component.dispatchEventImpl(Ljava/awt/AWTEvent;)V+869
j  java.awt.Component.dispatchEvent(Ljava/awt/AWTEvent;)V+2
j  java.awt.EventQueue.dispatchEventImpl(Ljava/awt/AWTEvent;Ljava/lang/Object;)V+41
j  java.awt.EventQueue.access$300(Ljava/awt/EventQueue;Ljava/awt/AWTEvent;Ljava/lang/Object;)V+3
j  java.awt.EventQueue$3.run()Ljava/lang/Void;+12
j  java.awt.EventQueue$3.run()Ljava/lang/Object;+1
v  ~StubRoutines::call_stub
j  java.security.AccessController.doPrivileged(Ljava/security/PrivilegedAction;Ljava/security/AccessControlContext;)Ljava/lang/Object;+0
j  java.security.ProtectionDomain$1.doIntersectionPrivilege(Ljava/security/PrivilegedAction;Ljava/security/AccessControlContext;Ljava/security/AccessControlContext;)Ljava/lang/Object;+28
j  java.security.ProtectionDomain$1.doIntersectionPrivilege(Ljava/security/PrivilegedAction;Ljava/security/AccessControlContext;)Ljava/lang/Object;+6
j  java.awt.EventQueue$4.run()Ljava/lang/Void;+11
j  java.awt.EventQueue$4.run()Ljava/lang/Object;+1
v  ~StubRoutines::call_stub
j  java.security.AccessController.doPrivileged(Ljava/security/PrivilegedAction;Ljava/security/AccessControlContext;)Ljava/lang/Object;+0
j  java.security.ProtectionDomain$1.doIntersectionPrivilege(Ljava/security/PrivilegedAction;Ljava/security/AccessControlContext;Ljava/security/AccessControlContext;)Ljava/lang/Object;+28
j  java.awt.EventQueue.dispatchEvent(Ljava/awt/AWTEvent;)V+73
j  java.awt.EventDispatchThread.pumpOneEventForFilters(I)V+245
j  java.awt.EventDispatchThread.pumpEventsForFilter(ILjava/awt/Conditional;Ljava/awt/EventFilter;)V+35
j  java.awt.EventDispatchThread.pumpEventsForHierarchy(ILjava/awt/Conditional;Ljava/awt/Component;)V+11
j  java.awt.EventDispatchThread.pumpEvents(ILjava/awt/Conditional;)V+4
j  java.awt.EventDispatchThread.pumpEvents(Ljava/awt/Conditional;)V+3
j  java.awt.EventDispatchThread.run()V+9
v  ~StubRoutines::call_stub

---------------  P R O C E S S  ---------------

Java Threads: ( => current thread )
  0x00007fc11222b800 JavaThread "DestroyJavaVM" [_thread_blocked, id=5891, stack(0x000070000011a000,0x000070000021a000)]
=>0x00007fc112964000 JavaThread "AWT-EventQueue-0" [_thread_in_native, id=58375, stack(0x0000700001810000,0x0000700001910000)]
  0x00007fc1119f0800 JavaThread "process reaper" daemon [_thread_blocked, id=57095, stack(0x00007000016e2000,0x000070000170a000)]
  0x00007fc11198f800 JavaThread "Java2D Disposer" daemon [_thread_blocked, id=56323, stack(0x00007000015df000,0x00007000016df000)]
  0x00007fc11211d000 JavaThread "Java2D Queue Flusher" daemon [_thread_blocked, id=50951, stack(0x00007000014dc000,0x00007000015dc000)]
  0x00007fc1118d0000 JavaThread "AWT-Shutdown" [_thread_blocked, id=30483, stack(0x0000700001356000,0x0000700001456000)]
  0x00007fc1120ae800 JavaThread "AWT-AppKit" daemon [_thread_blocked, id=2571, stack(0x00007fff54713000,0x00007fff54f13000)]
  0x00007fc111855800 JavaThread "Service Thread" daemon [_thread_blocked, id=19715, stack(0x000070000104a000,0x000070000114a000)]
  0x00007fc111855000 JavaThread "C2 CompilerThread1" daemon [_thread_blocked, id=19203, stack(0x0000700000f47000,0x0000700001047000)]
  0x00007fc11184a800 JavaThread "C2 CompilerThread0" daemon [_thread_blocked, id=18691, stack(0x0000700000e44000,0x0000700000f44000)]
  0x00007fc11280c800 JavaThread "JDWP Command Reader" daemon [_thread_in_native, id=18179, stack(0x0000700000d41000,0x0000700000e41000)]
  0x00007fc11280b800 JavaThread "JDWP Event Helper Thread" daemon [_thread_blocked, id=17667, stack(0x0000700000c3e000,0x0000700000d3e000)]
  0x00007fc112801000 JavaThread "JDWP Transport Listener: dt_socket" daemon [_thread_blocked, id=17155, stack(0x0000700000b3b000,0x0000700000c3b000)]
  0x00007fc112029800 JavaThread "Signal Dispatcher" daemon [_thread_blocked, id=12819, stack(0x0000700000a38000,0x0000700000b38000)]
  0x00007fc112014000 JavaThread "Finalizer" daemon [_thread_blocked, id=12291, stack(0x000070000082f000,0x000070000092f000)]
  0x00007fc112013800 JavaThread "Reference Handler" daemon [_thread_blocked, id=11779, stack(0x000070000072c000,0x000070000082c000)]

Other Threads:
  0x00007fc112010800 VMThread [stack: 0x0000700000629000,0x0000700000729000] [id=11267]
  0x00007fc113009000 WatcherThread [stack: 0x000070000114d000,0x000070000124d000] [id=20227]

VM state:not at safepoint (normal execution)

VM Mutex/Monitor currently owned by a thread: None

Heap
 PSYoungGen      total 38912K, used 9277K [0x00000007d5500000, 0x00000007d8000000, 0x0000000800000000)
  eden space 33792K, 12% used [0x00000007d5500000,0x00000007d59116f0,0x00000007d7600000)
  from space 5120K, 99% used [0x00000007d7b00000,0x00000007d7ffdea8,0x00000007d8000000)
  to   space 5120K, 0% used [0x00000007d7600000,0x00000007d7600000,0x00000007d7b00000)
 ParOldGen       total 87040K, used 6425K [0x0000000780000000, 0x0000000785500000, 0x00000007d5500000)
  object space 87040K, 7% used [0x0000000780000000,0x0000000780646440,0x0000000785500000)
 PSPermGen       total 21504K, used 15681K [0x000000077ae00000, 0x000000077c300000, 0x0000000780000000)
  object space 21504K, 72% used [0x000000077ae00000,0x000000077bd506f8,0x000000077c300000)

Card table byte_map: [0x000000010f321000,0x000000010f74b000] byte_map_base: 0x000000010b74a000

Polling page: 0x000000010afa9000

Code Cache  [0x000000010c261000, 0x000000010c4d1000, 0x000000010f261000)
 total_blobs=887 nmethods=161 adapters=688 free_code_cache=48100Kb largest_free_block=49229440

Compilation events (10 events):
Event: 15.598 Thread 0x00007fc11184a800  158 %           glWrapper.GLHashtree::addFunctionValues @ 42 (117 bytes)
Event: 15.627 Thread 0x00007fc11184a800 nmethod 158% 0x000000010c35b950 code [0x000000010c35bb80, 0x000000010c35c578]
Event: 15.638 Thread 0x00007fc111855000  159             java.lang.StringBuilder::<init> (7 bytes)
Event: 15.639 Thread 0x00007fc111855000 nmethod 159 0x000000010c35e010 code [0x000000010c35e160, 0x000000010c35e258]
Event: 15.642 Thread 0x00007fc11184a800  160             java.util.Arrays::binarySearch0 (95 bytes)
Event: 15.642 Thread 0x00007fc111855000  161             sun.java2d.loops.GraphicsPrimitiveMgr$2::compare (39 bytes)
Event: 15.644 Thread 0x00007fc111855000 nmethod 161 0x000000010c35dc50 code [0x000000010c35dda0, 0x000000010c35ded8]
Event: 15.647 Thread 0x00007fc11184a800 nmethod 160 0x000000010c35d310 code [0x000000010c35d480, 0x000000010c35d8d8]
Event: 15.695 Thread 0x00007fc111855000  162   !         sun.misc.URLClassPath$JarLoader::getResource (91 bytes)
Event: 15.743 Thread 0x00007fc111855000 nmethod 162 0x000000010c368d10 code [0x000000010c369140, 0x000000010c36b148]

GC Heap History (4 events):
Event: 13.777 GC heap before
{Heap before GC invocations=1 (full 0):
 PSYoungGen      total 38912K, used 33792K [0x00000007d5500000, 0x00000007d8000000, 0x0000000800000000)
  eden space 33792K, 100% used [0x00000007d5500000,0x00000007d7600000,0x00000007d7600000)
  from space 5120K, 0% used [0x00000007d7b00000,0x00000007d7b00000,0x00000007d8000000)
  to   space 5120K, 0% used [0x00000007d7600000,0x00000007d7600000,0x00000007d7b00000)
 ParOldGen       total 87040K, used 0K [0x0000000780000000, 0x0000000785500000, 0x00000007d5500000)
  object space 87040K, 0% used [0x0000000780000000,0x0000000780000000,0x0000000785500000)
 PSPermGen       total 21504K, used 2970K [0x000000077ae00000, 0x000000077c300000, 0x0000000780000000)
  object space 21504K, 13% used [0x000000077ae00000,0x000000077b0e6a00,0x000000077c300000)
Event: 13.785 GC heap after
Heap after GC invocations=1 (full 0):
 PSYoungGen      total 38912K, used 4799K [0x00000007d5500000, 0x00000007d8000000, 0x0000000800000000)
  eden space 33792K, 0% used [0x00000007d5500000,0x00000007d5500000,0x00000007d7600000)
  from space 5120K, 93% used [0x00000007d7600000,0x00000007d7aafc38,0x00000007d7b00000)
  to   space 5120K, 0% used [0x00000007d7b00000,0x00000007d7b00000,0x00000007d8000000)
 ParOldGen       total 87040K, used 8K [0x0000000780000000, 0x0000000785500000, 0x00000007d5500000)
  object space 87040K, 0% used [0x0000000780000000,0x0000000780002000,0x0000000785500000)
 PSPermGen       total 21504K, used 2970K [0x000000077ae00000, 0x000000077c300000, 0x0000000780000000)
  object space 21504K, 13% used [0x000000077ae00000,0x000000077b0e6a00,0x000000077c300000)
}
Event: 15.606 GC heap before
{Heap before GC invocations=2 (full 0):
 PSYoungGen      total 38912K, used 38591K [0x00000007d5500000, 0x00000007d8000000, 0x0000000800000000)
  eden space 33792K, 100% used [0x00000007d5500000,0x00000007d7600000,0x00000007d7600000)
  from space 5120K, 93% used [0x00000007d7600000,0x00000007d7aafc38,0x00000007d7b00000)
  to   space 5120K, 0% used [0x00000007d7b00000,0x00000007d7b00000,0x00000007d8000000)
 ParOldGen       total 87040K, used 8K [0x0000000780000000, 0x0000000785500000, 0x00000007d5500000)
  object space 87040K, 0% used [0x0000000780000000,0x0000000780002000,0x0000000785500000)
 PSPermGen       total 21504K, used 14944K [0x000000077ae00000, 0x000000077c300000, 0x0000000780000000)
  object space 21504K, 69% used [0x000000077ae00000,0x000000077bc982e8,0x000000077c300000)
Event: 15.626 GC heap after
Heap after GC invocations=2 (full 0):
 PSYoungGen      total 38912K, used 5111K [0x00000007d5500000, 0x00000007d8000000, 0x0000000800000000)
  eden space 33792K, 0% used [0x00000007d5500000,0x00000007d5500000,0x00000007d7600000)
  from space 5120K, 99% used [0x00000007d7b00000,0x00000007d7ffdea8,0x00000007d8000000)
  to   space 5120K, 0% used [0x00000007d7600000,0x00000007d7600000,0x00000007d7b00000)
 ParOldGen       total 87040K, used 6425K [0x0000000780000000, 0x0000000785500000, 0x00000007d5500000)
  object space 87040K, 7% used [0x0000000780000000,0x0000000780646440,0x0000000785500000)
 PSPermGen       total 21504K, used 14944K [0x000000077ae00000, 0x000000077c300000, 0x0000000780000000)
  object space 21504K, 69% used [0x000000077ae00000,0x000000077bc982e8,0x000000077c300000)
}

Deoptimization events (10 events):
Event: 13.815 Thread 0x00007fc113000800 Uncommon trap: reason=class_check action=maybe_recompile pc=0x000000010c2dbbfc method=java.util.HashMap.put(Ljava/lang/Object;Ljava/lang/Object;)Ljava/lang/Object; @ 137
Event: 13.815 Thread 0x00007fc113000800 Uncommon trap: reason=class_check action=maybe_recompile pc=0x000000010c2d8e18 method=java.util.HashMap.addEntry(ILjava/lang/Object;Ljava/lang/Object;I)V @ 65
Event: 13.815 Thread 0x00007fc113000800 Uncommon trap: reason=class_check action=maybe_recompile pc=0x000000010c2dbbfc method=java.util.HashMap.put(Ljava/lang/Object;Ljava/lang/Object;)Ljava/lang/Object; @ 137
Event: 13.815 Thread 0x00007fc113000800 Uncommon trap: reason=class_check action=maybe_recompile pc=0x000000010c2d8e18 method=java.util.HashMap.addEntry(ILjava/lang/Object;Ljava/lang/Object;I)V @ 65
Event: 14.010 Thread 0x00007fc113000800 Uncommon trap: reason=class_check action=maybe_recompile pc=0x000000010c2dbbfc method=java.util.HashMap.put(Ljava/lang/Object;Ljava/lang/Object;)Ljava/lang/Object; @ 137
Event: 14.010 Thread 0x00007fc113000800 Uncommon trap: reason=class_check action=maybe_recompile pc=0x000000010c2d8e18 method=java.util.HashMap.addEntry(ILjava/lang/Object;Ljava/lang/Object;I)V @ 65
Event: 14.049 Thread 0x00007fc113000800 Uncommon trap: reason=unreached action=reinterpret pc=0x000000010c2d3854 method=java.util.Arrays.copyOf([Ljava/lang/Object;ILjava/lang/Class;)[Ljava/lang/Object; @ 4
Event: 14.071 Thread 0x00007fc113000800 Uncommon trap: reason=unreached action=reinterpret pc=0x000000010c2e068c method=java.util.HashMap.get(Ljava/lang/Object;)Ljava/lang/Object; @ 1
Event: 14.145 Thread 0x00007fc113000800 Uncommon trap: reason=class_check action=maybe_recompile pc=0x000000010c30b300 method=java.util.HashMap.put(Ljava/lang/Object;Ljava/lang/Object;)Ljava/lang/Object; @ 105
Event: 14.145 Thread 0x00007fc113000800 Uncommon trap: reason=class_check action=maybe_recompile pc=0x000000010c30b300 method=java.util.HashMap.put(Ljava/lang/Object;Ljava/lang/Object;)Ljava/lang/Object; @ 105

Internal exceptions (10 events):
Event: 15.716 Thread 0x00007fc112964000 Threw 0x00000007d57b5928 at /HUDSON/workspace/7u-2-build-macosx-x86_64/jdk7u75/1940/hotspot/src/share/vm/prims/jvm.cpp:1281
Event: 15.717 Thread 0x00007fc112964000 Threw 0x00000007d586e2e0 at /HUDSON/workspace/7u-2-build-macosx-x86_64/jdk7u75/1940/hotspot/src/share/vm/prims/jvm.cpp:1281
Event: 15.718 Thread 0x00007fc112964000 Threw 0x00000007d587afc8 at /HUDSON/workspace/7u-2-build-macosx-x86_64/jdk7u75/1940/hotspot/src/share/vm/prims/jvm.cpp:1281
Event: 15.718 Thread 0x00007fc112964000 Threw 0x00000007d5880e10 at /HUDSON/workspace/7u-2-build-macosx-x86_64/jdk7u75/1940/hotspot/src/share/vm/prims/jvm.cpp:1281
Event: 15.722 Thread 0x00007fc112964000 Threw 0x00000007d5886308 at /HUDSON/workspace/7u-2-build-macosx-x86_64/jdk7u75/1940/hotspot/src/share/vm/prims/jvm.cpp:1281
Event: 15.724 Thread 0x00007fc112964000 Threw 0x00000007d5891628 at /HUDSON/workspace/7u-2-build-macosx-x86_64/jdk7u75/1940/hotspot/src/share/vm/prims/jvm.cpp:1281
Event: 15.724 Thread 0x00007fc112964000 Threw 0x00000007d58983c0 at /HUDSON/workspace/7u-2-build-macosx-x86_64/jdk7u75/1940/hotspot/src/share/vm/prims/jvm.cpp:1281
Event: 15.732 Thread 0x00007fc112964000 Threw 0x00000007d589aab8 at /HUDSON/workspace/7u-2-build-macosx-x86_64/jdk7u75/1940/hotspot/src/share/vm/prims/jvm.cpp:1281
Event: 15.740 Thread 0x00007fc112964000 Threw 0x00000007d58f6e70 at /HUDSON/workspace/7u-2-build-macosx-x86_64/jdk7u75/1940/hotspot/src/share/vm/prims/jvm.cpp:1281
Event: 15.752 Thread 0x00007fc112964000 Threw 0x00000007d58fa390 at /HUDSON/workspace/7u-2-build-macosx-x86_64/jdk7u75/1940/hotspot/src/share/vm/prims/jvm.cpp:1281

Events (10 events):
Event: 15.724 loading class 0x00007fc111534ef0 done
Event: 15.732 loading class 0x00007fc111532650
Event: 15.732 loading class 0x00007fc111532650 done
Event: 15.740 loading class 0x00007fc111521fc0
Event: 15.740 loading class 0x00007fc111521fc0 done
Event: 15.740 loading class 0x00007fc112047a90
Event: 15.740 loading class 0x00007fc112047a90 done
Event: 15.743 Thread 0x00007fc111855000 flushing nmethod 0x000000010c2bfe90
Event: 15.752 loading class 0x00007fc113dc03b0
Event: 15.752 loading class 0x00007fc113dc03b0 done


Dynamic libraries:
0x0000000004b06000 	/System/Library/Frameworks/Cocoa.framework/Versions/A/Cocoa
0x0000000004b06000 	/System/Library/Frameworks/Security.framework/Versions/A/Security
0x0000000004b06000 	/System/Library/Frameworks/ApplicationServices.framework/Versions/A/ApplicationServices
0x0000000004b06000 	/usr/lib/libz.1.dylib
0x0000000004b06000 	/usr/lib/libSystem.B.dylib
0x0000000004b06000 	/usr/lib/libobjc.A.dylib
0x0000000004b06000 	/System/Library/Frameworks/CoreFoundation.framework/Versions/A/CoreFoundation
0x0000000004b06000 	/System/Library/Frameworks/Foundation.framework/Versions/C/Foundation
0x0000000004b06000 	/System/Library/Frameworks/AppKit.framework/Versions/C/AppKit
0x0000000004b06000 	/System/Library/Frameworks/CoreData.framework/Versions/A/CoreData
0x0000000004b06000 	/System/Library/PrivateFrameworks/RemoteViewServices.framework/Versions/A/RemoteViewServices
0x0000000004b06000 	/System/Library/PrivateFrameworks/UIFoundation.framework/Versions/A/UIFoundation
0x0000000004b06000 	/usr/lib/libScreenReader.dylib
0x0000000004b06000 	/System/Library/Frameworks/Accelerate.framework/Versions/A/Accelerate
0x0000000004b06000 	/System/Library/Frameworks/IOSurface.framework/Versions/A/IOSurface
0x0000000004b06000 	/System/Library/Frameworks/AudioToolbox.framework/Versions/A/AudioToolbox
0x0000000004b06000 	/System/Library/Frameworks/AudioUnit.framework/Versions/A/AudioUnit
0x0000000004b06000 	/System/Library/PrivateFrameworks/DataDetectorsCore.framework/Versions/A/DataDetectorsCore
0x0000000004b06000 	/System/Library/PrivateFrameworks/DesktopServicesPriv.framework/Versions/A/DesktopServicesPriv
0x0000000004b06000 	/System/Library/Frameworks/Carbon.framework/Versions/A/Frameworks/HIToolbox.framework/Versions/A/HIToolbox
0x0000000004b06000 	/System/Library/Frameworks/QuartzCore.framework/Versions/A/QuartzCore
0x0000000004b06000 	/System/Library/Frameworks/Carbon.framework/Versions/A/Frameworks/SpeechRecognition.framework/Versions/A/SpeechRecognition
0x0000000004b06000 	/usr/lib/libauto.dylib
0x0000000004b06000 	/usr/lib/libicucore.A.dylib
0x0000000004b06000 	/usr/lib/libxml2.2.dylib
0x0000000004b06000 	/System/Library/PrivateFrameworks/CoreUI.framework/Versions/A/CoreUI
0x0000000004b06000 	/System/Library/Frameworks/CoreAudio.framework/Versions/A/CoreAudio
0x0000000004b06000 	/System/Library/Frameworks/DiskArbitration.framework/Versions/A/DiskArbitration
0x0000000004b06000 	/usr/lib/liblangid.dylib
0x0000000004b06000 	/System/Library/PrivateFrameworks/MultitouchSupport.framework/Versions/A/MultitouchSupport
0x0000000004b06000 	/System/Library/Frameworks/IOKit.framework/Versions/A/IOKit
0x0000000004b06000 	/usr/lib/libDiagnosticMessagesClient.dylib
0x0000000004b06000 	/System/Library/Frameworks/CoreServices.framework/Versions/A/CoreServices
0x0000000004b06000 	/System/Library/PrivateFrameworks/PerformanceAnalysis.framework/Versions/A/PerformanceAnalysis
0x0000000004b06000 	/System/Library/PrivateFrameworks/GenerationalStorage.framework/Versions/A/GenerationalStorage
0x0000000004b06000 	/System/Library/Frameworks/OpenGL.framework/Versions/A/OpenGL
0x0000000004b06000 	/System/Library/PrivateFrameworks/Sharing.framework/Versions/A/Sharing
0x0000000004b06000 	/System/Library/Frameworks/CoreGraphics.framework/Versions/A/CoreGraphics
0x0000000004b06000 	/System/Library/Frameworks/CoreImage.framework/Versions/A/CoreImage
0x0000000004b06000 	/System/Library/Frameworks/CoreText.framework/Versions/A/CoreText
0x0000000004b06000 	/System/Library/Frameworks/ImageIO.framework/Versions/A/ImageIO
0x0000000004b06000 	/System/Library/PrivateFrameworks/Backup.framework/Versions/A/Backup
0x0000000004b06000 	/usr/lib/libextension.dylib
0x0000000004b06000 	/usr/lib/libarchive.2.dylib
0x0000000004b06000 	/System/Library/Frameworks/CFNetwork.framework/Versions/A/CFNetwork
0x0000000004b06000 	/System/Library/Frameworks/SystemConfiguration.framework/Versions/A/SystemConfiguration
0x0000000004b06000 	/usr/lib/libCRFSuite.dylib
0x0000000004b06000 	/usr/lib/libc++.1.dylib
0x0000000004b06000 	/usr/lib/libc++abi.dylib
0x0000000004b06000 	/usr/lib/system/libcache.dylib
0x0000000004b06000 	/usr/lib/system/libcommonCrypto.dylib
0x0000000004b06000 	/usr/lib/system/libcompiler_rt.dylib
0x0000000004b06000 	/usr/lib/system/libcopyfile.dylib
0x0000000004b06000 	/usr/lib/system/libcorecrypto.dylib
0x0000000004b06000 	/usr/lib/system/libdispatch.dylib
0x0000000004b06000 	/usr/lib/system/libdyld.dylib
0x0000000004b06000 	/usr/lib/system/libkeymgr.dylib
0x0000000004b06000 	/usr/lib/system/liblaunch.dylib
0x0000000004b06000 	/usr/lib/system/libmacho.dylib
0x0000000004b06000 	/usr/lib/system/libquarantine.dylib
0x0000000004b06000 	/usr/lib/system/libremovefile.dylib
0x0000000004b06000 	/usr/lib/system/libsystem_asl.dylib
0x0000000004b06000 	/usr/lib/system/libsystem_blocks.dylib
0x0000000004b06000 	/usr/lib/system/libsystem_c.dylib
0x0000000004b06000 	/usr/lib/system/libsystem_configuration.dylib
0x0000000004b06000 	/usr/lib/system/libsystem_coreservices.dylib
0x0000000004b06000 	/usr/lib/system/libsystem_coretls.dylib
0x0000000004b06000 	/usr/lib/system/libsystem_dnssd.dylib
0x0000000004b06000 	/usr/lib/system/libsystem_info.dylib
0x0000000004b06000 	/usr/lib/system/libsystem_kernel.dylib
0x0000000004b06000 	/usr/lib/system/libsystem_m.dylib
0x0000000004b06000 	/usr/lib/system/libsystem_malloc.dylib
0x0000000004b06000 	/usr/lib/system/libsystem_network.dylib
0x0000000004b06000 	/usr/lib/system/libsystem_networkextension.dylib
0x0000000004b06000 	/usr/lib/system/libsystem_notify.dylib
0x0000000004b06000 	/usr/lib/system/libsystem_platform.dylib
0x0000000004b06000 	/usr/lib/system/libsystem_pthread.dylib
0x0000000004b06000 	/usr/lib/system/libsystem_sandbox.dylib
0x0000000004b06000 	/usr/lib/system/libsystem_secinit.dylib
0x0000000004b06000 	/usr/lib/system/libsystem_trace.dylib
0x0000000004b06000 	/usr/lib/system/libunc.dylib
0x0000000004b06000 	/usr/lib/system/libunwind.dylib
0x0000000004b06000 	/usr/lib/system/libxpc.dylib
0x0000000004b06000 	/usr/lib/libenergytrace.dylib
0x0000000004b06000 	/usr/lib/libbsm.0.dylib
0x0000000004b06000 	/usr/lib/system/libkxld.dylib
0x0000000004b06000 	/usr/lib/libxar.1.dylib
0x0000000004b06000 	/usr/lib/libsqlite3.dylib
0x0000000004b06000 	/usr/lib/libpam.2.dylib
0x0000000004b06000 	/usr/lib/libOpenScriptingUtil.dylib
0x0000000004b06000 	/usr/lib/libbz2.1.0.dylib
0x0000000004b06000 	/usr/lib/liblzma.5.dylib
0x0000000004b06000 	/System/Library/Frameworks/CoreServices.framework/Versions/A/Frameworks/FSEvents.framework/Versions/A/FSEvents
0x0000000004b06000 	/System/Library/Frameworks/CoreServices.framework/Versions/A/Frameworks/CarbonCore.framework/Versions/A/CarbonCore
0x0000000004b06000 	/System/Library/Frameworks/CoreServices.framework/Versions/A/Frameworks/Metadata.framework/Versions/A/Metadata
0x0000000004b06000 	/System/Library/Frameworks/CoreServices.framework/Versions/A/Frameworks/OSServices.framework/Versions/A/OSServices
0x0000000004b06000 	/System/Library/Frameworks/CoreServices.framework/Versions/A/Frameworks/SearchKit.framework/Versions/A/SearchKit
0x0000000004b06000 	/System/Library/Frameworks/CoreServices.framework/Versions/A/Frameworks/AE.framework/Versions/A/AE
0x0000000004b06000 	/System/Library/Frameworks/CoreServices.framework/Versions/A/Frameworks/LaunchServices.framework/Versions/A/LaunchServices
0x0000000004b06000 	/System/Library/Frameworks/CoreServices.framework/Versions/A/Frameworks/DictionaryServices.framework/Versions/A/DictionaryServices
0x0000000004b06000 	/System/Library/Frameworks/CoreServices.framework/Versions/A/Frameworks/SharedFileList.framework/Versions/A/SharedFileList
0x0000000004b06000 	/System/Library/Frameworks/NetFS.framework/Versions/A/NetFS
0x0000000004b06000 	/System/Library/PrivateFrameworks/NetAuth.framework/Versions/A/NetAuth
0x0000000004b06000 	/System/Library/PrivateFrameworks/login.framework/Versions/A/Frameworks/loginsupport.framework/Versions/A/loginsupport
0x0000000004b06000 	/System/Library/PrivateFrameworks/TCC.framework/Versions/A/TCC
0x0000000004b06000 	/usr/lib/libmecabra.dylib
0x0000000004b06000 	/System/Library/Frameworks/ApplicationServices.framework/Versions/A/Frameworks/ATS.framework/Versions/A/ATS
0x0000000004b06000 	/System/Library/Frameworks/ApplicationServices.framework/Versions/A/Frameworks/ColorSync.framework/Versions/A/ColorSync
0x0000000004b06000 	/System/Library/Frameworks/ApplicationServices.framework/Versions/A/Frameworks/HIServices.framework/Versions/A/HIServices
0x0000000004b06000 	/System/Library/Frameworks/ApplicationServices.framework/Versions/A/Frameworks/LangAnalysis.framework/Versions/A/LangAnalysis
0x0000000004b06000 	/System/Library/Frameworks/ApplicationServices.framework/Versions/A/Frameworks/PrintCore.framework/Versions/A/PrintCore
0x0000000004b06000 	/System/Library/Frameworks/ApplicationServices.framework/Versions/A/Frameworks/QD.framework/Versions/A/QD
0x0000000004b06000 	/System/Library/Frameworks/ApplicationServices.framework/Versions/A/Frameworks/SpeechSynthesis.framework/Versions/A/SpeechSynthesis
0x0000000004b06000 	/System/Library/Frameworks/Metal.framework/Versions/A/Metal
0x0000000004b06000 	/System/Library/Frameworks/Accelerate.framework/Versions/A/Frameworks/vImage.framework/Versions/A/vImage
0x0000000004b06000 	/System/Library/Frameworks/Accelerate.framework/Versions/A/Frameworks/vecLib.framework/Versions/A/vecLib
0x0000000004b06000 	/System/Library/Frameworks/Accelerate.framework/Versions/A/Frameworks/vecLib.framework/Versions/A/libvDSP.dylib
0x0000000004b06000 	/System/Library/Frameworks/Accelerate.framework/Versions/A/Frameworks/vecLib.framework/Versions/A/libvMisc.dylib
0x0000000004b06000 	/System/Library/Frameworks/Accelerate.framework/Versions/A/Frameworks/vecLib.framework/Versions/A/libLAPACK.dylib
0x0000000004b06000 	/System/Library/Frameworks/Accelerate.framework/Versions/A/Frameworks/vecLib.framework/Versions/A/libBLAS.dylib
0x0000000004b06000 	/System/Library/Frameworks/Accelerate.framework/Versions/A/Frameworks/vecLib.framework/Versions/A/libLinearAlgebra.dylib
0x0000000004b06000 	/System/Library/Frameworks/Accelerate.framework/Versions/A/Frameworks/vecLib.framework/Versions/A/libSparseBLAS.dylib
0x0000000004b06000 	/System/Library/PrivateFrameworks/GPUCompiler.framework/libmetal_timestamp.dylib
0x0000000004b06000 	/System/Library/Frameworks/OpenGL.framework/Versions/A/Libraries/libCoreFSCache.dylib
0x0000000004b06000 	/System/Library/PrivateFrameworks/IOAccelerator.framework/Versions/A/IOAccelerator
0x0000000004b06000 	/System/Library/Frameworks/ApplicationServices.framework/Versions/A/Frameworks/ATS.framework/Versions/A/Resources/libFontParser.dylib
0x0000000004b06000 	/System/Library/Frameworks/ApplicationServices.framework/Versions/A/Frameworks/ATS.framework/Versions/A/Resources/libFontRegistry.dylib
0x0000000004b06000 	/System/Library/PrivateFrameworks/AppleVPA.framework/Versions/A/AppleVPA
0x0000000004b06000 	/System/Library/PrivateFrameworks/AppleJPEG.framework/Versions/A/AppleJPEG
0x0000000004b06000 	/System/Library/Frameworks/ImageIO.framework/Versions/A/Resources/libJPEG.dylib
0x0000000004b06000 	/System/Library/Frameworks/ImageIO.framework/Versions/A/Resources/libTIFF.dylib
0x0000000004b06000 	/System/Library/Frameworks/ImageIO.framework/Versions/A/Resources/libPng.dylib
0x0000000004b06000 	/System/Library/Frameworks/ImageIO.framework/Versions/A/Resources/libGIF.dylib
0x0000000004b06000 	/System/Library/Frameworks/ImageIO.framework/Versions/A/Resources/libJP2.dylib
0x0000000004b06000 	/System/Library/Frameworks/ImageIO.framework/Versions/A/Resources/libRadiance.dylib
0x0000000004b06000 	/System/Library/Frameworks/CoreVideo.framework/Versions/A/CoreVideo
0x0000000004b06000 	/System/Library/Frameworks/OpenGL.framework/Versions/A/Libraries/libGLU.dylib
0x0000000004b06000 	/System/Library/Frameworks/OpenGL.framework/Versions/A/Libraries/libGFXShared.dylib
0x0000000004b06000 	/System/Library/Frameworks/OpenGL.framework/Versions/A/Libraries/libGL.dylib
0x0000000004b06000 	/System/Library/Frameworks/OpenGL.framework/Versions/A/Libraries/libGLImage.dylib
0x0000000004b06000 	/System/Library/Frameworks/OpenGL.framework/Versions/A/Libraries/libCVMSPluginSupport.dylib
0x0000000004b06000 	/System/Library/Frameworks/OpenGL.framework/Versions/A/Libraries/libCoreVMClient.dylib
0x0000000004b06000 	/usr/lib/libcups.2.dylib
0x0000000004b06000 	/System/Library/Frameworks/Kerberos.framework/Versions/A/Kerberos
0x0000000004b06000 	/System/Library/Frameworks/GSS.framework/Versions/A/GSS
0x0000000004b06000 	/usr/lib/libresolv.9.dylib
0x0000000004b06000 	/usr/lib/libiconv.2.dylib
0x0000000004b06000 	/System/Library/PrivateFrameworks/Heimdal.framework/Versions/A/Heimdal
0x0000000004b06000 	/usr/lib/libheimdal-asn1.dylib
0x0000000004b06000 	/System/Library/Frameworks/OpenDirectory.framework/Versions/A/OpenDirectory
0x0000000004b06000 	/System/Library/PrivateFrameworks/CommonAuth.framework/Versions/A/CommonAuth
0x0000000004b06000 	/System/Library/Frameworks/OpenDirectory.framework/Versions/A/Frameworks/CFOpenDirectory.framework/Versions/A/CFOpenDirectory
0x0000000004b06000 	/System/Library/Frameworks/SecurityFoundation.framework/Versions/A/SecurityFoundation
0x0000000004b06000 	/System/Library/PrivateFrameworks/LanguageModeling.framework/Versions/A/LanguageModeling
0x0000000004b06000 	/usr/lib/libmarisa.dylib
0x0000000004b06000 	/usr/lib/libChineseTokenizer.dylib
0x0000000004b06000 	/usr/lib/libcmph.dylib
0x0000000004b06000 	/usr/lib/libcompression.dylib
0x0000000004b06000 	/System/Library/Frameworks/ServiceManagement.framework/Versions/A/ServiceManagement
0x0000000004b06000 	/usr/lib/libxslt.1.dylib
0x0000000004b06000 	/System/Library/Frameworks/Carbon.framework/Versions/A/Frameworks/Ink.framework/Versions/A/Ink
0x0000000004b06000 	/usr/lib/libFosl_dynamic.dylib
0x0000000004b06000 	/System/Library/PrivateFrameworks/FaceCore.framework/Versions/A/FaceCore
0x0000000004b06000 	/System/Library/Frameworks/OpenCL.framework/Versions/A/OpenCL
0x0000000004b06000 	/System/Library/PrivateFrameworks/CrashReporterSupport.framework/Versions/A/CrashReporterSupport
0x0000000004b06000 	/System/Library/PrivateFrameworks/IconServices.framework/Versions/A/IconServices
0x0000000004b06000 	/System/Library/PrivateFrameworks/Apple80211.framework/Versions/A/Apple80211
0x0000000004b06000 	/System/Library/Frameworks/CoreWLAN.framework/Versions/A/CoreWLAN
0x0000000004b06000 	/System/Library/Frameworks/IOBluetooth.framework/Versions/A/IOBluetooth
0x0000000004b06000 	/System/Library/PrivateFrameworks/CoreWiFi.framework/Versions/A/CoreWiFi
0x0000000004b06000 	/System/Library/Frameworks/CoreBluetooth.framework/Versions/A/CoreBluetooth
0x0000000004b06000 	/System/Library/PrivateFrameworks/ChunkingLibrary.framework/Versions/A/ChunkingLibrary
0x0000000004b06000 	/System/Library/PrivateFrameworks/DebugSymbols.framework/Versions/A/DebugSymbols
0x0000000004b06000 	/System/Library/PrivateFrameworks/CoreSymbolication.framework/Versions/A/CoreSymbolication
0x0000000004b06000 	/System/Library/PrivateFrameworks/Symbolication.framework/Versions/A/Symbolication
0x0000000004b06000 	/System/Library/PrivateFrameworks/SpeechRecognitionCore.framework/Versions/A/SpeechRecognitionCore
0x000000010b800000 	/Library/Java/JavaVirtualMachines/jdk1.7.0_75.jdk/Contents/Home/jre/lib/server/libjvm.dylib
0x0000000004b06000 	/usr/lib/libstdc++.6.dylib
0x000000010af6c000 	/Library/Java/JavaVirtualMachines/jdk1.7.0_75.jdk/Contents/Home/jre/lib/libverify.dylib
0x000000010af79000 	/Library/Java/JavaVirtualMachines/jdk1.7.0_75.jdk/Contents/Home/jre/lib/libjava.dylib
0x000000010afaa000 	/Library/Java/JavaVirtualMachines/jdk1.7.0_75.jdk/Contents/Home/jre/lib/libjdwp.dylib
0x000000010afe7000 	/Library/Java/JavaVirtualMachines/jdk1.7.0_75.jdk/Contents/Home/jre/lib/libnpt.dylib
0x000000010aff4000 	/Library/Java/JavaVirtualMachines/jdk1.7.0_75.jdk/Contents/Home/jre/lib/libzip.dylib
0x00000001153b9000 	/System/Library/Frameworks/JavaVM.framework/Frameworks/JavaRuntimeSupport.framework/JavaRuntimeSupport
0x00000001153d4000 	/System/Library/Frameworks/JavaVM.framework/Versions/A/Frameworks/JavaNativeFoundation.framework/Versions/A/JavaNativeFoundation
0x00000001153e9000 	/System/Library/Frameworks/JavaVM.framework/Versions/A/JavaVM
0x0000000004b06000 	/System/Library/Frameworks/Carbon.framework/Versions/A/Carbon
0x00000001153f6000 	/System/Library/PrivateFrameworks/JavaLaunching.framework/Versions/A/JavaLaunching
0x0000000004b06000 	/System/Library/Frameworks/Carbon.framework/Versions/A/Frameworks/CommonPanels.framework/Versions/A/CommonPanels
0x0000000004b06000 	/System/Library/Frameworks/Carbon.framework/Versions/A/Frameworks/Help.framework/Versions/A/Help
0x0000000004b06000 	/System/Library/Frameworks/Carbon.framework/Versions/A/Frameworks/ImageCapture.framework/Versions/A/ImageCapture
0x0000000004b06000 	/System/Library/Frameworks/Carbon.framework/Versions/A/Frameworks/OpenScripting.framework/Versions/A/OpenScripting
0x0000000004b06000 	/System/Library/Frameworks/Carbon.framework/Versions/A/Frameworks/Print.framework/Versions/A/Print
0x0000000004b06000 	/System/Library/Frameworks/Carbon.framework/Versions/A/Frameworks/SecurityHI.framework/Versions/A/SecurityHI
0x0000000116d19000 	/Library/Java/JavaVirtualMachines/jdk1.7.0_75.jdk/Contents/Home/jre/lib/libdt_socket.dylib
0x00000001172d2000 	/Library/Java/JavaVirtualMachines/jdk1.7.0_75.jdk/Contents/Home/jre/lib/libawt.dylib
0x0000000117381000 	/Library/Java/JavaVirtualMachines/jdk1.7.0_75.jdk/Contents/Home/jre/lib/./libmlib_image.dylib
0x000000011744d000 	/Library/Java/JavaVirtualMachines/jdk1.7.0_75.jdk/Contents/Home/jre/lib/lwawt/liblwawt.dylib
0x0000000116dfa000 	/Library/Java/JavaVirtualMachines/jdk1.7.0_75.jdk/Contents/Home/jre/lib/libosxapp.dylib
0x0000000004b06000 	/System/Library/Frameworks/ExceptionHandling.framework/Versions/A/ExceptionHandling
0x0000000004b06000 	/System/Library/PrivateFrameworks/CoreServicesInternal.framework/Versions/A/CoreServicesInternal
0x0000000004b06000 	/System/Library/Frameworks/CoreGraphics.framework/Versions/A/Resources/libRIP.A.dylib
0x0000000004b06000 	/System/Library/Frameworks/Accelerate.framework/Versions/A/Frameworks/vImage.framework/Versions/A/Libraries/libCGInterfaces.dylib
0x0000000004b06000 	/System/Library/Frameworks/CoreGraphics.framework/Versions/A/Resources/libCGXType.A.dylib
0x0000000004b06000 	/System/Library/Frameworks/OpenCL.framework/Versions/A/Libraries/libcldcpuengine.dylib
0x0000000004b06000 	/System/Library/PrivateFrameworks/DiskImages.framework/Versions/A/DiskImages
0x0000000004b06000 	/System/Library/Frameworks/DiscRecording.framework/Versions/A/DiscRecording
0x0000000004b06000 	/usr/lib/libcsfde.dylib
0x0000000004b06000 	/usr/lib/libcurl.4.dylib
0x0000000004b06000 	/System/Library/PrivateFrameworks/MediaKit.framework/Versions/A/MediaKit
0x0000000004b06000 	/System/Library/PrivateFrameworks/ProtectedCloudStorage.framework/Versions/A/ProtectedCloudStorage
0x0000000004b06000 	/usr/lib/libCoreStorage.dylib
0x0000000004b06000 	/System/Library/PrivateFrameworks/EFILogin.framework/Versions/A/EFILogin
0x0000000004b06000 	/usr/lib/libutil.dylib
0x0000000004b06000 	/System/Library/PrivateFrameworks/FindMyDevice.framework/Versions/A/FindMyDevice
0x0000000004b06000 	/System/Library/Frameworks/LDAP.framework/Versions/A/LDAP
0x0000000004b06000 	/usr/lib/libsasl2.2.dylib
0x0000000004b06000 	/System/Library/PrivateFrameworks/CoreDaemon.framework/Versions/B/CoreDaemon
0x0000000004b06000 	/usr/lib/libcrypto.0.9.8.dylib
0x0000000004b06000 	/System/Library/PrivateFrameworks/AppleSRP.framework/Versions/A/AppleSRP
0x0000000004b06000 	/System/Library/PrivateFrameworks/TrustEvaluationAgent.framework/Versions/A/TrustEvaluationAgent
0x0000000116d7a000 	cl_kernels
0x0000000004b06000 	/System/Library/Frameworks/OpenCL.framework/Versions/A/Libraries/ImageFormats/unorm8_bgra.dylib
0x0000000004b06000 	/System/Library/Frameworks/OpenCL.framework/Versions/A/Libraries/ImageFormats/unorm8_rgba.dylib
0x0000000004b06000 	/System/Library/PrivateFrameworks/FamilyControls.framework/Versions/A/FamilyControls
0x0000000004b06000 	/System/Library/PrivateFrameworks/CommerceKit.framework/Versions/A/Frameworks/CommerceCore.framework/Versions/A/CommerceCore
0x0000000004b06000 	/System/Library/PrivateFrameworks/SystemAdministration.framework/Versions/A/SystemAdministration
0x0000000004b06000 	/System/Library/PrivateFrameworks/AppContainer.framework/Versions/A/AppContainer
0x0000000004b06000 	/System/Library/PrivateFrameworks/SecCodeWrapper.framework/Versions/A/SecCodeWrapper
0x0000000004b06000 	/System/Library/Frameworks/DirectoryService.framework/Versions/A/DirectoryService
0x0000000004b06000 	/System/Library/PrivateFrameworks/LoginUIKit.framework/Versions/A/Frameworks/LoginUICore.framework/Versions/A/LoginUICore
0x0000000004b06000 	/usr/lib/libodfde.dylib
0x0000000004b06000 	/System/Library/Frameworks/OpenGL.framework/Versions/A/Resources/GLEngine.bundle/GLEngine
0x0000000004b06000 	/System/Library/Frameworks/OpenGL.framework/Versions/A/Libraries/libGLProgrammability.dylib
0x0000000119fde000 	/System/Library/Extensions/AppleIntelHD3000GraphicsGLDriver.bundle/Contents/MacOS/AppleIntelHD3000GraphicsGLDriver
0x0000000004b06000 	/System/Library/PrivateFrameworks/GPUSupport.framework/Versions/A/Libraries/libGPUSupport.dylib
0x0000000004b06000 	/System/Library/Frameworks/OpenGL.framework/Versions/A/Resources/GLRendererFloat.bundle/GLRendererFloat
0x000000011a781000 	/Library/Java/JavaVirtualMachines/jdk1.7.0_75.jdk/Contents/Home/jre/lib/libfontmanager.dylib
0x0000000117090000 	/Library/Java/JavaVirtualMachines/jdk1.7.0_75.jdk/Contents/Home/jre/lib/libosxui.dylib
0x000000011b3b7000 	/Library/Java/JavaVirtualMachines/jdk1.7.0_75.jdk/Contents/Home/jre/lib/libnet.dylib
0x000000011b3cd000 	/Library/Java/JavaVirtualMachines/jdk1.7.0_75.jdk/Contents/Home/jre/lib/libnio.dylib
0x000000011b3dc000 	/private/var/folders/8b/2cfz93zx499f0wt0w3g1g_jr0000gn/T/jogamp_0000/file_cache/jln7914227225225487764/jln8340804295918014081/libgluegen-rt.jnilib
0x000000011b3e0000 	/private/var/folders/8b/2cfz93zx499f0wt0w3g1g_jr0000gn/T/jogamp_0000/file_cache/jln7914227225225487764/jln8340804295918014081/libnativewindow_awt.jnilib
0x000000011b3e4000 	/Library/Java/JavaVirtualMachines/jdk1.7.0_75.jdk/Contents/Home/jre/lib/libjawt.dylib
0x000000011b3e7000 	/private/var/folders/8b/2cfz93zx499f0wt0w3g1g_jr0000gn/T/jogamp_0000/file_cache/jln7914227225225487764/jln8340804295918014081/libnativewindow_macosx.jnilib
0x000000011b3f5000 	/private/var/folders/8b/2cfz93zx499f0wt0w3g1g_jr0000gn/T/jogamp_0000/file_cache/jln7914227225225487764/jln8340804295918014081/libjogl_desktop.jnilib

VM Arguments:
jvm_args: -agentlib:jdwp=transport=dt_socket,suspend=y,address=localhost:57332 -Dfile.encoding=UTF-8 
java_command: assignment3.Assignment3
Launcher Type: SUN_STANDARD

Environment Variables:
PATH=/usr/bin:/bin:/usr/sbin:/sbin
SHELL=/bin/zsh

Signal Handlers:
SIGSEGV: [libjvm.dylib+0x52d20d], sa_mask[0]=0xfffefeff, sa_flags=0x00000043
SIGBUS: [libjvm.dylib+0x52d20d], sa_mask[0]=0xfffefeff, sa_flags=0x00000042
SIGFPE: [libjvm.dylib+0x41ee7a], sa_mask[0]=0xfffefeff, sa_flags=0x00000042
SIGPIPE: [libjvm.dylib+0x41ee7a], sa_mask[0]=0xfffefeff, sa_flags=0x00000042
SIGXFSZ: [libjvm.dylib+0x41ee7a], sa_mask[0]=0xfffefeff, sa_flags=0x00000042
SIGILL: [libjvm.dylib+0x41ee7a], sa_mask[0]=0xfffefeff, sa_flags=0x00000042
SIGUSR1: SIG_DFL, sa_mask[0]=0x00000000, sa_flags=0x00000000
SIGUSR2: [libjvm.dylib+0x41e96c], sa_mask[0]=0x00000004, sa_flags=0x00000042
SIGHUP: [libjvm.dylib+0x41cbfd], sa_mask[0]=0xfffefeff, sa_flags=0x00000042
SIGINT: [libjvm.dylib+0x41cbfd], sa_mask[0]=0xfffefeff, sa_flags=0x00000042
SIGTERM: [libjvm.dylib+0x41cbfd], sa_mask[0]=0xfffefeff, sa_flags=0x00000042
SIGQUIT: [libjvm.dylib+0x41cbfd], sa_mask[0]=0xfffefeff, sa_flags=0x00000042


---------------  S Y S T E M  ---------------

OS:Bsduname:Darwin 15.0.0 Darwin Kernel Version 15.0.0: Wed Aug 26 16:57:32 PDT 2015; root:xnu-3247.1.106~1/RELEASE_X86_64 x86_64
rlimit: STACK 8192k, CORE 0k, NPROC 709, NOFILE 10240, AS infinity
load average:1.26 1.23 1.26

CPU:total 4 (2 cores per cpu, 2 threads per core) family 6 model 42 stepping 7, cmov, cx8, fxsr, mmx, sse, sse2, sse3, ssse3, sse4.1, sse4.2, popcnt, avx, aes, ht, tsc, tscinvbit

Memory: 4k page, physical 8388608k(2097152k free)

/proc/meminfo:


vm_info: Java HotSpot(TM) 64-Bit Server VM (24.75-b04) for bsd-amd64 JRE (1.7.0_75-b13), built on Dec 18 2014 21:48:12 by "java_re" with gcc 4.2.1 (Based on Apple Inc. build 5658) (LLVM build 2336.11.00)

time: Mon Oct 12 23:59:37 2015
elapsed time: 15 seconds

