#
# A fatal error has been detected by the Java Runtime Environment:
#
#  SIGSEGV (0xb) at pc=0x00000001155aa44d, pid=965, tid=4611
#
# JRE version: Java(TM) SE Runtime Environment (7.0_75-b13) (build 1.7.0_75-b13)
# Java VM: Java HotSpot(TM) 64-Bit Server VM (24.75-b04 mixed mode bsd-amd64 compressed oops)
# Problematic frame:
# C  [AppleIntelHD3000GraphicsGLDriver+0x30e44d]  glrBindContextDrawFramebuffer+0x8d0
#
# Failed to write core dump. Core dumps have been disabled. To enable core dumping, try "ulimit -c unlimited" before starting Java again
#
# If you would like to submit a bug report, please visit:
#   http://bugreport.sun.com/bugreport/crash.jsp
#

---------------  T H R E A D  ---------------

Current thread is native thread

siginfo:si_signo=SIGSEGV: si_errno=0, si_code=1 (SEGV_MAPERR), si_addr=0x0000000000000000

Registers:
RAX=0x0000000116bb3040, RBX=0x0000000000000000, RCX=0x0000000116bb3040, RDX=0x00007f99fb46d5d0
RSP=0x0000700000116c70, RBP=0x0000700000116da0, RSI=0x0000000000000000, RDI=0x00007f99f8f2b160
R8 =0x00007f99fb00a8f0, R9 =0x0000000000000002, R10=0x0000000000000121, R11=0x00007f99fb2052a0
R12=0x00007f99faf96200, R13=0x00007f99faf96200, R14=0x00007f99f8f2b160, R15=0x0000000000000000
RIP=0x00000001155aa44d, EFLAGS=0x0000000000010246, ERR=0x0000000000000004
  TRAPNO=0x000000000000000e

Top of Stack: (sp=0x0000700000116c70)
0x0000700000116c70:   0000700000116d10 00007fff9ae69ddc
0x0000700000116c80:   0000700000116ce0 00007fff9ba3c620
0x0000700000116c90:   00000000000006c9 00007fff7b004b00
0x0000700000116ca0:   ffff806600000007 00007f99fb46c860
0x0000700000116cb0:   00007f99fb4fc080 00007f99fb46c900
0x0000700000116cc0:   000000010636fe00 0000000000000023
0x0000700000116cd0:   0000000000000000 00007f99fb200000
0x0000700000116ce0:   00007f99fb212390 0000000000000000
0x0000700000116cf0:   0000700000116da0 00007fff9ae6cbcc
0x0000700000116d00:   00007f99f8f0afd0 0000000000000000
0x0000700000116d10:   00007f99fb212468 0000000000000125
0x0000700000116d20:   0000000000000040 00007f99fb200000
0x0000700000116d30:   00007f99fb212160 00007f99fb2fc080
0x0000700000116d40:   0000000000000082 00000000000000d0
0x0000700000116d50:   00007f99fb200000 0000000000000000
0x0000700000116d60:   0000000000000000 00007fff00000030
0x0000700000116d70:   000000010636b000 00007f99faf96200
0x0000700000116d80:   0000000000000028 00007f99fb8b53a0
0x0000700000116d90:   00007f99fb46d5d0 00007f99fb00fce0
0x0000700000116da0:   0000700000116dc0 00007fff8b4ab421
0x0000700000116db0:   0000000000000000 00007f99fb8aa400
0x0000700000116dc0:   0000700000116e00 00000001151cd06d
0x0000700000116dd0:   00007f99fb00fce0 0000000000000003
0x0000700000116de0:   0000000116d204e8 0000000000000000
0x0000700000116df0:   00007f99fb8aa400 0000000000000001
0x0000700000116e00:   0000700000116e40 000000011510935b
0x0000700000116e10:   0000000000000000 0000000116d204e0
0x0000700000116e20:   00007fff7873f100 00007fff7873f140
0x0000700000116e30:   00007f99faf92400 0000000000000000
0x0000700000116e40:   0000700000116e60 00007fff95cd3778
0x0000700000116e50:   0000000106805140 00007fff7873f138
0x0000700000116e60:   0000700000116e80 00007fff8a8ff3c3 

Instructions: (pc=0x00000001155aa44d)
0x00000001155aa42d:   89 df e8 99 82 d1 ff f6 43 52 10 49 89 dd 74 0b
0x00000001155aa43d:   49 8b 7c 24 38 48 8b 07 ff 50 10 31 db 4d 89 ec
0x00000001155aa44d:   49 8b 07 31 f6 4c 89 ff 89 da ff 90 70 01 00 00
0x00000001155aa45d:   49 8b b4 dc 50 21 00 00 48 85 f6 74 08 4c 89 e7 

Register to memory mapping:

RAX=0x0000000116bb3040 is an unknown value
RBX=0x0000000000000000 is an unknown value
RCX=0x0000000116bb3040 is an unknown value
RDX=0x00007f99fb46d5d0 is an unknown value
RSP=0x0000700000116c70 is an unknown value
RBP=0x0000700000116da0 is an unknown value
RSI=0x0000000000000000 is an unknown value
RDI=0x00007f99f8f2b160 is an unknown value
R8 =0x00007f99fb00a8f0 is an unknown value
R9 =0x0000000000000002 is an unknown value
R10=0x0000000000000121 is an unknown value
R11=0x00007f99fb2052a0 is an unknown value
R12=0x00007f99faf96200 is an unknown value
R13=0x00007f99faf96200 is an unknown value
R14=0x00007f99f8f2b160 is an unknown value
R15=0x0000000000000000 is an unknown value


Stack: [0x0000700000097000,0x0000700000117000],  sp=0x0000700000116c70,  free space=511k
Native frames: (J=compiled Java code, j=interpreted, Vv=VM code, C=native code)
C  [AppleIntelHD3000GraphicsGLDriver+0x30e44d]  glrBindContextDrawFramebuffer+0x8d0
C  [libGPUSupport.dylib+0x4421]  gldUnbindFramebuffer+0x22
C  [GLEngine+0x11906d]  gleUnbindAndFreeFramebufferObject+0x6c
C  [GLEngine+0x5535b]  glDeleteFramebuffersEXT_Exec+0x104
C  [QuartzCore+0x8f778]  CA::(anonymous namespace)::AsyncDeletion::callback(void*)+0x2e
C  [libdispatch.dylib+0x23c3]  _dispatch_client_callout+0x8
C  [libdispatch.dylib+0x6253]  _dispatch_root_queue_drain+0x762
C  [libdispatch.dylib+0x5ab8]  _dispatch_worker_thread3+0x5b
C  [libsystem_pthread.dylib+0x34f2]  _pthread_wqthread+0x469
C  [libsystem_pthread.dylib+0x1375]  start_wqthread+0xd


---------------  P R O C E S S  ---------------

VM state:not at safepoint (normal execution)

VM Mutex/Monitor currently owned by a thread: None

Heap
 PSYoungGen      total 38912K, used 30175K [0x00000007d5500000, 0x00000007d8000000, 0x0000000800000000)
  eden space 33792K, 89% used [0x00000007d5500000,0x00000007d7277cf0,0x00000007d7600000)
  from space 5120K, 0% used [0x00000007d7b00000,0x00000007d7b00000,0x00000007d8000000)
  to   space 5120K, 0% used [0x00000007d7600000,0x00000007d7600000,0x00000007d7b00000)
 ParOldGen       total 87040K, used 0K [0x0000000780000000, 0x0000000785500000, 0x00000007d5500000)
  object space 87040K, 0% used [0x0000000780000000,0x0000000780000000,0x0000000785500000)
 PSPermGen       total 21504K, used 15504K [0x000000077ae00000, 0x000000077c300000, 0x0000000780000000)
  object space 21504K, 72% used [0x000000077ae00000,0x000000077bd242a8,0x000000077c300000)

Card table byte_map: [0x000000010a7d8000,0x000000010ac02000] byte_map_base: 0x0000000106c01000

Polling page: 0x00000001063dc000

Code Cache  [0x0000000107718000, 0x0000000107988000, 0x000000010a718000)
 total_blobs=795 nmethods=62 adapters=687 free_code_cache=48319Kb largest_free_block=49472256

Compilation events (10 events):
Event: 1.904 Thread 0x00007f99fa02a000   57             sun.font.Font2D::setStyle (114 bytes)
Event: 1.906 Thread 0x00007f99fa028800   58             java.lang.StringBuilder::toString (17 bytes)
Event: 1.907 Thread 0x00007f99fa02a000 nmethod 57 0x00000001077e2210 code [0x00000001077e2380, 0x00000001077e2958]
Event: 1.908 Thread 0x00007f99fa028800 nmethod 58 0x00000001077e66d0 code [0x00000001077e6820, 0x00000001077e6b18]
Event: 1.924 Thread 0x00007f99fa02a000   59             java.lang.StringBuilder::<init> (7 bytes)
Event: 1.926 Thread 0x00007f99fa02a000 nmethod 59 0x00000001077e3010 code [0x00000001077e3160, 0x00000001077e3258]
Event: 1.941 Thread 0x00007f99fa028800   60             java.util.Arrays::binarySearch0 (95 bytes)
Event: 1.942 Thread 0x00007f99fa02a000   61             sun.java2d.loops.GraphicsPrimitiveMgr$2::compare (39 bytes)
Event: 1.943 Thread 0x00007f99fa02a000 nmethod 61 0x00000001077e4290 code [0x00000001077e43e0, 0x00000001077e44d8]
Event: 1.944 Thread 0x00007f99fa028800 nmethod 60 0x00000001077e3d90 code [0x00000001077e3ee0, 0x00000001077e4098]

GC Heap History (0 events):
No events

Deoptimization events (0 events):
No events

Internal exceptions (10 events):
Event: 2.032 Thread 0x00007f99f9946800 Threw 0x00000007d710a570 at /HUDSON/workspace/7u-2-build-macosx-x86_64/jdk7u75/1940/hotspot/src/share/vm/prims/jvm.cpp:1281
Event: 2.033 Thread 0x00007f99f9946800 Threw 0x00000007d7115730 at /HUDSON/workspace/7u-2-build-macosx-x86_64/jdk7u75/1940/hotspot/src/share/vm/prims/jvm.cpp:1281
Event: 2.033 Thread 0x00007f99f9946800 Threw 0x00000007d711c4c8 at /HUDSON/workspace/7u-2-build-macosx-x86_64/jdk7u75/1940/hotspot/src/share/vm/prims/jvm.cpp:1281
Event: 2.039 Thread 0x00007f99f9946800 Threw 0x00000007d711ebc0 at /HUDSON/workspace/7u-2-build-macosx-x86_64/jdk7u75/1940/hotspot/src/share/vm/prims/jvm.cpp:1281
Event: 2.047 Thread 0x00007f99f9946800 Threw 0x00000007d71c1b80 at /HUDSON/workspace/7u-2-build-macosx-x86_64/jdk7u75/1940/hotspot/src/share/vm/prims/jvm.cpp:1281
Event: 2.077 Thread 0x00007f99fa81a800 Threw 0x00000007d572a080 at /HUDSON/workspace/7u-2-build-macosx-x86_64/jdk7u75/1940/hotspot/src/share/vm/prims/jvm.cpp:1281
Event: 3.081 Thread 0x00007f99f9946800 Threw 0x00000007d71cde58 at /HUDSON/workspace/7u-2-build-macosx-x86_64/jdk7u75/1940/hotspot/src/share/vm/prims/jvm.cpp:1281
Event: 8.826 Thread 0x00007f99f9946800 Threw 0x00000007d71f2740 at /HUDSON/workspace/7u-2-build-macosx-x86_64/jdk7u75/1940/hotspot/src/share/vm/prims/jvm.cpp:1281
Event: 8.836 Thread 0x00007f99f9946800 Threw 0x00000007d71fc578 at /HUDSON/workspace/7u-2-build-macosx-x86_64/jdk7u75/1940/hotspot/src/share/vm/prims/jvm.cpp:1281
Event: 8.847 Thread 0x00007f99fa81a800 Threw 0x00000007d5746c10 at /HUDSON/workspace/7u-2-build-macosx-x86_64/jdk7u75/1940/hotspot/src/share/vm/prims/jvm.cpp:1281

Events (10 events):
Event: 8.847 loading class 0x00007f99f8f71c00
Event: 8.847 loading class 0x00007f99f8f71c00 done
Event: 8.859 loading class 0x00007f99fa053c10
Event: 8.859 loading class 0x00007f99fa053c10 done
Event: 8.859 loading class 0x00007f99f90a1350
Event: 8.859 loading class 0x00007f99f90a1350 done
Event: 8.859 loading class 0x00007f99f90a14d0
Event: 8.860 loading class 0x00007f99f90a14d0 done
Event: 8.860 loading class 0x00007f99fa8082e0
Event: 8.860 loading class 0x00007f99fa8082e0 done


Dynamic libraries:
0x0000000007ff3000 	/System/Library/Frameworks/Cocoa.framework/Versions/A/Cocoa
0x0000000007ff3000 	/System/Library/Frameworks/Security.framework/Versions/A/Security
0x0000000007ff3000 	/System/Library/Frameworks/ApplicationServices.framework/Versions/A/ApplicationServices
0x0000000007ff3000 	/usr/lib/libz.1.dylib
0x0000000007ff3000 	/usr/lib/libSystem.B.dylib
0x0000000007ff3000 	/usr/lib/libobjc.A.dylib
0x0000000007ff3000 	/System/Library/Frameworks/CoreFoundation.framework/Versions/A/CoreFoundation
0x0000000007ff3000 	/System/Library/Frameworks/Foundation.framework/Versions/C/Foundation
0x0000000007ff3000 	/System/Library/Frameworks/AppKit.framework/Versions/C/AppKit
0x0000000007ff3000 	/System/Library/Frameworks/CoreData.framework/Versions/A/CoreData
0x0000000007ff3000 	/System/Library/PrivateFrameworks/RemoteViewServices.framework/Versions/A/RemoteViewServices
0x0000000007ff3000 	/System/Library/PrivateFrameworks/UIFoundation.framework/Versions/A/UIFoundation
0x0000000007ff3000 	/usr/lib/libScreenReader.dylib
0x0000000007ff3000 	/System/Library/Frameworks/Accelerate.framework/Versions/A/Accelerate
0x0000000007ff3000 	/System/Library/Frameworks/IOSurface.framework/Versions/A/IOSurface
0x0000000007ff3000 	/System/Library/Frameworks/AudioToolbox.framework/Versions/A/AudioToolbox
0x0000000007ff3000 	/System/Library/Frameworks/AudioUnit.framework/Versions/A/AudioUnit
0x0000000007ff3000 	/System/Library/PrivateFrameworks/DataDetectorsCore.framework/Versions/A/DataDetectorsCore
0x0000000007ff3000 	/System/Library/PrivateFrameworks/DesktopServicesPriv.framework/Versions/A/DesktopServicesPriv
0x0000000007ff3000 	/System/Library/Frameworks/Carbon.framework/Versions/A/Frameworks/HIToolbox.framework/Versions/A/HIToolbox
0x0000000007ff3000 	/System/Library/Frameworks/QuartzCore.framework/Versions/A/QuartzCore
0x0000000007ff3000 	/System/Library/Frameworks/Carbon.framework/Versions/A/Frameworks/SpeechRecognition.framework/Versions/A/SpeechRecognition
0x0000000007ff3000 	/usr/lib/libauto.dylib
0x0000000007ff3000 	/usr/lib/libicucore.A.dylib
0x0000000007ff3000 	/usr/lib/libxml2.2.dylib
0x0000000007ff3000 	/System/Library/PrivateFrameworks/CoreUI.framework/Versions/A/CoreUI
0x0000000007ff3000 	/System/Library/Frameworks/CoreAudio.framework/Versions/A/CoreAudio
0x0000000007ff3000 	/System/Library/Frameworks/DiskArbitration.framework/Versions/A/DiskArbitration
0x0000000007ff3000 	/usr/lib/liblangid.dylib
0x0000000007ff3000 	/System/Library/PrivateFrameworks/MultitouchSupport.framework/Versions/A/MultitouchSupport
0x0000000007ff3000 	/System/Library/Frameworks/IOKit.framework/Versions/A/IOKit
0x0000000007ff3000 	/usr/lib/libDiagnosticMessagesClient.dylib
0x0000000007ff3000 	/System/Library/Frameworks/CoreServices.framework/Versions/A/CoreServices
0x0000000007ff3000 	/System/Library/PrivateFrameworks/PerformanceAnalysis.framework/Versions/A/PerformanceAnalysis
0x0000000007ff3000 	/System/Library/PrivateFrameworks/GenerationalStorage.framework/Versions/A/GenerationalStorage
0x0000000007ff3000 	/System/Library/Frameworks/OpenGL.framework/Versions/A/OpenGL
0x0000000007ff3000 	/System/Library/PrivateFrameworks/Sharing.framework/Versions/A/Sharing
0x0000000007ff3000 	/System/Library/Frameworks/CoreGraphics.framework/Versions/A/CoreGraphics
0x0000000007ff3000 	/System/Library/Frameworks/CoreImage.framework/Versions/A/CoreImage
0x0000000007ff3000 	/System/Library/Frameworks/CoreText.framework/Versions/A/CoreText
0x0000000007ff3000 	/System/Library/Frameworks/ImageIO.framework/Versions/A/ImageIO
0x0000000007ff3000 	/System/Library/PrivateFrameworks/Backup.framework/Versions/A/Backup
0x0000000007ff3000 	/usr/lib/libextension.dylib
0x0000000007ff3000 	/usr/lib/libarchive.2.dylib
0x0000000007ff3000 	/System/Library/Frameworks/CFNetwork.framework/Versions/A/CFNetwork
0x0000000007ff3000 	/System/Library/Frameworks/SystemConfiguration.framework/Versions/A/SystemConfiguration
0x0000000007ff3000 	/usr/lib/libCRFSuite.dylib
0x0000000007ff3000 	/usr/lib/libc++.1.dylib
0x0000000007ff3000 	/usr/lib/libc++abi.dylib
0x0000000007ff3000 	/usr/lib/system/libcache.dylib
0x0000000007ff3000 	/usr/lib/system/libcommonCrypto.dylib
0x0000000007ff3000 	/usr/lib/system/libcompiler_rt.dylib
0x0000000007ff3000 	/usr/lib/system/libcopyfile.dylib
0x0000000007ff3000 	/usr/lib/system/libcorecrypto.dylib
0x0000000007ff3000 	/usr/lib/system/libdispatch.dylib
0x0000000007ff3000 	/usr/lib/system/libdyld.dylib
0x0000000007ff3000 	/usr/lib/system/libkeymgr.dylib
0x0000000007ff3000 	/usr/lib/system/liblaunch.dylib
0x0000000007ff3000 	/usr/lib/system/libmacho.dylib
0x0000000007ff3000 	/usr/lib/system/libquarantine.dylib
0x0000000007ff3000 	/usr/lib/system/libremovefile.dylib
0x0000000007ff3000 	/usr/lib/system/libsystem_asl.dylib
0x0000000007ff3000 	/usr/lib/system/libsystem_blocks.dylib
0x0000000007ff3000 	/usr/lib/system/libsystem_c.dylib
0x0000000007ff3000 	/usr/lib/system/libsystem_configuration.dylib
0x0000000007ff3000 	/usr/lib/system/libsystem_coreservices.dylib
0x0000000007ff3000 	/usr/lib/system/libsystem_coretls.dylib
0x0000000007ff3000 	/usr/lib/system/libsystem_dnssd.dylib
0x0000000007ff3000 	/usr/lib/system/libsystem_info.dylib
0x0000000007ff3000 	/usr/lib/system/libsystem_kernel.dylib
0x0000000007ff3000 	/usr/lib/system/libsystem_m.dylib
0x0000000007ff3000 	/usr/lib/system/libsystem_malloc.dylib
0x0000000007ff3000 	/usr/lib/system/libsystem_network.dylib
0x0000000007ff3000 	/usr/lib/system/libsystem_networkextension.dylib
0x0000000007ff3000 	/usr/lib/system/libsystem_notify.dylib
0x0000000007ff3000 	/usr/lib/system/libsystem_platform.dylib
0x0000000007ff3000 	/usr/lib/system/libsystem_pthread.dylib
0x0000000007ff3000 	/usr/lib/system/libsystem_sandbox.dylib
0x0000000007ff3000 	/usr/lib/system/libsystem_secinit.dylib
0x0000000007ff3000 	/usr/lib/system/libsystem_trace.dylib
0x0000000007ff3000 	/usr/lib/system/libunc.dylib
0x0000000007ff3000 	/usr/lib/system/libunwind.dylib
0x0000000007ff3000 	/usr/lib/system/libxpc.dylib
0x0000000007ff3000 	/usr/lib/libenergytrace.dylib
0x0000000007ff3000 	/usr/lib/libbsm.0.dylib
0x0000000007ff3000 	/usr/lib/system/libkxld.dylib
0x0000000007ff3000 	/usr/lib/libxar.1.dylib
0x0000000007ff3000 	/usr/lib/libsqlite3.dylib
0x0000000007ff3000 	/usr/lib/libpam.2.dylib
0x0000000007ff3000 	/usr/lib/libOpenScriptingUtil.dylib
0x0000000007ff3000 	/usr/lib/libbz2.1.0.dylib
0x0000000007ff3000 	/usr/lib/liblzma.5.dylib
0x0000000007ff3000 	/System/Library/Frameworks/CoreServices.framework/Versions/A/Frameworks/FSEvents.framework/Versions/A/FSEvents
0x0000000007ff3000 	/System/Library/Frameworks/CoreServices.framework/Versions/A/Frameworks/CarbonCore.framework/Versions/A/CarbonCore
0x0000000007ff3000 	/System/Library/Frameworks/CoreServices.framework/Versions/A/Frameworks/Metadata.framework/Versions/A/Metadata
0x0000000007ff3000 	/System/Library/Frameworks/CoreServices.framework/Versions/A/Frameworks/OSServices.framework/Versions/A/OSServices
0x0000000007ff3000 	/System/Library/Frameworks/CoreServices.framework/Versions/A/Frameworks/SearchKit.framework/Versions/A/SearchKit
0x0000000007ff3000 	/System/Library/Frameworks/CoreServices.framework/Versions/A/Frameworks/AE.framework/Versions/A/AE
0x0000000007ff3000 	/System/Library/Frameworks/CoreServices.framework/Versions/A/Frameworks/LaunchServices.framework/Versions/A/LaunchServices
0x0000000007ff3000 	/System/Library/Frameworks/CoreServices.framework/Versions/A/Frameworks/DictionaryServices.framework/Versions/A/DictionaryServices
0x0000000007ff3000 	/System/Library/Frameworks/CoreServices.framework/Versions/A/Frameworks/SharedFileList.framework/Versions/A/SharedFileList
0x0000000007ff3000 	/System/Library/Frameworks/NetFS.framework/Versions/A/NetFS
0x0000000007ff3000 	/System/Library/PrivateFrameworks/NetAuth.framework/Versions/A/NetAuth
0x0000000007ff3000 	/System/Library/PrivateFrameworks/login.framework/Versions/A/Frameworks/loginsupport.framework/Versions/A/loginsupport
0x0000000007ff3000 	/System/Library/PrivateFrameworks/TCC.framework/Versions/A/TCC
0x0000000007ff3000 	/usr/lib/libmecabra.dylib
0x0000000007ff3000 	/System/Library/Frameworks/ApplicationServices.framework/Versions/A/Frameworks/ATS.framework/Versions/A/ATS
0x0000000007ff3000 	/System/Library/Frameworks/ApplicationServices.framework/Versions/A/Frameworks/ColorSync.framework/Versions/A/ColorSync
0x0000000007ff3000 	/System/Library/Frameworks/ApplicationServices.framework/Versions/A/Frameworks/HIServices.framework/Versions/A/HIServices
0x0000000007ff3000 	/System/Library/Frameworks/ApplicationServices.framework/Versions/A/Frameworks/LangAnalysis.framework/Versions/A/LangAnalysis
0x0000000007ff3000 	/System/Library/Frameworks/ApplicationServices.framework/Versions/A/Frameworks/PrintCore.framework/Versions/A/PrintCore
0x0000000007ff3000 	/System/Library/Frameworks/ApplicationServices.framework/Versions/A/Frameworks/QD.framework/Versions/A/QD
0x0000000007ff3000 	/System/Library/Frameworks/ApplicationServices.framework/Versions/A/Frameworks/SpeechSynthesis.framework/Versions/A/SpeechSynthesis
0x0000000007ff3000 	/System/Library/Frameworks/Metal.framework/Versions/A/Metal
0x0000000007ff3000 	/System/Library/Frameworks/Accelerate.framework/Versions/A/Frameworks/vImage.framework/Versions/A/vImage
0x0000000007ff3000 	/System/Library/Frameworks/Accelerate.framework/Versions/A/Frameworks/vecLib.framework/Versions/A/vecLib
0x0000000007ff3000 	/System/Library/Frameworks/Accelerate.framework/Versions/A/Frameworks/vecLib.framework/Versions/A/libvDSP.dylib
0x0000000007ff3000 	/System/Library/Frameworks/Accelerate.framework/Versions/A/Frameworks/vecLib.framework/Versions/A/libvMisc.dylib
0x0000000007ff3000 	/System/Library/Frameworks/Accelerate.framework/Versions/A/Frameworks/vecLib.framework/Versions/A/libLAPACK.dylib
0x0000000007ff3000 	/System/Library/Frameworks/Accelerate.framework/Versions/A/Frameworks/vecLib.framework/Versions/A/libBLAS.dylib
0x0000000007ff3000 	/System/Library/Frameworks/Accelerate.framework/Versions/A/Frameworks/vecLib.framework/Versions/A/libLinearAlgebra.dylib
0x0000000007ff3000 	/System/Library/Frameworks/Accelerate.framework/Versions/A/Frameworks/vecLib.framework/Versions/A/libSparseBLAS.dylib
0x0000000007ff3000 	/System/Library/PrivateFrameworks/GPUCompiler.framework/libmetal_timestamp.dylib
0x0000000007ff3000 	/System/Library/Frameworks/OpenGL.framework/Versions/A/Libraries/libCoreFSCache.dylib
0x0000000007ff3000 	/System/Library/PrivateFrameworks/IOAccelerator.framework/Versions/A/IOAccelerator
0x0000000007ff3000 	/System/Library/Frameworks/ApplicationServices.framework/Versions/A/Frameworks/ATS.framework/Versions/A/Resources/libFontParser.dylib
0x0000000007ff3000 	/System/Library/Frameworks/ApplicationServices.framework/Versions/A/Frameworks/ATS.framework/Versions/A/Resources/libFontRegistry.dylib
0x0000000007ff3000 	/System/Library/PrivateFrameworks/AppleVPA.framework/Versions/A/AppleVPA
0x0000000007ff3000 	/System/Library/PrivateFrameworks/AppleJPEG.framework/Versions/A/AppleJPEG
0x0000000007ff3000 	/System/Library/Frameworks/ImageIO.framework/Versions/A/Resources/libJPEG.dylib
0x0000000007ff3000 	/System/Library/Frameworks/ImageIO.framework/Versions/A/Resources/libTIFF.dylib
0x0000000007ff3000 	/System/Library/Frameworks/ImageIO.framework/Versions/A/Resources/libPng.dylib
0x0000000007ff3000 	/System/Library/Frameworks/ImageIO.framework/Versions/A/Resources/libGIF.dylib
0x0000000007ff3000 	/System/Library/Frameworks/ImageIO.framework/Versions/A/Resources/libJP2.dylib
0x0000000007ff3000 	/System/Library/Frameworks/ImageIO.framework/Versions/A/Resources/libRadiance.dylib
0x0000000007ff3000 	/System/Library/Frameworks/CoreVideo.framework/Versions/A/CoreVideo
0x0000000007ff3000 	/System/Library/Frameworks/OpenGL.framework/Versions/A/Libraries/libGLU.dylib
0x0000000007ff3000 	/System/Library/Frameworks/OpenGL.framework/Versions/A/Libraries/libGFXShared.dylib
0x0000000007ff3000 	/System/Library/Frameworks/OpenGL.framework/Versions/A/Libraries/libGL.dylib
0x0000000007ff3000 	/System/Library/Frameworks/OpenGL.framework/Versions/A/Libraries/libGLImage.dylib
0x0000000007ff3000 	/System/Library/Frameworks/OpenGL.framework/Versions/A/Libraries/libCVMSPluginSupport.dylib
0x0000000007ff3000 	/System/Library/Frameworks/OpenGL.framework/Versions/A/Libraries/libCoreVMClient.dylib
0x0000000007ff3000 	/usr/lib/libcups.2.dylib
0x0000000007ff3000 	/System/Library/Frameworks/Kerberos.framework/Versions/A/Kerberos
0x0000000007ff3000 	/System/Library/Frameworks/GSS.framework/Versions/A/GSS
0x0000000007ff3000 	/usr/lib/libresolv.9.dylib
0x0000000007ff3000 	/usr/lib/libiconv.2.dylib
0x0000000007ff3000 	/System/Library/PrivateFrameworks/Heimdal.framework/Versions/A/Heimdal
0x0000000007ff3000 	/usr/lib/libheimdal-asn1.dylib
0x0000000007ff3000 	/System/Library/Frameworks/OpenDirectory.framework/Versions/A/OpenDirectory
0x0000000007ff3000 	/System/Library/PrivateFrameworks/CommonAuth.framework/Versions/A/CommonAuth
0x0000000007ff3000 	/System/Library/Frameworks/OpenDirectory.framework/Versions/A/Frameworks/CFOpenDirectory.framework/Versions/A/CFOpenDirectory
0x0000000007ff3000 	/System/Library/Frameworks/SecurityFoundation.framework/Versions/A/SecurityFoundation
0x0000000007ff3000 	/System/Library/PrivateFrameworks/LanguageModeling.framework/Versions/A/LanguageModeling
0x0000000007ff3000 	/usr/lib/libmarisa.dylib
0x0000000007ff3000 	/usr/lib/libChineseTokenizer.dylib
0x0000000007ff3000 	/usr/lib/libcmph.dylib
0x0000000007ff3000 	/usr/lib/libcompression.dylib
0x0000000007ff3000 	/System/Library/Frameworks/ServiceManagement.framework/Versions/A/ServiceManagement
0x0000000007ff3000 	/usr/lib/libxslt.1.dylib
0x0000000007ff3000 	/System/Library/Frameworks/Carbon.framework/Versions/A/Frameworks/Ink.framework/Versions/A/Ink
0x0000000007ff3000 	/usr/lib/libFosl_dynamic.dylib
0x0000000007ff3000 	/System/Library/PrivateFrameworks/FaceCore.framework/Versions/A/FaceCore
0x0000000007ff3000 	/System/Library/Frameworks/OpenCL.framework/Versions/A/OpenCL
0x0000000007ff3000 	/System/Library/PrivateFrameworks/CrashReporterSupport.framework/Versions/A/CrashReporterSupport
0x0000000007ff3000 	/System/Library/PrivateFrameworks/IconServices.framework/Versions/A/IconServices
0x0000000007ff3000 	/System/Library/PrivateFrameworks/Apple80211.framework/Versions/A/Apple80211
0x0000000007ff3000 	/System/Library/Frameworks/CoreWLAN.framework/Versions/A/CoreWLAN
0x0000000007ff3000 	/System/Library/Frameworks/IOBluetooth.framework/Versions/A/IOBluetooth
0x0000000007ff3000 	/System/Library/PrivateFrameworks/CoreWiFi.framework/Versions/A/CoreWiFi
0x0000000007ff3000 	/System/Library/Frameworks/CoreBluetooth.framework/Versions/A/CoreBluetooth
0x0000000007ff3000 	/System/Library/PrivateFrameworks/ChunkingLibrary.framework/Versions/A/ChunkingLibrary
0x0000000007ff3000 	/System/Library/PrivateFrameworks/DebugSymbols.framework/Versions/A/DebugSymbols
0x0000000007ff3000 	/System/Library/PrivateFrameworks/CoreSymbolication.framework/Versions/A/CoreSymbolication
0x0000000007ff3000 	/System/Library/PrivateFrameworks/Symbolication.framework/Versions/A/Symbolication
0x0000000007ff3000 	/System/Library/PrivateFrameworks/SpeechRecognitionCore.framework/Versions/A/SpeechRecognitionCore
0x0000000106c00000 	/Library/Java/JavaVirtualMachines/jdk1.7.0_75.jdk/Contents/Home/jre/lib/server/libjvm.dylib
0x0000000107661000 	/usr/lib/libstdc++.6.dylib
0x000000010639f000 	/Library/Java/JavaVirtualMachines/jdk1.7.0_75.jdk/Contents/Home/jre/lib/libverify.dylib
0x00000001063ac000 	/Library/Java/JavaVirtualMachines/jdk1.7.0_75.jdk/Contents/Home/jre/lib/libjava.dylib
0x00000001063e6000 	/Library/Java/JavaVirtualMachines/jdk1.7.0_75.jdk/Contents/Home/jre/lib/libzip.dylib
0x0000000110870000 	/System/Library/Frameworks/JavaVM.framework/Frameworks/JavaRuntimeSupport.framework/JavaRuntimeSupport
0x000000011088b000 	/System/Library/Frameworks/JavaVM.framework/Versions/A/Frameworks/JavaNativeFoundation.framework/Versions/A/JavaNativeFoundation
0x00000001063f0000 	/System/Library/Frameworks/JavaVM.framework/Versions/A/JavaVM
0x0000000007ff3000 	/System/Library/Frameworks/Carbon.framework/Versions/A/Carbon
0x00000001108a0000 	/System/Library/PrivateFrameworks/JavaLaunching.framework/Versions/A/JavaLaunching
0x0000000007ff3000 	/System/Library/Frameworks/Carbon.framework/Versions/A/Frameworks/CommonPanels.framework/Versions/A/CommonPanels
0x0000000007ff3000 	/System/Library/Frameworks/Carbon.framework/Versions/A/Frameworks/Help.framework/Versions/A/Help
0x0000000007ff3000 	/System/Library/Frameworks/Carbon.framework/Versions/A/Frameworks/ImageCapture.framework/Versions/A/ImageCapture
0x0000000007ff3000 	/System/Library/Frameworks/Carbon.framework/Versions/A/Frameworks/OpenScripting.framework/Versions/A/OpenScripting
0x0000000007ff3000 	/System/Library/Frameworks/Carbon.framework/Versions/A/Frameworks/Print.framework/Versions/A/Print
0x0000000007ff3000 	/System/Library/Frameworks/Carbon.framework/Versions/A/Frameworks/SecurityHI.framework/Versions/A/SecurityHI
0x00000001121c4000 	/Library/Java/JavaVirtualMachines/jdk1.7.0_75.jdk/Contents/Home/jre/lib/libawt.dylib
0x0000000112273000 	/Library/Java/JavaVirtualMachines/jdk1.7.0_75.jdk/Contents/Home/jre/lib/./libmlib_image.dylib
0x000000011233f000 	/Library/Java/JavaVirtualMachines/jdk1.7.0_75.jdk/Contents/Home/jre/lib/lwawt/liblwawt.dylib
0x00000001123f3000 	/Library/Java/JavaVirtualMachines/jdk1.7.0_75.jdk/Contents/Home/jre/lib/libosxapp.dylib
0x0000000007ff3000 	/System/Library/Frameworks/ExceptionHandling.framework/Versions/A/ExceptionHandling
0x0000000007ff3000 	/System/Library/PrivateFrameworks/CoreServicesInternal.framework/Versions/A/CoreServicesInternal
0x0000000007ff3000 	/System/Library/Frameworks/CoreGraphics.framework/Versions/A/Resources/libRIP.A.dylib
0x0000000112fdf000 	/System/Library/Frameworks/Accelerate.framework/Frameworks/vImage.framework/Versions/A/Libraries/libCGInterfaces.dylib
0x0000000007ff3000 	/System/Library/Frameworks/CoreGraphics.framework/Versions/A/Resources/libCGXType.A.dylib
0x0000000007ff3000 	/System/Library/Frameworks/OpenCL.framework/Versions/A/Libraries/libcldcpuengine.dylib
0x0000000007ff3000 	/System/Library/PrivateFrameworks/DiskImages.framework/Versions/A/DiskImages
0x0000000007ff3000 	/System/Library/Frameworks/DiscRecording.framework/Versions/A/DiscRecording
0x0000000007ff3000 	/usr/lib/libcsfde.dylib
0x0000000007ff3000 	/usr/lib/libcurl.4.dylib
0x0000000007ff3000 	/System/Library/PrivateFrameworks/MediaKit.framework/Versions/A/MediaKit
0x0000000007ff3000 	/System/Library/PrivateFrameworks/ProtectedCloudStorage.framework/Versions/A/ProtectedCloudStorage
0x0000000007ff3000 	/usr/lib/libCoreStorage.dylib
0x0000000007ff3000 	/System/Library/PrivateFrameworks/EFILogin.framework/Versions/A/EFILogin
0x0000000007ff3000 	/usr/lib/libutil.dylib
0x0000000007ff3000 	/System/Library/PrivateFrameworks/FindMyDevice.framework/Versions/A/FindMyDevice
0x0000000007ff3000 	/System/Library/Frameworks/LDAP.framework/Versions/A/LDAP
0x0000000007ff3000 	/usr/lib/libsasl2.2.dylib
0x0000000007ff3000 	/System/Library/PrivateFrameworks/CoreDaemon.framework/Versions/B/CoreDaemon
0x0000000007ff3000 	/usr/lib/libcrypto.0.9.8.dylib
0x0000000007ff3000 	/System/Library/PrivateFrameworks/AppleSRP.framework/Versions/A/AppleSRP
0x0000000007ff3000 	/System/Library/PrivateFrameworks/TrustEvaluationAgent.framework/Versions/A/TrustEvaluationAgent
0x000000011403e000 	cl_kernels
0x0000000007ff3000 	/System/Library/Frameworks/OpenCL.framework/Versions/A/Libraries/ImageFormats/unorm8_bgra.dylib
0x0000000007ff3000 	/System/Library/Frameworks/OpenCL.framework/Versions/A/Libraries/ImageFormats/unorm8_rgba.dylib
0x0000000007ff3000 	/System/Library/PrivateFrameworks/FamilyControls.framework/Versions/A/FamilyControls
0x0000000007ff3000 	/System/Library/PrivateFrameworks/CommerceKit.framework/Versions/A/Frameworks/CommerceCore.framework/Versions/A/CommerceCore
0x0000000007ff3000 	/System/Library/PrivateFrameworks/SystemAdministration.framework/Versions/A/SystemAdministration
0x0000000007ff3000 	/System/Library/PrivateFrameworks/AppContainer.framework/Versions/A/AppContainer
0x0000000007ff3000 	/System/Library/PrivateFrameworks/SecCodeWrapper.framework/Versions/A/SecCodeWrapper
0x0000000007ff3000 	/System/Library/Frameworks/DirectoryService.framework/Versions/A/DirectoryService
0x0000000007ff3000 	/System/Library/PrivateFrameworks/LoginUIKit.framework/Versions/A/Frameworks/LoginUICore.framework/Versions/A/LoginUICore
0x0000000007ff3000 	/usr/lib/libodfde.dylib
0x00000001150b4000 	/System/Library/Frameworks/OpenGL.framework/Resources/GLEngine.bundle/GLEngine
0x0000000007ff3000 	/System/Library/Frameworks/OpenGL.framework/Versions/A/Libraries/libGLProgrammability.dylib
0x000000011529c000 	/System/Library/Extensions/AppleIntelHD3000GraphicsGLDriver.bundle/Contents/MacOS/AppleIntelHD3000GraphicsGLDriver
0x0000000007ff3000 	/System/Library/PrivateFrameworks/GPUSupport.framework/Versions/A/Libraries/libGPUSupport.dylib
0x000000011573b000 	/System/Library/Frameworks/OpenGL.framework/Resources//GLRendererFloat.bundle/GLRendererFloat
0x0000000115b12000 	/Library/Java/JavaVirtualMachines/jdk1.7.0_75.jdk/Contents/Home/jre/lib/libfontmanager.dylib
0x000000011593a000 	/Library/Java/JavaVirtualMachines/jdk1.7.0_75.jdk/Contents/Home/jre/lib/libosxui.dylib
0x00000001167d2000 	/Library/Java/JavaVirtualMachines/jdk1.7.0_75.jdk/Contents/Home/jre/lib/libnet.dylib
0x0000000116830000 	/Library/Java/JavaVirtualMachines/jdk1.7.0_75.jdk/Contents/Home/jre/lib/libnio.dylib
0x000000011683f000 	/private/var/folders/8b/2cfz93zx499f0wt0w3g1g_jr0000gn/T/jogamp_0000/file_cache/jln4256855117143234416/jln5921181613329923141/libgluegen-rt.jnilib
0x0000000116843000 	/private/var/folders/8b/2cfz93zx499f0wt0w3g1g_jr0000gn/T/jogamp_0000/file_cache/jln4256855117143234416/jln5921181613329923141/libnativewindow_awt.jnilib
0x0000000116847000 	/Library/Java/JavaVirtualMachines/jdk1.7.0_75.jdk/Contents/Home/jre/lib/libjawt.dylib
0x000000011684a000 	/private/var/folders/8b/2cfz93zx499f0wt0w3g1g_jr0000gn/T/jogamp_0000/file_cache/jln4256855117143234416/jln5921181613329923141/libnativewindow_macosx.jnilib
0x0000000116884000 	/private/var/folders/8b/2cfz93zx499f0wt0w3g1g_jr0000gn/T/jogamp_0000/file_cache/jln4256855117143234416/jln5921181613329923141/libjogl_desktop.jnilib

VM Arguments:
jvm_args: -ea -ea -Dfile.encoding=UTF-8 
java_command: assignment5.assignment5_1
Launcher Type: SUN_STANDARD

Environment Variables:
PATH=/usr/bin:/bin:/usr/sbin:/sbin
SHELL=/bin/zsh

Signal Handlers:
SIGSEGV: [libjvm.dylib+0x52d20d], sa_mask[0]=0xfffefeff, sa_flags=0x00000043
SIGBUS: [libjvm.dylib+0x52d20d], sa_mask[0]=0xfffefeff, sa_flags=0x00000042
SIGFPE: [libjvm.dylib+0x41ee7a], sa_mask[0]=0xfffefeff, sa_flags=0x00000042
SIGPIPE: [libjvm.dylib+0x41ee7a], sa_mask[0]=0xfffefeff, sa_flags=0x00000042
SIGXFSZ: [libjvm.dylib+0x41ee7a], sa_mask[0]=0xfffefeff, sa_flags=0x00000042
SIGILL: [libjvm.dylib+0x41ee7a], sa_mask[0]=0xfffefeff, sa_flags=0x00000042
SIGUSR1: SIG_DFL, sa_mask[0]=0x00000000, sa_flags=0x00000000
SIGUSR2: [libjvm.dylib+0x41e96c], sa_mask[0]=0x00000004, sa_flags=0x00000042
SIGHUP: [libjvm.dylib+0x41cbfd], sa_mask[0]=0xfffefeff, sa_flags=0x00000042
SIGINT: [libjvm.dylib+0x41cbfd], sa_mask[0]=0xfffefeff, sa_flags=0x00000042
SIGTERM: [libjvm.dylib+0x41cbfd], sa_mask[0]=0xfffefeff, sa_flags=0x00000042
SIGQUIT: [libjvm.dylib+0x41cbfd], sa_mask[0]=0xfffefeff, sa_flags=0x00000042


---------------  S Y S T E M  ---------------

OS:Bsduname:Darwin 15.0.0 Darwin Kernel Version 15.0.0: Sat Sep 19 15:53:46 PDT 2015; root:xnu-3247.10.11~1/RELEASE_X86_64 x86_64
rlimit: STACK 8192k, CORE 0k, NPROC 709, NOFILE 10240, AS infinity
load average:1.59 1.78 1.75

CPU:total 4 (2 cores per cpu, 2 threads per core) family 6 model 42 stepping 7, cmov, cx8, fxsr, mmx, sse, sse2, sse3, ssse3, sse4.1, sse4.2, popcnt, avx, aes, ht, tsc, tscinvbit

Memory: 4k page, physical 8388608k(2097152k free)

/proc/meminfo:


vm_info: Java HotSpot(TM) 64-Bit Server VM (24.75-b04) for bsd-amd64 JRE (1.7.0_75-b13), built on Dec 18 2014 21:48:12 by "java_re" with gcc 4.2.1 (Based on Apple Inc. build 5658) (LLVM build 2336.11.00)

time: Mon Nov 16 23:45:48 2015
elapsed time: 8 seconds

