#
# A fatal error has been detected by the Java Runtime Environment:
#
#  SIGSEGV (0xb) at pc=0x000000011c4e39ae, pid=48558, tid=25875
#
# JRE version: Java(TM) SE Runtime Environment (7.0_75-b13) (build 1.7.0_75-b13)
# Java VM: Java HotSpot(TM) 64-Bit Server VM (24.75-b04 mixed mode bsd-amd64 compressed oops)
# Problematic frame:
# C  [AppleIntelHD3000GraphicsGLDriver+0x269ae]  _ZN6GHAL3D24CPrivateCommandTransport18FlushCommandBufferENS_10FLUSH_TYPEEh+0x13e
#
# Failed to write core dump. Core dumps have been disabled. To enable core dumping, try "ulimit -c unlimited" before starting Java again
#
# If you would like to submit a bug report, please visit:
#   http://bugreport.sun.com/bugreport/crash.jsp
#

---------------  T H R E A D  ---------------

Current thread is native thread

siginfo:si_signo=SIGSEGV: si_errno=0, si_code=1 (SEGV_MAPERR), si_addr=0x0000000000000000

Registers:
RAX=0x00007fe3f34be6b0, RBX=0x00007fe3f34beec0, RCX=0x00007fff9d3ae5fa, RDX=0x0000000000000000
RSP=0x0000700001049ba0, RBP=0x0000700001049be0, RSI=0x0000000000344f0a, RDI=0x0000000000000000
R8 =0x0000000000000000, R9 =0x0000000000000000, R10=0x000000000001fdc0, R11=0x0000000000000246
R12=0x0000000000000001, R13=0x00007fe3f34bef00, R14=0x00007fe3f1572400, R15=0x00007fe3f34bf080
RIP=0x000000011c4e39ae, EFLAGS=0x0000000000010246, ERR=0x0000000000000004
  TRAPNO=0x000000000000000e

Top of Stack: (sp=0x0000700001049ba0)
0x0000700001049ba0:   00007fe3f1572400 0001fdc000000000
0x0000700001049bb0:   000000011f0690c0 00007fe3f148bc00
0x0000700001049bc0:   000000011f069000 00007fe3f4079da0
0x0000700001049bd0:   0000000000000001 03002f84ce18c364
0x0000700001049be0:   0000700001049c60 000000011c4e370d
0x0000700001049bf0:   0000700001049c20 00007fff9fa6969f
0x0000700001049c00:   0000700001049c60 00007fe3f14b9420
0x0000700001049c10:   0000000000000900 0000000000000000
0x0000700001049c20:   0000700001049c80 000000010ce4f000
0x0000700001049c30:   00007fff7f032a90 03002f84ce18c364
0x0000700001049c40:   00007fe3f148bc00 00007fe3f34be6b0
0x0000700001049c50:   00007fe3f34beec0 00007fe3f1572400
0x0000700001049c60:   0000700001049da0 000000011c7cb434
0x0000700001049c70:   0000700001049d10 00007fff9ee96ddc
0x0000700001049c80:   0000700001049ce0 00007fff9fa69620
0x0000700001049c90:   00007fe340000007 00007fff7f032a80
0x0000700001049ca0:   ffff801c00000007 00007fe3f34ca770
0x0000700001049cb0:   00007fe3f34fc080 00007fe3f34ca810
0x0000700001049cc0:   000000010d083a00 0000000000000017
0x0000700001049cd0:   00007fe3f1572400 00007fe3f3000000
0x0000700001049ce0:   00007fe3f3015fb0 0000000000000000
0x0000700001049cf0:   0000700001049da0 00007fff9ee99bcc
0x0000700001049d00:   0000700001049da0 00007fff9ee96ddc
0x0000700001049d10:   00007fe3f3016088 0000000000000161
0x0000700001049d20:   0000000000000100 00007fe3f3000000
0x0000700001049d30:   00007fe3f3015e40 00007fe3f30fc080
0x0000700001049d40:   00007fe300000206 00000000000000d0
0x0000700001049d50:   00007fe3f3000000 0000000000000000
0x0000700001049d60:   0000000000000000 00007fe300000024
0x0000700001049d70:   000000010d080000 00007fe3f148bc00
0x0000700001049d80:   0000000000000028 00007fe3f4079da0
0x0000700001049d90:   00007fe3f33c01f0 00007fe3f3018720 

Instructions: (pc=0x000000011c4e39ae)
0x000000011c4e398e:   00 00 00 00 41 83 e4 f6 41 83 cc 08 eb 06 8b 45
0x000000011c4e399e:   cc 89 43 38 4c 8b 75 c0 48 8b 43 10 48 8b 78 38
0x000000011c4e39ae:   48 8b 07 ff 50 30 c7 43 3c 00 00 00 00 41 f6 c4
0x000000011c4e39be:   01 74 3e 49 8b 07 41 8b 75 00 4c 89 ff ff 50 20 

Register to memory mapping:

RAX=0x00007fe3f34be6b0 is an unknown value
RBX=0x00007fe3f34beec0 is an unknown value
RCX=0x00007fff9d3ae5fa: __syscall+0xa in /usr/lib/system/libsystem_kernel.dylib at 0x00007fff9d397000
RDX=0x0000000000000000 is an unknown value
RSP=0x0000700001049ba0 is an unknown value
RBP=0x0000700001049be0 is an unknown value
RSI=0x0000000000344f0a is an unknown value
RDI=0x0000000000000000 is an unknown value
R8 =0x0000000000000000 is an unknown value
R9 =0x0000000000000000 is an unknown value
R10=0x000000000001fdc0 is an unknown value
R11=0x0000000000000246 is an unknown value
R12=0x0000000000000001 is an unknown value
R13=0x00007fe3f34bef00 is an unknown value
R14=0x00007fe3f1572400 is an unknown value
R15=0x00007fe3f34bf080 is an unknown value


Stack: [0x0000700000fca000,0x000070000104a000],  sp=0x0000700001049ba0,  free space=510k
Native frames: (J=compiled Java code, j=interpreted, Vv=VM code, C=native code)
C  [AppleIntelHD3000GraphicsGLDriver+0x269ae]  _ZN6GHAL3D24CPrivateCommandTransport18FlushCommandBufferENS_10FLUSH_TYPEEh+0x13e
C  [AppleIntelHD3000GraphicsGLDriver+0x2670d]  g575SubmitPacketsToken+0x40
C  [AppleIntelHD3000GraphicsGLDriver+0x30e434]  glrBindContextDrawFramebuffer+0x8b7
C  [libGPUSupport.dylib+0x4421]  gldUnbindFramebuffer+0x22
C  [GLEngine+0x11906d]  gleUnbindAndFreeFramebufferObject+0x6c
C  [GLEngine+0x5535b]  glDeleteFramebuffersEXT_Exec+0x104
C  [QuartzCore+0x8f778]  _ZN2CA12_GLOBAL__N_113AsyncDeletion8callbackEPv+0x2e
C  [libdispatch.dylib+0x23c3]  _dispatch_client_callout+0x8
C  [libdispatch.dylib+0x6253]  _dispatch_root_queue_drain+0x762
C  [libdispatch.dylib+0x5ab8]  _dispatch_worker_thread3+0x5b
C  [libsystem_pthread.dylib+0x34f2]  _pthread_wqthread+0x469
C  [libsystem_pthread.dylib+0x1375]  start_wqthread+0xd


---------------  P R O C E S S  ---------------

VM state:not at safepoint (normal execution)

VM Mutex/Monitor currently owned by a thread: None

Heap
 PSYoungGen      total 38912K, used 17553K [0x00000007d5500000, 0x00000007d8000000, 0x0000000800000000)
  eden space 33792K, 40% used [0x00000007d5500000,0x00000007d624b208,0x00000007d7600000)
  from space 5120K, 76% used [0x00000007d7600000,0x00000007d79d9340,0x00000007d7b00000)
  to   space 5120K, 0% used [0x00000007d7b00000,0x00000007d7b00000,0x00000007d8000000)
 ParOldGen       total 87040K, used 8K [0x0000000780000000, 0x0000000785500000, 0x00000007d5500000)
  object space 87040K, 0% used [0x0000000780000000,0x0000000780002000,0x0000000785500000)
 PSPermGen       total 21504K, used 15607K [0x000000077ae00000, 0x000000077c300000, 0x0000000780000000)
  object space 21504K, 72% used [0x000000077ae00000,0x000000077bd3de40,0x000000077c300000)

Card table byte_map: [0x0000000111521000,0x000000011194b000] byte_map_base: 0x000000010d94a000

Polling page: 0x000000010d1a8000

Code Cache  [0x000000010e461000, 0x000000010e6d1000, 0x0000000111461000)
 total_blobs=907 nmethods=174 adapters=687 free_code_cache=48041Kb largest_free_block=49181888

Compilation events (10 events):
Event: 2.317 Thread 0x00007fe3f282c800  169             sun.font.Font2D::setStyle (114 bytes)
Event: 2.320 Thread 0x00007fe3f282c800 nmethod 169 0x000000010e56f8d0 code [0x000000010e56fa40, 0x000000010e570018]
Event: 2.320 Thread 0x00007fe3f2025000  170             java.lang.StringBuilder::toString (17 bytes)
Event: 2.323 Thread 0x00007fe3f2025000 nmethod 170 0x000000010e570a10 code [0x000000010e570b60, 0x000000010e570e58]
Event: 2.359 Thread 0x00007fe3f282c800  171             java.lang.StringBuilder::<init> (7 bytes)
Event: 2.360 Thread 0x00007fe3f282c800 nmethod 171 0x000000010e576f90 code [0x000000010e5770e0, 0x000000010e5771d8]
Event: 2.364 Thread 0x00007fe3f2025000  172             java.util.Arrays::binarySearch0 (95 bytes)
Event: 2.365 Thread 0x00007fe3f282c800  173             sun.java2d.loops.GraphicsPrimitiveMgr$2::compare (39 bytes)
Event: 2.366 Thread 0x00007fe3f282c800 nmethod 173 0x000000010e576c50 code [0x000000010e576da0, 0x000000010e576e98]
Event: 2.367 Thread 0x00007fe3f2025000 nmethod 172 0x000000010e572cd0 code [0x000000010e572e20, 0x000000010e572fd8]

GC Heap History (2 events):
Event: 1.224 GC heap before
{Heap before GC invocations=1 (full 0):
 PSYoungGen      total 38912K, used 33792K [0x00000007d5500000, 0x00000007d8000000, 0x0000000800000000)
  eden space 33792K, 100% used [0x00000007d5500000,0x00000007d7600000,0x00000007d7600000)
  from space 5120K, 0% used [0x00000007d7b00000,0x00000007d7b00000,0x00000007d8000000)
  to   space 5120K, 0% used [0x00000007d7600000,0x00000007d7600000,0x00000007d7b00000)
 ParOldGen       total 87040K, used 0K [0x0000000780000000, 0x0000000785500000, 0x00000007d5500000)
  object space 87040K, 0% used [0x0000000780000000,0x0000000780000000,0x0000000785500000)
 PSPermGen       total 21504K, used 12749K [0x000000077ae00000, 0x000000077c300000, 0x0000000780000000)
  object space 21504K, 59% used [0x000000077ae00000,0x000000077ba73588,0x000000077c300000)
Event: 1.230 GC heap after
Heap after GC invocations=1 (full 0):
 PSYoungGen      total 38912K, used 3940K [0x00000007d5500000, 0x00000007d8000000, 0x0000000800000000)
  eden space 33792K, 0% used [0x00000007d5500000,0x00000007d5500000,0x00000007d7600000)
  from space 5120K, 76% used [0x00000007d7600000,0x00000007d79d9340,0x00000007d7b00000)
  to   space 5120K, 0% used [0x00000007d7b00000,0x00000007d7b00000,0x00000007d8000000)
 ParOldGen       total 87040K, used 8K [0x0000000780000000, 0x0000000785500000, 0x00000007d5500000)
  object space 87040K, 0% used [0x0000000780000000,0x0000000780002000,0x0000000785500000)
 PSPermGen       total 21504K, used 12749K [0x000000077ae00000, 0x000000077c300000, 0x0000000780000000)
  object space 21504K, 59% used [0x000000077ae00000,0x000000077ba73588,0x000000077c300000)
}

Deoptimization events (10 events):
Event: 0.826 Thread 0x00007fe3f100f000 Uncommon trap: reason=unreached action=reinterpret pc=0x000000010e51fca4 method=java.util.HashMap.put(Ljava/lang/Object;Ljava/lang/Object;)Ljava/lang/Object; @ 19
Event: 0.855 Thread 0x00007fe3f100f000 Uncommon trap: reason=class_check action=maybe_recompile pc=0x000000010e4df5b4 method=java.util.regex.Pattern$Node.study(Ljava/util/regex/Pattern$TreeInfo;)Z @ 12
Event: 0.855 Thread 0x00007fe3f100f000 Uncommon trap: reason=class_check action=maybe_recompile pc=0x000000010e4df5b4 method=java.util.regex.Pattern$Node.study(Ljava/util/regex/Pattern$TreeInfo;)Z @ 12
Event: 0.855 Thread 0x00007fe3f100f000 Uncommon trap: reason=class_check action=maybe_recompile pc=0x000000010e4df5b4 method=java.util.regex.Pattern$Node.study(Ljava/util/regex/Pattern$TreeInfo;)Z @ 12
Event: 0.855 Thread 0x00007fe3f100f000 Uncommon trap: reason=class_check action=maybe_recompile pc=0x000000010e4df5b4 method=java.util.regex.Pattern$Node.study(Ljava/util/regex/Pattern$TreeInfo;)Z @ 12
Event: 0.907 Thread 0x00007fe3f100f000 Uncommon trap: reason=unreached action=reinterpret pc=0x000000010e52163c method=java.util.regex.Pattern.sequence(Ljava/util/regex/Pattern$Node;)Ljava/util/regex/Pattern$Node; @ 512
Event: 1.257 Thread 0x00007fe3f100f000 Uncommon trap: reason=unreached action=reinterpret pc=0x000000010e4d5140 method=java.lang.Integer.parseInt(Ljava/lang/String;I)I @ 1
Event: 1.824 Thread 0x00007fe3f100f000 Uncommon trap: reason=class_check action=maybe_recompile pc=0x000000010e4db844 method=java.util.AbstractCollection.toArray([Ljava/lang/Object;)[Ljava/lang/Object; @ 1
Event: 1.927 Thread 0x00007fe3f100f000 Uncommon trap: reason=class_check action=maybe_recompile pc=0x000000010e4db844 method=java.util.AbstractCollection.toArray([Ljava/lang/Object;)[Ljava/lang/Object; @ 1
Event: 2.358 Thread 0x00007fe3f2a2f800 Uncommon trap: reason=class_check action=maybe_recompile pc=0x000000010e4db844 method=java.util.AbstractCollection.toArray([Ljava/lang/Object;)[Ljava/lang/Object; @ 1

Internal exceptions (10 events):
Event: 2.450 Thread 0x00007fe3f2a2f800 Threw 0x00000007d60c2b08 at /HUDSON/workspace/7u-2-build-macosx-x86_64/jdk7u75/1940/hotspot/src/share/vm/prims/jvm.cpp:1281
Event: 2.450 Thread 0x00007fe3f2a2f800 Threw 0x00000007d60cd6e8 at /HUDSON/workspace/7u-2-build-macosx-x86_64/jdk7u75/1940/hotspot/src/share/vm/prims/jvm.cpp:1281
Event: 2.451 Thread 0x00007fe3f2a2f800 Threw 0x00000007d60d4480 at /HUDSON/workspace/7u-2-build-macosx-x86_64/jdk7u75/1940/hotspot/src/share/vm/prims/jvm.cpp:1281
Event: 2.461 Thread 0x00007fe3f2a2f800 Threw 0x00000007d60d6b78 at /HUDSON/workspace/7u-2-build-macosx-x86_64/jdk7u75/1940/hotspot/src/share/vm/prims/jvm.cpp:1281
Event: 2.473 Thread 0x00007fe3f2a2f800 Threw 0x00000007d614b058 at /HUDSON/workspace/7u-2-build-macosx-x86_64/jdk7u75/1940/hotspot/src/share/vm/prims/jvm.cpp:1281
Event: 2.635 Thread 0x00007fe3f2266000 Threw 0x00000007d5b60488 at /HUDSON/workspace/7u-2-build-macosx-x86_64/jdk7u75/1940/hotspot/src/share/vm/prims/jvm.cpp:1281
Event: 5.099 Thread 0x00007fe3f2a2f800 Threw 0x00000007d61bf2d8 at /HUDSON/workspace/7u-2-build-macosx-x86_64/jdk7u75/1940/hotspot/src/share/vm/prims/jvm.cpp:1281
Event: 8.008 Thread 0x00007fe3f2a2f800 Threw 0x00000007d61fe4e0 at /HUDSON/workspace/7u-2-build-macosx-x86_64/jdk7u75/1940/hotspot/src/share/vm/prims/jvm.cpp:1281
Event: 8.018 Thread 0x00007fe3f2a2f800 Threw 0x00000007d6208318 at /HUDSON/workspace/7u-2-build-macosx-x86_64/jdk7u75/1940/hotspot/src/share/vm/prims/jvm.cpp:1281
Event: 8.029 Thread 0x00007fe3f2266000 Threw 0x00000007d5b7c848 at /HUDSON/workspace/7u-2-build-macosx-x86_64/jdk7u75/1940/hotspot/src/share/vm/prims/jvm.cpp:1281

Events (10 events):
Event: 8.029 loading class 0x00007fe3f0e541f0
Event: 8.029 loading class 0x00007fe3f0e541f0 done
Event: 8.037 loading class 0x00007fe3f28e3490
Event: 8.037 loading class 0x00007fe3f28e3490 done
Event: 8.037 loading class 0x00007fe3f2a283c0
Event: 8.037 loading class 0x00007fe3f2a283c0 done
Event: 8.037 loading class 0x00007fe3f2a28540
Event: 8.037 loading class 0x00007fe3f2a28540 done
Event: 8.037 loading class 0x00007fe3f1839170
Event: 8.037 loading class 0x00007fe3f1839170 done


Dynamic libraries:
0x000000000c020000 	/System/Library/Frameworks/Cocoa.framework/Versions/A/Cocoa
0x000000000c020000 	/System/Library/Frameworks/Security.framework/Versions/A/Security
0x000000000c020000 	/System/Library/Frameworks/ApplicationServices.framework/Versions/A/ApplicationServices
0x000000000c020000 	/usr/lib/libz.1.dylib
0x000000000c020000 	/usr/lib/libSystem.B.dylib
0x000000000c020000 	/usr/lib/libobjc.A.dylib
0x000000000c020000 	/System/Library/Frameworks/CoreFoundation.framework/Versions/A/CoreFoundation
0x000000000c020000 	/System/Library/Frameworks/Foundation.framework/Versions/C/Foundation
0x000000000c020000 	/System/Library/Frameworks/AppKit.framework/Versions/C/AppKit
0x000000000c020000 	/System/Library/Frameworks/CoreData.framework/Versions/A/CoreData
0x000000000c020000 	/System/Library/PrivateFrameworks/RemoteViewServices.framework/Versions/A/RemoteViewServices
0x000000000c020000 	/System/Library/PrivateFrameworks/UIFoundation.framework/Versions/A/UIFoundation
0x000000000c020000 	/usr/lib/libScreenReader.dylib
0x000000000c020000 	/System/Library/Frameworks/Accelerate.framework/Versions/A/Accelerate
0x000000000c020000 	/System/Library/Frameworks/IOSurface.framework/Versions/A/IOSurface
0x000000000c020000 	/System/Library/Frameworks/AudioToolbox.framework/Versions/A/AudioToolbox
0x000000000c020000 	/System/Library/Frameworks/AudioUnit.framework/Versions/A/AudioUnit
0x000000000c020000 	/System/Library/PrivateFrameworks/DataDetectorsCore.framework/Versions/A/DataDetectorsCore
0x000000000c020000 	/System/Library/PrivateFrameworks/DesktopServicesPriv.framework/Versions/A/DesktopServicesPriv
0x000000000c020000 	/System/Library/Frameworks/Carbon.framework/Versions/A/Frameworks/HIToolbox.framework/Versions/A/HIToolbox
0x000000000c020000 	/System/Library/Frameworks/QuartzCore.framework/Versions/A/QuartzCore
0x000000000c020000 	/System/Library/Frameworks/Carbon.framework/Versions/A/Frameworks/SpeechRecognition.framework/Versions/A/SpeechRecognition
0x000000000c020000 	/usr/lib/libauto.dylib
0x000000000c020000 	/usr/lib/libicucore.A.dylib
0x000000000c020000 	/usr/lib/libxml2.2.dylib
0x000000000c020000 	/System/Library/PrivateFrameworks/CoreUI.framework/Versions/A/CoreUI
0x000000000c020000 	/System/Library/Frameworks/CoreAudio.framework/Versions/A/CoreAudio
0x000000000c020000 	/System/Library/Frameworks/DiskArbitration.framework/Versions/A/DiskArbitration
0x000000000c020000 	/usr/lib/liblangid.dylib
0x000000000c020000 	/System/Library/PrivateFrameworks/MultitouchSupport.framework/Versions/A/MultitouchSupport
0x000000000c020000 	/System/Library/Frameworks/IOKit.framework/Versions/A/IOKit
0x000000000c020000 	/usr/lib/libDiagnosticMessagesClient.dylib
0x000000000c020000 	/System/Library/Frameworks/CoreServices.framework/Versions/A/CoreServices
0x000000000c020000 	/System/Library/PrivateFrameworks/PerformanceAnalysis.framework/Versions/A/PerformanceAnalysis
0x000000000c020000 	/System/Library/PrivateFrameworks/GenerationalStorage.framework/Versions/A/GenerationalStorage
0x000000000c020000 	/System/Library/Frameworks/OpenGL.framework/Versions/A/OpenGL
0x000000000c020000 	/System/Library/PrivateFrameworks/Sharing.framework/Versions/A/Sharing
0x000000000c020000 	/System/Library/Frameworks/CoreGraphics.framework/Versions/A/CoreGraphics
0x000000000c020000 	/System/Library/Frameworks/CoreImage.framework/Versions/A/CoreImage
0x000000000c020000 	/System/Library/Frameworks/CoreText.framework/Versions/A/CoreText
0x000000000c020000 	/System/Library/Frameworks/ImageIO.framework/Versions/A/ImageIO
0x000000000c020000 	/System/Library/PrivateFrameworks/Backup.framework/Versions/A/Backup
0x000000000c020000 	/usr/lib/libextension.dylib
0x000000000c020000 	/usr/lib/libarchive.2.dylib
0x000000000c020000 	/System/Library/Frameworks/CFNetwork.framework/Versions/A/CFNetwork
0x000000000c020000 	/System/Library/Frameworks/SystemConfiguration.framework/Versions/A/SystemConfiguration
0x000000000c020000 	/usr/lib/libCRFSuite.dylib
0x000000000c020000 	/usr/lib/libc++.1.dylib
0x000000000c020000 	/usr/lib/libc++abi.dylib
0x000000000c020000 	/usr/lib/system/libcache.dylib
0x000000000c020000 	/usr/lib/system/libcommonCrypto.dylib
0x000000000c020000 	/usr/lib/system/libcompiler_rt.dylib
0x000000000c020000 	/usr/lib/system/libcopyfile.dylib
0x000000000c020000 	/usr/lib/system/libcorecrypto.dylib
0x000000000c020000 	/usr/lib/system/libdispatch.dylib
0x000000000c020000 	/usr/lib/system/libdyld.dylib
0x000000000c020000 	/usr/lib/system/libkeymgr.dylib
0x000000000c020000 	/usr/lib/system/liblaunch.dylib
0x000000000c020000 	/usr/lib/system/libmacho.dylib
0x000000000c020000 	/usr/lib/system/libquarantine.dylib
0x000000000c020000 	/usr/lib/system/libremovefile.dylib
0x000000000c020000 	/usr/lib/system/libsystem_asl.dylib
0x000000000c020000 	/usr/lib/system/libsystem_blocks.dylib
0x000000000c020000 	/usr/lib/system/libsystem_c.dylib
0x000000000c020000 	/usr/lib/system/libsystem_configuration.dylib
0x000000000c020000 	/usr/lib/system/libsystem_coreservices.dylib
0x000000000c020000 	/usr/lib/system/libsystem_coretls.dylib
0x000000000c020000 	/usr/lib/system/libsystem_dnssd.dylib
0x000000000c020000 	/usr/lib/system/libsystem_info.dylib
0x000000000c020000 	/usr/lib/system/libsystem_kernel.dylib
0x000000000c020000 	/usr/lib/system/libsystem_m.dylib
0x000000000c020000 	/usr/lib/system/libsystem_malloc.dylib
0x000000000c020000 	/usr/lib/system/libsystem_network.dylib
0x000000000c020000 	/usr/lib/system/libsystem_networkextension.dylib
0x000000000c020000 	/usr/lib/system/libsystem_notify.dylib
0x000000000c020000 	/usr/lib/system/libsystem_platform.dylib
0x000000000c020000 	/usr/lib/system/libsystem_pthread.dylib
0x000000000c020000 	/usr/lib/system/libsystem_sandbox.dylib
0x000000000c020000 	/usr/lib/system/libsystem_secinit.dylib
0x000000000c020000 	/usr/lib/system/libsystem_trace.dylib
0x000000000c020000 	/usr/lib/system/libunc.dylib
0x000000000c020000 	/usr/lib/system/libunwind.dylib
0x000000000c020000 	/usr/lib/system/libxpc.dylib
0x000000000c020000 	/usr/lib/libenergytrace.dylib
0x000000000c020000 	/usr/lib/libbsm.0.dylib
0x000000000c020000 	/usr/lib/system/libkxld.dylib
0x000000000c020000 	/usr/lib/libxar.1.dylib
0x000000000c020000 	/usr/lib/libsqlite3.dylib
0x000000000c020000 	/usr/lib/libpam.2.dylib
0x000000000c020000 	/usr/lib/libOpenScriptingUtil.dylib
0x000000000c020000 	/usr/lib/libbz2.1.0.dylib
0x000000000c020000 	/usr/lib/liblzma.5.dylib
0x000000000c020000 	/System/Library/Frameworks/CoreServices.framework/Versions/A/Frameworks/FSEvents.framework/Versions/A/FSEvents
0x000000000c020000 	/System/Library/Frameworks/CoreServices.framework/Versions/A/Frameworks/CarbonCore.framework/Versions/A/CarbonCore
0x000000000c020000 	/System/Library/Frameworks/CoreServices.framework/Versions/A/Frameworks/Metadata.framework/Versions/A/Metadata
0x000000000c020000 	/System/Library/Frameworks/CoreServices.framework/Versions/A/Frameworks/OSServices.framework/Versions/A/OSServices
0x000000000c020000 	/System/Library/Frameworks/CoreServices.framework/Versions/A/Frameworks/SearchKit.framework/Versions/A/SearchKit
0x000000000c020000 	/System/Library/Frameworks/CoreServices.framework/Versions/A/Frameworks/AE.framework/Versions/A/AE
0x000000000c020000 	/System/Library/Frameworks/CoreServices.framework/Versions/A/Frameworks/LaunchServices.framework/Versions/A/LaunchServices
0x000000000c020000 	/System/Library/Frameworks/CoreServices.framework/Versions/A/Frameworks/DictionaryServices.framework/Versions/A/DictionaryServices
0x000000000c020000 	/System/Library/Frameworks/CoreServices.framework/Versions/A/Frameworks/SharedFileList.framework/Versions/A/SharedFileList
0x000000000c020000 	/System/Library/Frameworks/NetFS.framework/Versions/A/NetFS
0x000000000c020000 	/System/Library/PrivateFrameworks/NetAuth.framework/Versions/A/NetAuth
0x000000000c020000 	/System/Library/PrivateFrameworks/login.framework/Versions/A/Frameworks/loginsupport.framework/Versions/A/loginsupport
0x000000000c020000 	/System/Library/PrivateFrameworks/TCC.framework/Versions/A/TCC
0x000000000c020000 	/usr/lib/libmecabra.dylib
0x000000000c020000 	/System/Library/Frameworks/ApplicationServices.framework/Versions/A/Frameworks/ATS.framework/Versions/A/ATS
0x000000000c020000 	/System/Library/Frameworks/ApplicationServices.framework/Versions/A/Frameworks/ColorSync.framework/Versions/A/ColorSync
0x000000000c020000 	/System/Library/Frameworks/ApplicationServices.framework/Versions/A/Frameworks/HIServices.framework/Versions/A/HIServices
0x000000000c020000 	/System/Library/Frameworks/ApplicationServices.framework/Versions/A/Frameworks/LangAnalysis.framework/Versions/A/LangAnalysis
0x000000000c020000 	/System/Library/Frameworks/ApplicationServices.framework/Versions/A/Frameworks/PrintCore.framework/Versions/A/PrintCore
0x000000000c020000 	/System/Library/Frameworks/ApplicationServices.framework/Versions/A/Frameworks/QD.framework/Versions/A/QD
0x000000000c020000 	/System/Library/Frameworks/ApplicationServices.framework/Versions/A/Frameworks/SpeechSynthesis.framework/Versions/A/SpeechSynthesis
0x000000000c020000 	/System/Library/Frameworks/Metal.framework/Versions/A/Metal
0x000000000c020000 	/System/Library/Frameworks/Accelerate.framework/Versions/A/Frameworks/vImage.framework/Versions/A/vImage
0x000000000c020000 	/System/Library/Frameworks/Accelerate.framework/Versions/A/Frameworks/vecLib.framework/Versions/A/vecLib
0x000000000c020000 	/System/Library/Frameworks/Accelerate.framework/Versions/A/Frameworks/vecLib.framework/Versions/A/libvDSP.dylib
0x000000000c020000 	/System/Library/Frameworks/Accelerate.framework/Versions/A/Frameworks/vecLib.framework/Versions/A/libvMisc.dylib
0x000000000c020000 	/System/Library/Frameworks/Accelerate.framework/Versions/A/Frameworks/vecLib.framework/Versions/A/libLAPACK.dylib
0x000000000c020000 	/System/Library/Frameworks/Accelerate.framework/Versions/A/Frameworks/vecLib.framework/Versions/A/libBLAS.dylib
0x000000000c020000 	/System/Library/Frameworks/Accelerate.framework/Versions/A/Frameworks/vecLib.framework/Versions/A/libLinearAlgebra.dylib
0x000000000c020000 	/System/Library/Frameworks/Accelerate.framework/Versions/A/Frameworks/vecLib.framework/Versions/A/libSparseBLAS.dylib
0x000000000c020000 	/System/Library/PrivateFrameworks/GPUCompiler.framework/libmetal_timestamp.dylib
0x000000000c020000 	/System/Library/Frameworks/OpenGL.framework/Versions/A/Libraries/libCoreFSCache.dylib
0x000000000c020000 	/System/Library/PrivateFrameworks/IOAccelerator.framework/Versions/A/IOAccelerator
0x000000000c020000 	/System/Library/Frameworks/ApplicationServices.framework/Versions/A/Frameworks/ATS.framework/Versions/A/Resources/libFontParser.dylib
0x000000000c020000 	/System/Library/Frameworks/ApplicationServices.framework/Versions/A/Frameworks/ATS.framework/Versions/A/Resources/libFontRegistry.dylib
0x000000000c020000 	/System/Library/PrivateFrameworks/AppleVPA.framework/Versions/A/AppleVPA
0x000000000c020000 	/System/Library/PrivateFrameworks/AppleJPEG.framework/Versions/A/AppleJPEG
0x000000000c020000 	/System/Library/Frameworks/ImageIO.framework/Versions/A/Resources/libJPEG.dylib
0x000000000c020000 	/System/Library/Frameworks/ImageIO.framework/Versions/A/Resources/libTIFF.dylib
0x000000000c020000 	/System/Library/Frameworks/ImageIO.framework/Versions/A/Resources/libPng.dylib
0x000000000c020000 	/System/Library/Frameworks/ImageIO.framework/Versions/A/Resources/libGIF.dylib
0x000000000c020000 	/System/Library/Frameworks/ImageIO.framework/Versions/A/Resources/libJP2.dylib
0x000000000c020000 	/System/Library/Frameworks/ImageIO.framework/Versions/A/Resources/libRadiance.dylib
0x000000000c020000 	/System/Library/Frameworks/CoreVideo.framework/Versions/A/CoreVideo
0x000000000c020000 	/System/Library/Frameworks/OpenGL.framework/Versions/A/Libraries/libGLU.dylib
0x000000000c020000 	/System/Library/Frameworks/OpenGL.framework/Versions/A/Libraries/libGFXShared.dylib
0x000000000c020000 	/System/Library/Frameworks/OpenGL.framework/Versions/A/Libraries/libGL.dylib
0x000000000c020000 	/System/Library/Frameworks/OpenGL.framework/Versions/A/Libraries/libGLImage.dylib
0x000000000c020000 	/System/Library/Frameworks/OpenGL.framework/Versions/A/Libraries/libCVMSPluginSupport.dylib
0x000000000c020000 	/System/Library/Frameworks/OpenGL.framework/Versions/A/Libraries/libCoreVMClient.dylib
0x000000000c020000 	/usr/lib/libcups.2.dylib
0x000000000c020000 	/System/Library/Frameworks/Kerberos.framework/Versions/A/Kerberos
0x000000000c020000 	/System/Library/Frameworks/GSS.framework/Versions/A/GSS
0x000000000c020000 	/usr/lib/libresolv.9.dylib
0x000000000c020000 	/usr/lib/libiconv.2.dylib
0x000000000c020000 	/System/Library/PrivateFrameworks/Heimdal.framework/Versions/A/Heimdal
0x000000000c020000 	/usr/lib/libheimdal-asn1.dylib
0x000000000c020000 	/System/Library/Frameworks/OpenDirectory.framework/Versions/A/OpenDirectory
0x000000000c020000 	/System/Library/PrivateFrameworks/CommonAuth.framework/Versions/A/CommonAuth
0x000000000c020000 	/System/Library/Frameworks/OpenDirectory.framework/Versions/A/Frameworks/CFOpenDirectory.framework/Versions/A/CFOpenDirectory
0x000000000c020000 	/System/Library/Frameworks/SecurityFoundation.framework/Versions/A/SecurityFoundation
0x000000000c020000 	/System/Library/PrivateFrameworks/LanguageModeling.framework/Versions/A/LanguageModeling
0x000000000c020000 	/usr/lib/libmarisa.dylib
0x000000000c020000 	/usr/lib/libChineseTokenizer.dylib
0x000000000c020000 	/usr/lib/libcmph.dylib
0x000000000c020000 	/usr/lib/libcompression.dylib
0x000000000c020000 	/System/Library/Frameworks/ServiceManagement.framework/Versions/A/ServiceManagement
0x000000000c020000 	/usr/lib/libxslt.1.dylib
0x000000000c020000 	/System/Library/Frameworks/Carbon.framework/Versions/A/Frameworks/Ink.framework/Versions/A/Ink
0x000000000c020000 	/usr/lib/libFosl_dynamic.dylib
0x000000000c020000 	/System/Library/PrivateFrameworks/FaceCore.framework/Versions/A/FaceCore
0x000000000c020000 	/System/Library/Frameworks/OpenCL.framework/Versions/A/OpenCL
0x000000000c020000 	/System/Library/PrivateFrameworks/CrashReporterSupport.framework/Versions/A/CrashReporterSupport
0x000000000c020000 	/System/Library/PrivateFrameworks/IconServices.framework/Versions/A/IconServices
0x000000000c020000 	/System/Library/PrivateFrameworks/Apple80211.framework/Versions/A/Apple80211
0x000000000c020000 	/System/Library/Frameworks/CoreWLAN.framework/Versions/A/CoreWLAN
0x000000000c020000 	/System/Library/Frameworks/IOBluetooth.framework/Versions/A/IOBluetooth
0x000000000c020000 	/System/Library/PrivateFrameworks/CoreWiFi.framework/Versions/A/CoreWiFi
0x000000000c020000 	/System/Library/Frameworks/CoreBluetooth.framework/Versions/A/CoreBluetooth
0x000000000c020000 	/System/Library/PrivateFrameworks/ChunkingLibrary.framework/Versions/A/ChunkingLibrary
0x000000000c020000 	/System/Library/PrivateFrameworks/DebugSymbols.framework/Versions/A/DebugSymbols
0x000000000c020000 	/System/Library/PrivateFrameworks/CoreSymbolication.framework/Versions/A/CoreSymbolication
0x000000000c020000 	/System/Library/PrivateFrameworks/Symbolication.framework/Versions/A/Symbolication
0x000000000c020000 	/System/Library/PrivateFrameworks/SpeechRecognitionCore.framework/Versions/A/SpeechRecognitionCore
0x000000010da00000 	/Library/Java/JavaVirtualMachines/jdk1.7.0_75.jdk/Contents/Home/jre/lib/server/libjvm.dylib
0x000000010d0b4000 	/usr/lib/libstdc++.6.dylib
0x000000010d16b000 	/Library/Java/JavaVirtualMachines/jdk1.7.0_75.jdk/Contents/Home/jre/lib/libverify.dylib
0x000000010d178000 	/Library/Java/JavaVirtualMachines/jdk1.7.0_75.jdk/Contents/Home/jre/lib/libjava.dylib
0x000000010d1b2000 	/Library/Java/JavaVirtualMachines/jdk1.7.0_75.jdk/Contents/Home/jre/lib/libzip.dylib
0x000000010d1e5000 	/System/Library/Frameworks/JavaVM.framework/Frameworks/JavaRuntimeSupport.framework/JavaRuntimeSupport
0x0000000117590000 	/System/Library/Frameworks/JavaVM.framework/Versions/A/Frameworks/JavaNativeFoundation.framework/Versions/A/JavaNativeFoundation
0x00000001175a5000 	/System/Library/Frameworks/JavaVM.framework/Versions/A/JavaVM
0x000000000c020000 	/System/Library/Frameworks/Carbon.framework/Versions/A/Carbon
0x00000001175b2000 	/System/Library/PrivateFrameworks/JavaLaunching.framework/Versions/A/JavaLaunching
0x000000000c020000 	/System/Library/Frameworks/Carbon.framework/Versions/A/Frameworks/CommonPanels.framework/Versions/A/CommonPanels
0x000000000c020000 	/System/Library/Frameworks/Carbon.framework/Versions/A/Frameworks/Help.framework/Versions/A/Help
0x000000000c020000 	/System/Library/Frameworks/Carbon.framework/Versions/A/Frameworks/ImageCapture.framework/Versions/A/ImageCapture
0x000000000c020000 	/System/Library/Frameworks/Carbon.framework/Versions/A/Frameworks/OpenScripting.framework/Versions/A/OpenScripting
0x000000000c020000 	/System/Library/Frameworks/Carbon.framework/Versions/A/Frameworks/Print.framework/Versions/A/Print
0x000000000c020000 	/System/Library/Frameworks/Carbon.framework/Versions/A/Frameworks/SecurityHI.framework/Versions/A/SecurityHI
0x0000000118f59000 	/Library/Java/JavaVirtualMachines/jdk1.7.0_75.jdk/Contents/Home/jre/lib/libawt.dylib
0x0000000119451000 	/Library/Java/JavaVirtualMachines/jdk1.7.0_75.jdk/Contents/Home/jre/lib/./libmlib_image.dylib
0x0000000119760000 	/Library/Java/JavaVirtualMachines/jdk1.7.0_75.jdk/Contents/Home/jre/lib/lwawt/liblwawt.dylib
0x0000000118ed8000 	/Library/Java/JavaVirtualMachines/jdk1.7.0_75.jdk/Contents/Home/jre/lib/libosxapp.dylib
0x000000000c020000 	/System/Library/Frameworks/ExceptionHandling.framework/Versions/A/ExceptionHandling
0x000000000c020000 	/System/Library/PrivateFrameworks/CoreServicesInternal.framework/Versions/A/CoreServicesInternal
0x000000000c020000 	/System/Library/Frameworks/CoreGraphics.framework/Versions/A/Resources/libRIP.A.dylib
0x00000001192d2000 	/System/Library/Frameworks/Accelerate.framework/Frameworks/vImage.framework/Versions/A/Libraries/libCGInterfaces.dylib
0x000000000c020000 	/System/Library/Frameworks/CoreGraphics.framework/Versions/A/Resources/libCGXType.A.dylib
0x000000000c020000 	/System/Library/Frameworks/OpenCL.framework/Versions/A/Libraries/libcldcpuengine.dylib
0x000000000c020000 	/System/Library/PrivateFrameworks/DiskImages.framework/Versions/A/DiskImages
0x000000000c020000 	/System/Library/Frameworks/DiscRecording.framework/Versions/A/DiscRecording
0x000000000c020000 	/usr/lib/libcsfde.dylib
0x000000000c020000 	/usr/lib/libcurl.4.dylib
0x000000000c020000 	/System/Library/PrivateFrameworks/MediaKit.framework/Versions/A/MediaKit
0x000000000c020000 	/System/Library/PrivateFrameworks/ProtectedCloudStorage.framework/Versions/A/ProtectedCloudStorage
0x000000000c020000 	/usr/lib/libCoreStorage.dylib
0x000000000c020000 	/System/Library/PrivateFrameworks/EFILogin.framework/Versions/A/EFILogin
0x000000000c020000 	/usr/lib/libutil.dylib
0x000000000c020000 	/System/Library/PrivateFrameworks/FindMyDevice.framework/Versions/A/FindMyDevice
0x000000000c020000 	/System/Library/Frameworks/LDAP.framework/Versions/A/LDAP
0x000000000c020000 	/usr/lib/libsasl2.2.dylib
0x000000000c020000 	/System/Library/PrivateFrameworks/CoreDaemon.framework/Versions/B/CoreDaemon
0x000000000c020000 	/usr/lib/libcrypto.0.9.8.dylib
0x000000000c020000 	/System/Library/PrivateFrameworks/AppleSRP.framework/Versions/A/AppleSRP
0x000000000c020000 	/System/Library/PrivateFrameworks/TrustEvaluationAgent.framework/Versions/A/TrustEvaluationAgent
0x0000000119322000 	cl_kernels
0x000000000c020000 	/System/Library/Frameworks/OpenCL.framework/Versions/A/Libraries/ImageFormats/unorm8_bgra.dylib
0x000000000c020000 	/System/Library/Frameworks/OpenCL.framework/Versions/A/Libraries/ImageFormats/unorm8_rgba.dylib
0x000000000c020000 	/System/Library/PrivateFrameworks/FamilyControls.framework/Versions/A/FamilyControls
0x000000000c020000 	/System/Library/PrivateFrameworks/CommerceKit.framework/Versions/A/Frameworks/CommerceCore.framework/Versions/A/CommerceCore
0x000000000c020000 	/System/Library/PrivateFrameworks/SystemAdministration.framework/Versions/A/SystemAdministration
0x000000000c020000 	/System/Library/PrivateFrameworks/AppContainer.framework/Versions/A/AppContainer
0x000000000c020000 	/System/Library/PrivateFrameworks/SecCodeWrapper.framework/Versions/A/SecCodeWrapper
0x000000000c020000 	/System/Library/Frameworks/DirectoryService.framework/Versions/A/DirectoryService
0x000000000c020000 	/System/Library/PrivateFrameworks/LoginUIKit.framework/Versions/A/Frameworks/LoginUICore.framework/Versions/A/LoginUICore
0x000000000c020000 	/usr/lib/libodfde.dylib
0x000000011c2d5000 	/System/Library/Frameworks/OpenGL.framework/Resources/GLEngine.bundle/GLEngine
0x000000000c020000 	/System/Library/Frameworks/OpenGL.framework/Versions/A/Libraries/libGLProgrammability.dylib
0x000000011c4bd000 	/System/Library/Extensions/AppleIntelHD3000GraphicsGLDriver.bundle/Contents/MacOS/AppleIntelHD3000GraphicsGLDriver
0x000000000c020000 	/System/Library/PrivateFrameworks/GPUSupport.framework/Versions/A/Libraries/libGPUSupport.dylib
0x0000000119915000 	/System/Library/Frameworks/OpenGL.framework/Resources//GLRendererFloat.bundle/GLRendererFloat
0x000000011ccb1000 	/Library/Java/JavaVirtualMachines/jdk1.7.0_75.jdk/Contents/Home/jre/lib/libfontmanager.dylib
0x000000011994c000 	/Library/Java/JavaVirtualMachines/jdk1.7.0_75.jdk/Contents/Home/jre/lib/libosxui.dylib
0x000000011d8f3000 	/Library/Java/JavaVirtualMachines/jdk1.7.0_75.jdk/Contents/Home/jre/lib/libnet.dylib
0x000000011d909000 	/Library/Java/JavaVirtualMachines/jdk1.7.0_75.jdk/Contents/Home/jre/lib/libnio.dylib
0x000000011d918000 	/private/var/folders/8b/2cfz93zx499f0wt0w3g1g_jr0000gn/T/jogamp_0000/file_cache/jln3946634369517474230/jln7284686090209016968/libgluegen-rt.jnilib
0x000000011d91c000 	/private/var/folders/8b/2cfz93zx499f0wt0w3g1g_jr0000gn/T/jogamp_0000/file_cache/jln3946634369517474230/jln7284686090209016968/libnativewindow_awt.jnilib
0x000000011d920000 	/Library/Java/JavaVirtualMachines/jdk1.7.0_75.jdk/Contents/Home/jre/lib/libjawt.dylib
0x000000011d923000 	/private/var/folders/8b/2cfz93zx499f0wt0w3g1g_jr0000gn/T/jogamp_0000/file_cache/jln3946634369517474230/jln7284686090209016968/libnativewindow_macosx.jnilib
0x000000011d931000 	/private/var/folders/8b/2cfz93zx499f0wt0w3g1g_jr0000gn/T/jogamp_0000/file_cache/jln3946634369517474230/jln7284686090209016968/libjogl_desktop.jnilib

VM Arguments:
jvm_args: -Dfile.encoding=UTF-8 
java_command: assignment4.Assignment4_1_visual
Launcher Type: SUN_STANDARD

Environment Variables:
PATH=/usr/bin:/bin:/usr/sbin:/sbin
SHELL=/bin/zsh

Signal Handlers:
SIGSEGV: [libjvm.dylib+0x52d20d], sa_mask[0]=0xfffefeff, sa_flags=0x00000043
SIGBUS: [libjvm.dylib+0x52d20d], sa_mask[0]=0xfffefeff, sa_flags=0x00000042
SIGFPE: [libjvm.dylib+0x41ee7a], sa_mask[0]=0xfffefeff, sa_flags=0x00000042
SIGPIPE: [libjvm.dylib+0x41ee7a], sa_mask[0]=0xfffefeff, sa_flags=0x00000042
SIGXFSZ: [libjvm.dylib+0x41ee7a], sa_mask[0]=0xfffefeff, sa_flags=0x00000042
SIGILL: [libjvm.dylib+0x41ee7a], sa_mask[0]=0xfffefeff, sa_flags=0x00000042
SIGUSR1: SIG_DFL, sa_mask[0]=0x00000000, sa_flags=0x00000000
SIGUSR2: [libjvm.dylib+0x41e96c], sa_mask[0]=0x00000004, sa_flags=0x00000042
SIGHUP: [libjvm.dylib+0x41cbfd], sa_mask[0]=0xfffefeff, sa_flags=0x00000042
SIGINT: [libjvm.dylib+0x41cbfd], sa_mask[0]=0xfffefeff, sa_flags=0x00000042
SIGTERM: [libjvm.dylib+0x41cbfd], sa_mask[0]=0xfffefeff, sa_flags=0x00000042
SIGQUIT: [libjvm.dylib+0x41cbfd], sa_mask[0]=0xfffefeff, sa_flags=0x00000042


---------------  S Y S T E M  ---------------

OS:Bsduname:Darwin 15.0.0 Darwin Kernel Version 15.0.0: Sat Sep 19 15:53:46 PDT 2015; root:xnu-3247.10.11~1/RELEASE_X86_64 x86_64
rlimit: STACK 8192k, CORE 0k, NPROC 709, NOFILE 10240, AS infinity
load average:2.75 2.12 1.84

CPU:total 4 (2 cores per cpu, 2 threads per core) family 6 model 42 stepping 7, cmov, cx8, fxsr, mmx, sse, sse2, sse3, ssse3, sse4.1, sse4.2, popcnt, avx, aes, ht, tsc, tscinvbit

Memory: 4k page, physical 8388608k(2097152k free)

/proc/meminfo:


vm_info: Java HotSpot(TM) 64-Bit Server VM (24.75-b04) for bsd-amd64 JRE (1.7.0_75-b13), built on Dec 18 2014 21:48:12 by "java_re" with gcc 4.2.1 (Based on Apple Inc. build 5658) (LLVM build 2336.11.00)

time: Sun Nov  1 16:17:31 2015
elapsed time: 8 seconds

