#
# A fatal error has been detected by the Java Runtime Environment:
#
#  SIGSEGV (0xb) at pc=0x00007fff8fa2245c, pid=84972, tid=60931
#
# JRE version: Java(TM) SE Runtime Environment (7.0_75-b13) (build 1.7.0_75-b13)
# Java VM: Java HotSpot(TM) 64-Bit Server VM (24.75-b04 mixed mode bsd-amd64 compressed oops)
# Problematic frame:
# C  [GLEngine+0x15945c]  gleRunVertexSubmitImmediate+0x206c
#
# Failed to write core dump. Core dumps have been disabled. To enable core dumping, try "ulimit -c unlimited" before starting Java again
#
# If you would like to submit a bug report, please visit:
#   http://bugreport.sun.com/bugreport/crash.jsp
# The crash happened outside the Java Virtual Machine in native code.
# See problematic frame for where to report the bug.
#

---------------  T H R E A D  ---------------

Current thread (0x00007f9beaad2000):  JavaThread "AWT-EventQueue-0" [_thread_in_native, id=60931, stack(0x000070000158a000,0x000070000168a000)]

siginfo:si_signo=SIGSEGV: si_errno=0, si_code=1 (SEGV_MAPERR), si_addr=0x0000000000000000

Registers:
RAX=0x0000000000000000, RBX=0x00007fff8fa2320c, RCX=0x0000000000000006, RDX=0x0000000000000003
RSP=0x00007000016871d0, RBP=0x0000700001687460, RSI=0x0000000003300000, RDI=0x00007fff8fa21c9a
R8 =0x0000000186601083, R9 =0x00007f9becb8a8e0, R10=0x0000000000000003, R11=0x0000000000000006
R12=0x0000000000000c33, R13=0x0000000000000000, R14=0x0000000000000000, R15=0x0000000003000000
RIP=0x00007fff8fa2245c, EFLAGS=0x0000000000010297, ERR=0x0000000000000004
  TRAPNO=0x000000000000000e

Top of Stack: (sp=0x00007000016871d0)
0x00007000016871d0:   00007000016872c0 00007fff8f782a36
0x00007000016871e0:   0000000000000001 0000000000000000
0x00007000016871f0:   0000000101687210 00007f9bec3fd600
0x0000700001687200:   0000000000000004 00007f9bed026d20
0x0000700001687210:   620046d2c62565a4 00007fff76e19778
0x0000700001687220:   0000000000001400 000000010bd9ba00
0x0000700001687230:   0000700001687318 0000700001687320
0x0000700001687240:   00007000016872e0 000000010bd9ce00
0x0000700001687250:   0000000000001002 0000000000000078
0x0000700001687260:   0000700001687320 00000000016872b4
0x0000700001687270:   0000000000000008 00007fff76e19778
0x0000700001687280:   ff80000000001002 000070000168ffff
0x0000700001687290:   ffffffffffffffff 0000000000000000
0x00007000016872a0:   00000000000fffc0 00007f9bed0269a0
0x00007000016872b0:   00007f9bed026960 00007f9bed026980
0x00007000016872c0:   00007f9bed026950 00007000016873f8
0x00007000016872d0:   00007f9bed026990 00007f9bed026970
0x00007000016872e0:   00007f9bed026940 0000000000000000
0x00007000016872f0:   0000000000000000 00007f9bed026990
0x0000700001687300:   00007f9bed026990 0000000000000000
0x0000700001687310:   00000006ec40b400 0000000000000000
0x0000700001687320:   000000001b775c40 0000000000000003
0x0000700001687330:   0000000000000000 00007f9bed026800
0x0000700001687340:   0000000002106000 00000000ffffffff
0x0000700001687350:   fffffffe016873a0 00007f9becb8a8e0
0x0000700001687360:   0000000000000001 00000c3300841800
0x0000700001687370:   00007f9bed02a5a0 00007f9bed02a7b0
0x0000700001687380:   00007f9bec3fd600 0000000000000001
0x0000700001687390:   0000700001687404 0000700001687400
0x00007000016873a0:   00007000016873e0 000000011b44e82b
0x00007000016873b0:   0000000000000000 00000000ed026800
0x00007000016873c0:   0000000000000000 0000000000000000 

Instructions: (pc=0x00007fff8fa2245c)
0x00007fff8fa2243c:   0f 58 05 0d cf 04 00 0f 58 c1 0f 5e 05 23 d4 04
0x00007fff8fa2244c:   00 0f 29 85 30 ff ff ff 45 31 db e9 a4 03 00 00
0x00007fff8fa2245c:   f2 0f 10 20 f3 0f 10 40 08 66 0f 14 e0 e9 92 03
0x00007fff8fa2246c:   00 00 41 81 f9 00 7c 00 00 75 11 85 db be ff ff 

Register to memory mapping:

RAX=0x0000000000000000 is an unknown value
RBX=0x00007fff8fa2320c: gleRunVertexSubmitImmediate+0x2e1c in /System/Library/Frameworks/OpenGL.framework/Versions/A/Resources/GLEngine.bundle/GLEngine at 0x00007fff8f8c9000
RCX=0x0000000000000006 is an unknown value
RDX=0x0000000000000003 is an unknown value
RSP=0x00007000016871d0 is pointing into the stack for thread: 0x00007f9beaad2000
RBP=0x0000700001687460 is pointing into the stack for thread: 0x00007f9beaad2000
RSI=0x0000000003300000 is an unknown value
RDI=0x00007fff8fa21c9a: gleRunVertexSubmitImmediate+0x18aa in /System/Library/Frameworks/OpenGL.framework/Versions/A/Resources/GLEngine.bundle/GLEngine at 0x00007fff8f8c9000
R8 =0x0000000186601083 is an unknown value
R9 =0x00007f9becb8a8e0 is an unknown value
R10=0x0000000000000003 is an unknown value
R11=0x0000000000000006 is an unknown value
R12=0x0000000000000c33 is an unknown value
R13=0x0000000000000000 is an unknown value
R14=0x0000000000000000 is an unknown value
R15=0x0000000003000000 is an unknown value


Stack: [0x000070000158a000,0x000070000168a000],  sp=0x00007000016871d0,  free space=1012k
Native frames: (J=compiled Java code, j=interpreted, Vv=VM code, C=native code)
C  [GLEngine+0x15945c]  gleRunVertexSubmitImmediate+0x206c
C  [GLEngine+0xb9cd6]  glDrawElements_GL3Exec+0x2c4
C  [libjogl_desktop.jnilib+0x15796]  Java_jogamp_opengl_gl4_GL4bcImpl_dispatch_1glDrawElements1__IIIJJ+0x56
j  jogamp.opengl.gl4.GL4bcImpl.dispatch_glDrawElements1(IIIJJ)V+0
j  jogamp.opengl.gl4.GL4bcImpl.glDrawElements(IIIJ)V+47
j  openGL.gl.GLRenderer.draw(LopenGL/objects/RenderItem;)V+113
j  openGL.gl.GLRenderer.display(Ljavax/media/opengl/GLAutoDrawable;)V+58
j  openGL.gl.GLRenderPanel$GLRenderContextEventListener.display(Ljavax/media/opengl/GLAutoDrawable;)V+5
j  jogamp.opengl.GLDrawableHelper.displayImpl(Ljavax/media/opengl/GLAutoDrawable;)V+81
j  jogamp.opengl.GLDrawableHelper.display(Ljavax/media/opengl/GLAutoDrawable;)V+2
j  javax.media.opengl.awt.GLCanvas$7.run()V+118
j  jogamp.opengl.GLDrawableHelper.invokeGLImpl(Ljavax/media/opengl/GLDrawable;Ljavax/media/opengl/GLContext;Ljava/lang/Runnable;Ljava/lang/Runnable;)V+206
j  jogamp.opengl.GLDrawableHelper.invokeGL(Ljavax/media/opengl/GLDrawable;Ljavax/media/opengl/GLContext;Ljava/lang/Runnable;Ljava/lang/Runnable;)V+80
j  javax.media.opengl.awt.GLCanvas$8.run()V+73
j  javax.media.opengl.Threading.invoke(ZLjava/lang/Runnable;Ljava/lang/Object;)V+33
j  javax.media.opengl.awt.GLCanvas.display()V+57
j  javax.media.opengl.awt.GLCanvas.paint(Ljava/awt/Graphics;)V+137
j  sun.awt.RepaintArea.paintComponent(Ljava/awt/Component;Ljava/awt/Graphics;)V+6
j  sun.lwawt.LWRepaintArea.paintComponent(Ljava/awt/Component;Ljava/awt/Graphics;)V+24
j  sun.awt.RepaintArea.paint(Ljava/lang/Object;Z)V+326
j  sun.lwawt.LWComponentPeer.handleJavaPaintEvent()V+19
j  sun.lwawt.LWComponentPeer.handleEvent(Ljava/awt/AWTEvent;)V+84
j  java.awt.Component.dispatchEventImpl(Ljava/awt/AWTEvent;)V+869
j  java.awt.Component.dispatchEvent(Ljava/awt/AWTEvent;)V+2
j  java.awt.EventQueue.dispatchEventImpl(Ljava/awt/AWTEvent;Ljava/lang/Object;)V+41
j  java.awt.EventQueue.access$300(Ljava/awt/EventQueue;Ljava/awt/AWTEvent;Ljava/lang/Object;)V+3
j  java.awt.EventQueue$3.run()Ljava/lang/Void;+12
j  java.awt.EventQueue$3.run()Ljava/lang/Object;+1
v  ~StubRoutines::call_stub
V  [libjvm.dylib+0x2dbb58]  JavaCalls::call_helper(JavaValue*, methodHandle*, JavaCallArguments*, Thread*)+0x22a
V  [libjvm.dylib+0x2db928]  JavaCalls::call(JavaValue*, methodHandle, JavaCallArguments*, Thread*)+0x28
V  [libjvm.dylib+0x32f100]  JVM_DoPrivileged+0x411
j  java.security.AccessController.doPrivileged(Ljava/security/PrivilegedAction;Ljava/security/AccessControlContext;)Ljava/lang/Object;+0
j  java.security.ProtectionDomain$1.doIntersectionPrivilege(Ljava/security/PrivilegedAction;Ljava/security/AccessControlContext;Ljava/security/AccessControlContext;)Ljava/lang/Object;+28
j  java.security.ProtectionDomain$1.doIntersectionPrivilege(Ljava/security/PrivilegedAction;Ljava/security/AccessControlContext;)Ljava/lang/Object;+6
j  java.awt.EventQueue$4.run()Ljava/lang/Void;+11
j  java.awt.EventQueue$4.run()Ljava/lang/Object;+1
v  ~StubRoutines::call_stub
V  [libjvm.dylib+0x2dbb58]  JavaCalls::call_helper(JavaValue*, methodHandle*, JavaCallArguments*, Thread*)+0x22a
V  [libjvm.dylib+0x2db928]  JavaCalls::call(JavaValue*, methodHandle, JavaCallArguments*, Thread*)+0x28
V  [libjvm.dylib+0x32f100]  JVM_DoPrivileged+0x411
j  java.security.AccessController.doPrivileged(Ljava/security/PrivilegedAction;Ljava/security/AccessControlContext;)Ljava/lang/Object;+0
j  java.security.ProtectionDomain$1.doIntersectionPrivilege(Ljava/security/PrivilegedAction;Ljava/security/AccessControlContext;Ljava/security/AccessControlContext;)Ljava/lang/Object;+28
j  java.awt.EventQueue.dispatchEvent(Ljava/awt/AWTEvent;)V+73
j  java.awt.EventDispatchThread.pumpOneEventForFilters(I)V+245
j  java.awt.EventDispatchThread.pumpEventsForFilter(ILjava/awt/Conditional;Ljava/awt/EventFilter;)V+35
j  java.awt.EventDispatchThread.pumpEventsForHierarchy(ILjava/awt/Conditional;Ljava/awt/Component;)V+11
j  java.awt.EventDispatchThread.pumpEvents(ILjava/awt/Conditional;)V+4
j  java.awt.EventDispatchThread.pumpEvents(Ljava/awt/Conditional;)V+3
j  java.awt.EventDispatchThread.run()V+9
v  ~StubRoutines::call_stub
V  [libjvm.dylib+0x2dbb58]  JavaCalls::call_helper(JavaValue*, methodHandle*, JavaCallArguments*, Thread*)+0x22a
V  [libjvm.dylib+0x2dc06f]  JavaCalls::call_virtual(JavaValue*, KlassHandle, Symbol*, Symbol*, JavaCallArguments*, Thread*)+0x11b
V  [libjvm.dylib+0x2dc1ac]  JavaCalls::call_virtual(JavaValue*, Handle, KlassHandle, Symbol*, Symbol*, Thread*)+0x4a
V  [libjvm.dylib+0x32b082]  thread_entry(JavaThread*, Thread*)+0xad
V  [libjvm.dylib+0x4f6cb9]  JavaThread::thread_main_inner()+0x9b
V  [libjvm.dylib+0x4f83c1]  JavaThread::run()+0x1a3
V  [libjvm.dylib+0x421762]  java_start(Thread*)+0x126
C  [libsystem_pthread.dylib+0x39b1]  _pthread_body+0x83
C  [libsystem_pthread.dylib+0x392e]  _pthread_body+0x0
C  [libsystem_pthread.dylib+0x1385]  thread_start+0xd

Java frames: (J=compiled Java code, j=interpreted, Vv=VM code)
j  jogamp.opengl.gl4.GL4bcImpl.dispatch_glDrawElements1(IIIJJ)V+0
j  jogamp.opengl.gl4.GL4bcImpl.glDrawElements(IIIJ)V+47
j  openGL.gl.GLRenderer.draw(LopenGL/objects/RenderItem;)V+113
j  openGL.gl.GLRenderer.display(Ljavax/media/opengl/GLAutoDrawable;)V+58
j  openGL.gl.GLRenderPanel$GLRenderContextEventListener.display(Ljavax/media/opengl/GLAutoDrawable;)V+5
j  jogamp.opengl.GLDrawableHelper.displayImpl(Ljavax/media/opengl/GLAutoDrawable;)V+81
j  jogamp.opengl.GLDrawableHelper.display(Ljavax/media/opengl/GLAutoDrawable;)V+2
j  javax.media.opengl.awt.GLCanvas$7.run()V+118
j  jogamp.opengl.GLDrawableHelper.invokeGLImpl(Ljavax/media/opengl/GLDrawable;Ljavax/media/opengl/GLContext;Ljava/lang/Runnable;Ljava/lang/Runnable;)V+206
j  jogamp.opengl.GLDrawableHelper.invokeGL(Ljavax/media/opengl/GLDrawable;Ljavax/media/opengl/GLContext;Ljava/lang/Runnable;Ljava/lang/Runnable;)V+80
j  javax.media.opengl.awt.GLCanvas$8.run()V+73
j  javax.media.opengl.Threading.invoke(ZLjava/lang/Runnable;Ljava/lang/Object;)V+33
j  javax.media.opengl.awt.GLCanvas.display()V+57
j  javax.media.opengl.awt.GLCanvas.paint(Ljava/awt/Graphics;)V+137
j  sun.awt.RepaintArea.paintComponent(Ljava/awt/Component;Ljava/awt/Graphics;)V+6
j  sun.lwawt.LWRepaintArea.paintComponent(Ljava/awt/Component;Ljava/awt/Graphics;)V+24
j  sun.awt.RepaintArea.paint(Ljava/lang/Object;Z)V+326
j  sun.lwawt.LWComponentPeer.handleJavaPaintEvent()V+19
j  sun.lwawt.LWComponentPeer.handleEvent(Ljava/awt/AWTEvent;)V+84
j  java.awt.Component.dispatchEventImpl(Ljava/awt/AWTEvent;)V+869
j  java.awt.Component.dispatchEvent(Ljava/awt/AWTEvent;)V+2
j  java.awt.EventQueue.dispatchEventImpl(Ljava/awt/AWTEvent;Ljava/lang/Object;)V+41
j  java.awt.EventQueue.access$300(Ljava/awt/EventQueue;Ljava/awt/AWTEvent;Ljava/lang/Object;)V+3
j  java.awt.EventQueue$3.run()Ljava/lang/Void;+12
j  java.awt.EventQueue$3.run()Ljava/lang/Object;+1
v  ~StubRoutines::call_stub
j  java.security.AccessController.doPrivileged(Ljava/security/PrivilegedAction;Ljava/security/AccessControlContext;)Ljava/lang/Object;+0
j  java.security.ProtectionDomain$1.doIntersectionPrivilege(Ljava/security/PrivilegedAction;Ljava/security/AccessControlContext;Ljava/security/AccessControlContext;)Ljava/lang/Object;+28
j  java.security.ProtectionDomain$1.doIntersectionPrivilege(Ljava/security/PrivilegedAction;Ljava/security/AccessControlContext;)Ljava/lang/Object;+6
j  java.awt.EventQueue$4.run()Ljava/lang/Void;+11
j  java.awt.EventQueue$4.run()Ljava/lang/Object;+1
v  ~StubRoutines::call_stub
j  java.security.AccessController.doPrivileged(Ljava/security/PrivilegedAction;Ljava/security/AccessControlContext;)Ljava/lang/Object;+0
j  java.security.ProtectionDomain$1.doIntersectionPrivilege(Ljava/security/PrivilegedAction;Ljava/security/AccessControlContext;Ljava/security/AccessControlContext;)Ljava/lang/Object;+28
j  java.awt.EventQueue.dispatchEvent(Ljava/awt/AWTEvent;)V+73
j  java.awt.EventDispatchThread.pumpOneEventForFilters(I)V+245
j  java.awt.EventDispatchThread.pumpEventsForFilter(ILjava/awt/Conditional;Ljava/awt/EventFilter;)V+35
j  java.awt.EventDispatchThread.pumpEventsForHierarchy(ILjava/awt/Conditional;Ljava/awt/Component;)V+11
j  java.awt.EventDispatchThread.pumpEvents(ILjava/awt/Conditional;)V+4
j  java.awt.EventDispatchThread.pumpEvents(Ljava/awt/Conditional;)V+3
j  java.awt.EventDispatchThread.run()V+9
v  ~StubRoutines::call_stub

---------------  P R O C E S S  ---------------

Java Threads: ( => current thread )
  0x00007f9bec1b8000 JavaThread "DestroyJavaVM" [_thread_blocked, id=5891, stack(0x000070000011a000,0x000070000021a000)]
=>0x00007f9beaad2000 JavaThread "AWT-EventQueue-0" [_thread_in_native, id=60931, stack(0x000070000158a000,0x000070000168a000)]
  0x00007f9bea849800 JavaThread "process reaper" daemon [_thread_blocked, id=59907, stack(0x000070000145c000,0x0000700001484000)]
  0x00007f9bec128800 JavaThread "Java2D Disposer" daemon [_thread_blocked, id=59395, stack(0x0000700001359000,0x0000700001459000)]
  0x00007f9bea988000 JavaThread "Java2D Queue Flusher" daemon [_thread_blocked, id=55815, stack(0x0000700001256000,0x0000700001356000)]
  0x00007f9beb917800 JavaThread "AWT-Shutdown" [_thread_blocked, id=29203, stack(0x00007000010d0000,0x00007000011d0000)]
  0x00007f9beb0ec000 JavaThread "AWT-AppKit" daemon [_thread_blocked, id=2571, stack(0x00007fff53682000,0x00007fff53e82000)]
  0x00007f9beb82b000 JavaThread "Service Thread" daemon [_thread_blocked, id=18179, stack(0x0000700000d41000,0x0000700000e41000)]
  0x00007f9beb82a800 JavaThread "C2 CompilerThread1" daemon [_thread_blocked, id=17667, stack(0x0000700000c3e000,0x0000700000d3e000)]
  0x00007f9beb829800 JavaThread "C2 CompilerThread0" daemon [_thread_blocked, id=17155, stack(0x0000700000b3b000,0x0000700000c3b000)]
  0x00007f9bec017800 JavaThread "Signal Dispatcher" daemon [_thread_blocked, id=12815, stack(0x0000700000a38000,0x0000700000b38000)]
  0x00007f9beb80f800 JavaThread "Finalizer" daemon [_thread_blocked, id=12291, stack(0x000070000082f000,0x000070000092f000)]
  0x00007f9beb80f000 JavaThread "Reference Handler" daemon [_thread_blocked, id=11779, stack(0x000070000072c000,0x000070000082c000)]

Other Threads:
  0x00007f9bec006000 VMThread [stack: 0x0000700000629000,0x0000700000729000] [id=11267]
  0x00007f9beb829000 WatcherThread [stack: 0x0000700000e44000,0x0000700000f44000] [id=18691]

VM state:not at safepoint (normal execution)

VM Mutex/Monitor currently owned by a thread: None

Heap
 PSYoungGen      total 72704K, used 10348K [0x00000007d5500000, 0x00000007da100000, 0x0000000800000000)
  eden space 67584K, 7% used [0x00000007d5500000,0x00000007d5a1ec40,0x00000007d9700000)
  from space 5120K, 99% used [0x00000007d9c00000,0x00000007da0fc4f8,0x00000007da100000)
  to   space 5120K, 0% used [0x00000007d9700000,0x00000007d9700000,0x00000007d9c00000)
 ParOldGen       total 87040K, used 1724K [0x0000000780000000, 0x0000000785500000, 0x00000007d5500000)
  object space 87040K, 1% used [0x0000000780000000,0x00000007801af1a8,0x0000000785500000)
 PSPermGen       total 21504K, used 15511K [0x000000077ae00000, 0x000000077c300000, 0x0000000780000000)
  object space 21504K, 72% used [0x000000077ae00000,0x000000077bd25f18,0x000000077c300000)

Card table byte_map: [0x000000011036f000,0x0000000110799000] byte_map_base: 0x000000010c798000

Polling page: 0x000000010bffd000

Code Cache  [0x000000010d2af000, 0x000000010d51f000, 0x00000001102af000)
 total_blobs=890 nmethods=156 adapters=688 free_code_cache=48169Kb largest_free_block=49300544

Compilation events (10 events):
Event: 4.664 Thread 0x00007f9beb829800  152 %           glWrapper.GLHashtree_Vertices::<init> @ 126 (160 bytes)
Event: 4.669 Thread 0x00007f9beb829800 nmethod 152% 0x000000010d396690 code [0x000000010d396800, 0x000000010d396b08]
Event: 4.672 Thread 0x00007f9beb82a800  153 %           glWrapper.GLHashtree::addFunctionValues @ 42 (117 bytes)
Event: 4.678 Thread 0x00007f9beb829800  154             java.util.Arrays::binarySearch0 (95 bytes)
Event: 4.681 Thread 0x00007f9beb829800 nmethod 154 0x000000010d39ead0 code [0x000000010d39ec20, 0x000000010d39edd8]
Event: 4.681 Thread 0x00007f9beb829800  155             sun.java2d.loops.GraphicsPrimitiveMgr$2::compare (39 bytes)
Event: 4.682 Thread 0x00007f9beb829800 nmethod 155 0x000000010d395cd0 code [0x000000010d395e20, 0x000000010d395f18]
Event: 4.683 Thread 0x00007f9beb82a800 nmethod 153% 0x000000010d39fc90 code [0x000000010d39fe80, 0x000000010d3a0498]
Event: 4.754 Thread 0x00007f9beb829800  156   !         sun.misc.URLClassPath$JarLoader::getResource (91 bytes)
Event: 4.783 Thread 0x00007f9beb829800 nmethod 156 0x000000010d3a6bd0 code [0x000000010d3a6f60, 0x000000010d3a8798]

GC Heap History (4 events):
Event: 0.401 GC heap before
{Heap before GC invocations=1 (full 0):
 PSYoungGen      total 38912K, used 33792K [0x00000007d5500000, 0x00000007d8000000, 0x0000000800000000)
  eden space 33792K, 100% used [0x00000007d5500000,0x00000007d7600000,0x00000007d7600000)
  from space 5120K, 0% used [0x00000007d7b00000,0x00000007d7b00000,0x00000007d8000000)
  to   space 5120K, 0% used [0x00000007d7600000,0x00000007d7600000,0x00000007d7b00000)
 ParOldGen       total 87040K, used 0K [0x0000000780000000, 0x0000000785500000, 0x00000007d5500000)
  object space 87040K, 0% used [0x0000000780000000,0x0000000780000000,0x0000000785500000)
 PSPermGen       total 21504K, used 2931K [0x000000077ae00000, 0x000000077c300000, 0x0000000780000000)
  object space 21504K, 13% used [0x000000077ae00000,0x000000077b0dce18,0x000000077c300000)
Event: 0.410 GC heap after
Heap after GC invocations=1 (full 0):
 PSYoungGen      total 38912K, used 4799K [0x00000007d5500000, 0x00000007da100000, 0x0000000800000000)
  eden space 33792K, 0% used [0x00000007d5500000,0x00000007d5500000,0x00000007d7600000)
  from space 5120K, 93% used [0x00000007d7600000,0x00000007d7aafc38,0x00000007d7b00000)
  to   space 5120K, 0% used [0x00000007d9c00000,0x00000007d9c00000,0x00000007da100000)
 ParOldGen       total 87040K, used 8K [0x0000000780000000, 0x0000000785500000, 0x00000007d5500000)
  object space 87040K, 0% used [0x0000000780000000,0x0000000780002000,0x0000000785500000)
 PSPermGen       total 21504K, used 2931K [0x000000077ae00000, 0x000000077c300000, 0x0000000780000000)
  object space 21504K, 13% used [0x000000077ae00000,0x000000077b0dce18,0x000000077c300000)
}
Event: 4.714 GC heap before
{Heap before GC invocations=2 (full 0):
 PSYoungGen      total 38912K, used 38591K [0x00000007d5500000, 0x00000007da100000, 0x0000000800000000)
  eden space 33792K, 100% used [0x00000007d5500000,0x00000007d7600000,0x00000007d7600000)
  from space 5120K, 93% used [0x00000007d7600000,0x00000007d7aafc38,0x00000007d7b00000)
  to   space 5120K, 0% used [0x00000007d9c00000,0x00000007d9c00000,0x00000007da100000)
 ParOldGen       total 87040K, used 8K [0x0000000780000000, 0x0000000785500000, 0x00000007d5500000)
  object space 87040K, 0% used [0x0000000780000000,0x0000000780002000,0x0000000785500000)
 PSPermGen       total 21504K, used 15223K [0x000000077ae00000, 0x000000077c300000, 0x0000000780000000)
  object space 21504K, 70% used [0x000000077ae00000,0x000000077bcdde28,0x000000077c300000)
Event: 4.722 GC heap after
Heap after GC invocations=2 (full 0):
 PSYoungGen      total 72704K, used 5105K [0x00000007d5500000, 0x00000007da100000, 0x0000000800000000)
  eden space 67584K, 0% used [0x00000007d5500000,0x00000007d5500000,0x00000007d9700000)
  from space 5120K, 99% used [0x00000007d9c00000,0x00000007da0fc4f8,0x00000007da100000)
  to   space 5120K, 0% used [0x00000007d9700000,0x00000007d9700000,0x00000007d9c00000)
 ParOldGen       total 87040K, used 1724K [0x0000000780000000, 0x0000000785500000, 0x00000007d5500000)
  object space 87040K, 1% used [0x0000000780000000,0x00000007801af1a8,0x0000000785500000)
 PSPermGen       total 21504K, used 15223K [0x000000077ae00000, 0x000000077c300000, 0x0000000780000000)
  object space 21504K, 70% used [0x000000077ae00000,0x000000077bcdde28,0x000000077c300000)
}

Deoptimization events (10 events):
Event: 0.432 Thread 0x00007f9beb802000 Uncommon trap: reason=class_check action=maybe_recompile pc=0x000000010d322694 method=java.util.HashMap.addEntry(ILjava/lang/Object;Ljava/lang/Object;I)V @ 65
Event: 0.432 Thread 0x00007f9beb802000 Uncommon trap: reason=class_check action=maybe_recompile pc=0x000000010d326348 method=java.util.HashMap.put(Ljava/lang/Object;Ljava/lang/Object;)Ljava/lang/Object; @ 137
Event: 0.432 Thread 0x00007f9beb802000 Uncommon trap: reason=class_check action=maybe_recompile pc=0x000000010d322694 method=java.util.HashMap.addEntry(ILjava/lang/Object;Ljava/lang/Object;I)V @ 65
Event: 0.432 Thread 0x00007f9beb802000 Uncommon trap: reason=class_check action=maybe_recompile pc=0x000000010d326348 method=java.util.HashMap.put(Ljava/lang/Object;Ljava/lang/Object;)Ljava/lang/Object; @ 137
Event: 0.432 Thread 0x00007f9beb802000 Uncommon trap: reason=class_check action=maybe_recompile pc=0x000000010d322694 method=java.util.HashMap.addEntry(ILjava/lang/Object;Ljava/lang/Object;I)V @ 65
Event: 3.158 Thread 0x00007f9beb802000 Uncommon trap: reason=class_check action=maybe_recompile pc=0x000000010d326348 method=java.util.HashMap.put(Ljava/lang/Object;Ljava/lang/Object;)Ljava/lang/Object; @ 137
Event: 3.158 Thread 0x00007f9beb802000 Uncommon trap: reason=class_check action=maybe_recompile pc=0x000000010d322694 method=java.util.HashMap.addEntry(ILjava/lang/Object;Ljava/lang/Object;I)V @ 65
Event: 3.188 Thread 0x00007f9beb802000 Uncommon trap: reason=unreached action=reinterpret pc=0x000000010d31c2dc method=java.util.Arrays.copyOf([Ljava/lang/Object;ILjava/lang/Class;)[Ljava/lang/Object; @ 4
Event: 3.205 Thread 0x00007f9beb802000 Uncommon trap: reason=unreached action=reinterpret pc=0x000000010d328cc4 method=java.util.HashMap.get(Ljava/lang/Object;)Ljava/lang/Object; @ 1
Event: 3.205 Thread 0x00007f9beb802000 Uncommon trap: reason=unreached action=reinterpret pc=0x000000010d34b6b8 method=java.util.HashMap.put(Ljava/lang/Object;Ljava/lang/Object;)Ljava/lang/Object; @ 19

Internal exceptions (10 events):
Event: 4.770 Thread 0x00007f9beaad2000 Threw 0x00000007d57c4d70 at /HUDSON/workspace/7u-2-build-macosx-x86_64/jdk7u75/1940/hotspot/src/share/vm/prims/jvm.cpp:1281
Event: 4.771 Thread 0x00007f9beaad2000 Threw 0x00000007d5926790 at /HUDSON/workspace/7u-2-build-macosx-x86_64/jdk7u75/1940/hotspot/src/share/vm/prims/jvm.cpp:1281
Event: 4.772 Thread 0x00007f9beaad2000 Threw 0x00000007d5933478 at /HUDSON/workspace/7u-2-build-macosx-x86_64/jdk7u75/1940/hotspot/src/share/vm/prims/jvm.cpp:1281
Event: 4.772 Thread 0x00007f9beaad2000 Threw 0x00000007d59392c0 at /HUDSON/workspace/7u-2-build-macosx-x86_64/jdk7u75/1940/hotspot/src/share/vm/prims/jvm.cpp:1281
Event: 4.775 Thread 0x00007f9beaad2000 Threw 0x00000007d593e7b8 at /HUDSON/workspace/7u-2-build-macosx-x86_64/jdk7u75/1940/hotspot/src/share/vm/prims/jvm.cpp:1281
Event: 4.776 Thread 0x00007f9beaad2000 Threw 0x00000007d5949978 at /HUDSON/workspace/7u-2-build-macosx-x86_64/jdk7u75/1940/hotspot/src/share/vm/prims/jvm.cpp:1281
Event: 4.776 Thread 0x00007f9beaad2000 Threw 0x00000007d5950710 at /HUDSON/workspace/7u-2-build-macosx-x86_64/jdk7u75/1940/hotspot/src/share/vm/prims/jvm.cpp:1281
Event: 4.782 Thread 0x00007f9beaad2000 Threw 0x00000007d5952e08 at /HUDSON/workspace/7u-2-build-macosx-x86_64/jdk7u75/1940/hotspot/src/share/vm/prims/jvm.cpp:1281
Event: 4.788 Thread 0x00007f9beaad2000 Threw 0x00000007d5983ff8 at /HUDSON/workspace/7u-2-build-macosx-x86_64/jdk7u75/1940/hotspot/src/share/vm/prims/jvm.cpp:1281
Event: 4.795 Thread 0x00007f9beaad2000 Threw 0x00000007d5987518 at /HUDSON/workspace/7u-2-build-macosx-x86_64/jdk7u75/1940/hotspot/src/share/vm/prims/jvm.cpp:1281

Events (10 events):
Event: 4.776 loading class 0x00007f9bea41db00
Event: 4.776 loading class 0x00007f9bea41db00 done
Event: 4.782 loading class 0x00007f9bea41b200
Event: 4.782 loading class 0x00007f9bea41b200 done
Event: 4.788 loading class 0x00007f9bea41d040
Event: 4.788 loading class 0x00007f9bea41d040 done
Event: 4.788 loading class 0x00007f9beb09d970
Event: 4.788 loading class 0x00007f9beb09d970 done
Event: 4.795 loading class 0x00007f9becb861b0
Event: 4.795 loading class 0x00007f9becb861b0 done


Dynamic libraries:
0x0000000004b06000 	/System/Library/Frameworks/Cocoa.framework/Versions/A/Cocoa
0x0000000004b06000 	/System/Library/Frameworks/Security.framework/Versions/A/Security
0x0000000004b06000 	/System/Library/Frameworks/ApplicationServices.framework/Versions/A/ApplicationServices
0x0000000004b06000 	/usr/lib/libz.1.dylib
0x0000000004b06000 	/usr/lib/libSystem.B.dylib
0x0000000004b06000 	/usr/lib/libobjc.A.dylib
0x0000000004b06000 	/System/Library/Frameworks/CoreFoundation.framework/Versions/A/CoreFoundation
0x0000000004b06000 	/System/Library/Frameworks/Foundation.framework/Versions/C/Foundation
0x0000000004b06000 	/System/Library/Frameworks/AppKit.framework/Versions/C/AppKit
0x0000000004b06000 	/System/Library/Frameworks/CoreData.framework/Versions/A/CoreData
0x0000000004b06000 	/System/Library/PrivateFrameworks/RemoteViewServices.framework/Versions/A/RemoteViewServices
0x0000000004b06000 	/System/Library/PrivateFrameworks/UIFoundation.framework/Versions/A/UIFoundation
0x0000000004b06000 	/usr/lib/libScreenReader.dylib
0x0000000004b06000 	/System/Library/Frameworks/Accelerate.framework/Versions/A/Accelerate
0x0000000004b06000 	/System/Library/Frameworks/IOSurface.framework/Versions/A/IOSurface
0x0000000004b06000 	/System/Library/Frameworks/AudioToolbox.framework/Versions/A/AudioToolbox
0x0000000004b06000 	/System/Library/Frameworks/AudioUnit.framework/Versions/A/AudioUnit
0x0000000004b06000 	/System/Library/PrivateFrameworks/DataDetectorsCore.framework/Versions/A/DataDetectorsCore
0x0000000004b06000 	/System/Library/PrivateFrameworks/DesktopServicesPriv.framework/Versions/A/DesktopServicesPriv
0x0000000004b06000 	/System/Library/Frameworks/Carbon.framework/Versions/A/Frameworks/HIToolbox.framework/Versions/A/HIToolbox
0x0000000004b06000 	/System/Library/Frameworks/QuartzCore.framework/Versions/A/QuartzCore
0x0000000004b06000 	/System/Library/Frameworks/Carbon.framework/Versions/A/Frameworks/SpeechRecognition.framework/Versions/A/SpeechRecognition
0x0000000004b06000 	/usr/lib/libauto.dylib
0x0000000004b06000 	/usr/lib/libicucore.A.dylib
0x0000000004b06000 	/usr/lib/libxml2.2.dylib
0x0000000004b06000 	/System/Library/PrivateFrameworks/CoreUI.framework/Versions/A/CoreUI
0x0000000004b06000 	/System/Library/Frameworks/CoreAudio.framework/Versions/A/CoreAudio
0x0000000004b06000 	/System/Library/Frameworks/DiskArbitration.framework/Versions/A/DiskArbitration
0x0000000004b06000 	/usr/lib/liblangid.dylib
0x0000000004b06000 	/System/Library/PrivateFrameworks/MultitouchSupport.framework/Versions/A/MultitouchSupport
0x0000000004b06000 	/System/Library/Frameworks/IOKit.framework/Versions/A/IOKit
0x0000000004b06000 	/usr/lib/libDiagnosticMessagesClient.dylib
0x0000000004b06000 	/System/Library/Frameworks/CoreServices.framework/Versions/A/CoreServices
0x0000000004b06000 	/System/Library/PrivateFrameworks/PerformanceAnalysis.framework/Versions/A/PerformanceAnalysis
0x0000000004b06000 	/System/Library/PrivateFrameworks/GenerationalStorage.framework/Versions/A/GenerationalStorage
0x0000000004b06000 	/System/Library/Frameworks/OpenGL.framework/Versions/A/OpenGL
0x0000000004b06000 	/System/Library/PrivateFrameworks/Sharing.framework/Versions/A/Sharing
0x0000000004b06000 	/System/Library/Frameworks/CoreGraphics.framework/Versions/A/CoreGraphics
0x0000000004b06000 	/System/Library/Frameworks/CoreImage.framework/Versions/A/CoreImage
0x0000000004b06000 	/System/Library/Frameworks/CoreText.framework/Versions/A/CoreText
0x0000000004b06000 	/System/Library/Frameworks/ImageIO.framework/Versions/A/ImageIO
0x0000000004b06000 	/System/Library/PrivateFrameworks/Backup.framework/Versions/A/Backup
0x0000000004b06000 	/usr/lib/libextension.dylib
0x0000000004b06000 	/usr/lib/libarchive.2.dylib
0x0000000004b06000 	/System/Library/Frameworks/CFNetwork.framework/Versions/A/CFNetwork
0x0000000004b06000 	/System/Library/Frameworks/SystemConfiguration.framework/Versions/A/SystemConfiguration
0x0000000004b06000 	/usr/lib/libCRFSuite.dylib
0x0000000004b06000 	/usr/lib/libc++.1.dylib
0x0000000004b06000 	/usr/lib/libc++abi.dylib
0x0000000004b06000 	/usr/lib/system/libcache.dylib
0x0000000004b06000 	/usr/lib/system/libcommonCrypto.dylib
0x0000000004b06000 	/usr/lib/system/libcompiler_rt.dylib
0x0000000004b06000 	/usr/lib/system/libcopyfile.dylib
0x0000000004b06000 	/usr/lib/system/libcorecrypto.dylib
0x0000000004b06000 	/usr/lib/system/libdispatch.dylib
0x0000000004b06000 	/usr/lib/system/libdyld.dylib
0x0000000004b06000 	/usr/lib/system/libkeymgr.dylib
0x0000000004b06000 	/usr/lib/system/liblaunch.dylib
0x0000000004b06000 	/usr/lib/system/libmacho.dylib
0x0000000004b06000 	/usr/lib/system/libquarantine.dylib
0x0000000004b06000 	/usr/lib/system/libremovefile.dylib
0x0000000004b06000 	/usr/lib/system/libsystem_asl.dylib
0x0000000004b06000 	/usr/lib/system/libsystem_blocks.dylib
0x0000000004b06000 	/usr/lib/system/libsystem_c.dylib
0x0000000004b06000 	/usr/lib/system/libsystem_configuration.dylib
0x0000000004b06000 	/usr/lib/system/libsystem_coreservices.dylib
0x0000000004b06000 	/usr/lib/system/libsystem_coretls.dylib
0x0000000004b06000 	/usr/lib/system/libsystem_dnssd.dylib
0x0000000004b06000 	/usr/lib/system/libsystem_info.dylib
0x0000000004b06000 	/usr/lib/system/libsystem_kernel.dylib
0x0000000004b06000 	/usr/lib/system/libsystem_m.dylib
0x0000000004b06000 	/usr/lib/system/libsystem_malloc.dylib
0x0000000004b06000 	/usr/lib/system/libsystem_network.dylib
0x0000000004b06000 	/usr/lib/system/libsystem_networkextension.dylib
0x0000000004b06000 	/usr/lib/system/libsystem_notify.dylib
0x0000000004b06000 	/usr/lib/system/libsystem_platform.dylib
0x0000000004b06000 	/usr/lib/system/libsystem_pthread.dylib
0x0000000004b06000 	/usr/lib/system/libsystem_sandbox.dylib
0x0000000004b06000 	/usr/lib/system/libsystem_secinit.dylib
0x0000000004b06000 	/usr/lib/system/libsystem_trace.dylib
0x0000000004b06000 	/usr/lib/system/libunc.dylib
0x0000000004b06000 	/usr/lib/system/libunwind.dylib
0x0000000004b06000 	/usr/lib/system/libxpc.dylib
0x0000000004b06000 	/usr/lib/libenergytrace.dylib
0x0000000004b06000 	/usr/lib/libbsm.0.dylib
0x0000000004b06000 	/usr/lib/system/libkxld.dylib
0x0000000004b06000 	/usr/lib/libxar.1.dylib
0x0000000004b06000 	/usr/lib/libsqlite3.dylib
0x0000000004b06000 	/usr/lib/libpam.2.dylib
0x0000000004b06000 	/usr/lib/libOpenScriptingUtil.dylib
0x0000000004b06000 	/usr/lib/libbz2.1.0.dylib
0x0000000004b06000 	/usr/lib/liblzma.5.dylib
0x0000000004b06000 	/System/Library/Frameworks/CoreServices.framework/Versions/A/Frameworks/FSEvents.framework/Versions/A/FSEvents
0x0000000004b06000 	/System/Library/Frameworks/CoreServices.framework/Versions/A/Frameworks/CarbonCore.framework/Versions/A/CarbonCore
0x0000000004b06000 	/System/Library/Frameworks/CoreServices.framework/Versions/A/Frameworks/Metadata.framework/Versions/A/Metadata
0x0000000004b06000 	/System/Library/Frameworks/CoreServices.framework/Versions/A/Frameworks/OSServices.framework/Versions/A/OSServices
0x0000000004b06000 	/System/Library/Frameworks/CoreServices.framework/Versions/A/Frameworks/SearchKit.framework/Versions/A/SearchKit
0x0000000004b06000 	/System/Library/Frameworks/CoreServices.framework/Versions/A/Frameworks/AE.framework/Versions/A/AE
0x0000000004b06000 	/System/Library/Frameworks/CoreServices.framework/Versions/A/Frameworks/LaunchServices.framework/Versions/A/LaunchServices
0x0000000004b06000 	/System/Library/Frameworks/CoreServices.framework/Versions/A/Frameworks/DictionaryServices.framework/Versions/A/DictionaryServices
0x0000000004b06000 	/System/Library/Frameworks/CoreServices.framework/Versions/A/Frameworks/SharedFileList.framework/Versions/A/SharedFileList
0x0000000004b06000 	/System/Library/Frameworks/NetFS.framework/Versions/A/NetFS
0x0000000004b06000 	/System/Library/PrivateFrameworks/NetAuth.framework/Versions/A/NetAuth
0x0000000004b06000 	/System/Library/PrivateFrameworks/login.framework/Versions/A/Frameworks/loginsupport.framework/Versions/A/loginsupport
0x0000000004b06000 	/System/Library/PrivateFrameworks/TCC.framework/Versions/A/TCC
0x0000000004b06000 	/usr/lib/libmecabra.dylib
0x0000000004b06000 	/System/Library/Frameworks/ApplicationServices.framework/Versions/A/Frameworks/ATS.framework/Versions/A/ATS
0x0000000004b06000 	/System/Library/Frameworks/ApplicationServices.framework/Versions/A/Frameworks/ColorSync.framework/Versions/A/ColorSync
0x0000000004b06000 	/System/Library/Frameworks/ApplicationServices.framework/Versions/A/Frameworks/HIServices.framework/Versions/A/HIServices
0x0000000004b06000 	/System/Library/Frameworks/ApplicationServices.framework/Versions/A/Frameworks/LangAnalysis.framework/Versions/A/LangAnalysis
0x0000000004b06000 	/System/Library/Frameworks/ApplicationServices.framework/Versions/A/Frameworks/PrintCore.framework/Versions/A/PrintCore
0x0000000004b06000 	/System/Library/Frameworks/ApplicationServices.framework/Versions/A/Frameworks/QD.framework/Versions/A/QD
0x0000000004b06000 	/System/Library/Frameworks/ApplicationServices.framework/Versions/A/Frameworks/SpeechSynthesis.framework/Versions/A/SpeechSynthesis
0x0000000004b06000 	/System/Library/Frameworks/Metal.framework/Versions/A/Metal
0x0000000004b06000 	/System/Library/Frameworks/Accelerate.framework/Versions/A/Frameworks/vImage.framework/Versions/A/vImage
0x0000000004b06000 	/System/Library/Frameworks/Accelerate.framework/Versions/A/Frameworks/vecLib.framework/Versions/A/vecLib
0x0000000004b06000 	/System/Library/Frameworks/Accelerate.framework/Versions/A/Frameworks/vecLib.framework/Versions/A/libvDSP.dylib
0x0000000004b06000 	/System/Library/Frameworks/Accelerate.framework/Versions/A/Frameworks/vecLib.framework/Versions/A/libvMisc.dylib
0x0000000004b06000 	/System/Library/Frameworks/Accelerate.framework/Versions/A/Frameworks/vecLib.framework/Versions/A/libLAPACK.dylib
0x0000000004b06000 	/System/Library/Frameworks/Accelerate.framework/Versions/A/Frameworks/vecLib.framework/Versions/A/libBLAS.dylib
0x0000000004b06000 	/System/Library/Frameworks/Accelerate.framework/Versions/A/Frameworks/vecLib.framework/Versions/A/libLinearAlgebra.dylib
0x0000000004b06000 	/System/Library/Frameworks/Accelerate.framework/Versions/A/Frameworks/vecLib.framework/Versions/A/libSparseBLAS.dylib
0x0000000004b06000 	/System/Library/PrivateFrameworks/GPUCompiler.framework/libmetal_timestamp.dylib
0x0000000004b06000 	/System/Library/Frameworks/OpenGL.framework/Versions/A/Libraries/libCoreFSCache.dylib
0x0000000004b06000 	/System/Library/PrivateFrameworks/IOAccelerator.framework/Versions/A/IOAccelerator
0x0000000004b06000 	/System/Library/Frameworks/ApplicationServices.framework/Versions/A/Frameworks/ATS.framework/Versions/A/Resources/libFontParser.dylib
0x0000000004b06000 	/System/Library/Frameworks/ApplicationServices.framework/Versions/A/Frameworks/ATS.framework/Versions/A/Resources/libFontRegistry.dylib
0x0000000004b06000 	/System/Library/PrivateFrameworks/AppleVPA.framework/Versions/A/AppleVPA
0x0000000004b06000 	/System/Library/PrivateFrameworks/AppleJPEG.framework/Versions/A/AppleJPEG
0x0000000004b06000 	/System/Library/Frameworks/ImageIO.framework/Versions/A/Resources/libJPEG.dylib
0x0000000004b06000 	/System/Library/Frameworks/ImageIO.framework/Versions/A/Resources/libTIFF.dylib
0x0000000004b06000 	/System/Library/Frameworks/ImageIO.framework/Versions/A/Resources/libPng.dylib
0x0000000004b06000 	/System/Library/Frameworks/ImageIO.framework/Versions/A/Resources/libGIF.dylib
0x0000000004b06000 	/System/Library/Frameworks/ImageIO.framework/Versions/A/Resources/libJP2.dylib
0x0000000004b06000 	/System/Library/Frameworks/ImageIO.framework/Versions/A/Resources/libRadiance.dylib
0x0000000004b06000 	/System/Library/Frameworks/CoreVideo.framework/Versions/A/CoreVideo
0x0000000004b06000 	/System/Library/Frameworks/OpenGL.framework/Versions/A/Libraries/libGLU.dylib
0x0000000004b06000 	/System/Library/Frameworks/OpenGL.framework/Versions/A/Libraries/libGFXShared.dylib
0x0000000004b06000 	/System/Library/Frameworks/OpenGL.framework/Versions/A/Libraries/libGL.dylib
0x0000000004b06000 	/System/Library/Frameworks/OpenGL.framework/Versions/A/Libraries/libGLImage.dylib
0x0000000004b06000 	/System/Library/Frameworks/OpenGL.framework/Versions/A/Libraries/libCVMSPluginSupport.dylib
0x0000000004b06000 	/System/Library/Frameworks/OpenGL.framework/Versions/A/Libraries/libCoreVMClient.dylib
0x0000000004b06000 	/usr/lib/libcups.2.dylib
0x0000000004b06000 	/System/Library/Frameworks/Kerberos.framework/Versions/A/Kerberos
0x0000000004b06000 	/System/Library/Frameworks/GSS.framework/Versions/A/GSS
0x0000000004b06000 	/usr/lib/libresolv.9.dylib
0x0000000004b06000 	/usr/lib/libiconv.2.dylib
0x0000000004b06000 	/System/Library/PrivateFrameworks/Heimdal.framework/Versions/A/Heimdal
0x0000000004b06000 	/usr/lib/libheimdal-asn1.dylib
0x0000000004b06000 	/System/Library/Frameworks/OpenDirectory.framework/Versions/A/OpenDirectory
0x0000000004b06000 	/System/Library/PrivateFrameworks/CommonAuth.framework/Versions/A/CommonAuth
0x0000000004b06000 	/System/Library/Frameworks/OpenDirectory.framework/Versions/A/Frameworks/CFOpenDirectory.framework/Versions/A/CFOpenDirectory
0x0000000004b06000 	/System/Library/Frameworks/SecurityFoundation.framework/Versions/A/SecurityFoundation
0x0000000004b06000 	/System/Library/PrivateFrameworks/LanguageModeling.framework/Versions/A/LanguageModeling
0x0000000004b06000 	/usr/lib/libmarisa.dylib
0x0000000004b06000 	/usr/lib/libChineseTokenizer.dylib
0x0000000004b06000 	/usr/lib/libcmph.dylib
0x0000000004b06000 	/usr/lib/libcompression.dylib
0x0000000004b06000 	/System/Library/Frameworks/ServiceManagement.framework/Versions/A/ServiceManagement
0x0000000004b06000 	/usr/lib/libxslt.1.dylib
0x0000000004b06000 	/System/Library/Frameworks/Carbon.framework/Versions/A/Frameworks/Ink.framework/Versions/A/Ink
0x0000000004b06000 	/usr/lib/libFosl_dynamic.dylib
0x0000000004b06000 	/System/Library/PrivateFrameworks/FaceCore.framework/Versions/A/FaceCore
0x0000000004b06000 	/System/Library/Frameworks/OpenCL.framework/Versions/A/OpenCL
0x0000000004b06000 	/System/Library/PrivateFrameworks/CrashReporterSupport.framework/Versions/A/CrashReporterSupport
0x0000000004b06000 	/System/Library/PrivateFrameworks/IconServices.framework/Versions/A/IconServices
0x0000000004b06000 	/System/Library/PrivateFrameworks/Apple80211.framework/Versions/A/Apple80211
0x0000000004b06000 	/System/Library/Frameworks/CoreWLAN.framework/Versions/A/CoreWLAN
0x0000000004b06000 	/System/Library/Frameworks/IOBluetooth.framework/Versions/A/IOBluetooth
0x0000000004b06000 	/System/Library/PrivateFrameworks/CoreWiFi.framework/Versions/A/CoreWiFi
0x0000000004b06000 	/System/Library/Frameworks/CoreBluetooth.framework/Versions/A/CoreBluetooth
0x0000000004b06000 	/System/Library/PrivateFrameworks/ChunkingLibrary.framework/Versions/A/ChunkingLibrary
0x0000000004b06000 	/System/Library/PrivateFrameworks/DebugSymbols.framework/Versions/A/DebugSymbols
0x0000000004b06000 	/System/Library/PrivateFrameworks/CoreSymbolication.framework/Versions/A/CoreSymbolication
0x0000000004b06000 	/System/Library/PrivateFrameworks/Symbolication.framework/Versions/A/Symbolication
0x0000000004b06000 	/System/Library/PrivateFrameworks/SpeechRecognitionCore.framework/Versions/A/SpeechRecognitionCore
0x000000010c800000 	/Library/Java/JavaVirtualMachines/jdk1.7.0_75.jdk/Contents/Home/jre/lib/server/libjvm.dylib
0x0000000004b06000 	/usr/lib/libstdc++.6.dylib
0x000000010d261000 	/Library/Java/JavaVirtualMachines/jdk1.7.0_75.jdk/Contents/Home/jre/lib/libverify.dylib
0x000000010d26e000 	/Library/Java/JavaVirtualMachines/jdk1.7.0_75.jdk/Contents/Home/jre/lib/libjava.dylib
0x000000010d2a6000 	/Library/Java/JavaVirtualMachines/jdk1.7.0_75.jdk/Contents/Home/jre/lib/libzip.dylib
0x0000000116407000 	/System/Library/Frameworks/JavaVM.framework/Frameworks/JavaRuntimeSupport.framework/JavaRuntimeSupport
0x0000000116422000 	/System/Library/Frameworks/JavaVM.framework/Versions/A/Frameworks/JavaNativeFoundation.framework/Versions/A/JavaNativeFoundation
0x0000000116437000 	/System/Library/Frameworks/JavaVM.framework/Versions/A/JavaVM
0x0000000004b06000 	/System/Library/Frameworks/Carbon.framework/Versions/A/Carbon
0x0000000116444000 	/System/Library/PrivateFrameworks/JavaLaunching.framework/Versions/A/JavaLaunching
0x0000000004b06000 	/System/Library/Frameworks/Carbon.framework/Versions/A/Frameworks/CommonPanels.framework/Versions/A/CommonPanels
0x0000000004b06000 	/System/Library/Frameworks/Carbon.framework/Versions/A/Frameworks/Help.framework/Versions/A/Help
0x0000000004b06000 	/System/Library/Frameworks/Carbon.framework/Versions/A/Frameworks/ImageCapture.framework/Versions/A/ImageCapture
0x0000000004b06000 	/System/Library/Frameworks/Carbon.framework/Versions/A/Frameworks/OpenScripting.framework/Versions/A/OpenScripting
0x0000000004b06000 	/System/Library/Frameworks/Carbon.framework/Versions/A/Frameworks/Print.framework/Versions/A/Print
0x0000000004b06000 	/System/Library/Frameworks/Carbon.framework/Versions/A/Frameworks/SecurityHI.framework/Versions/A/SecurityHI
0x0000000117fcc000 	/Library/Java/JavaVirtualMachines/jdk1.7.0_75.jdk/Contents/Home/jre/lib/libawt.dylib
0x0000000118454000 	/Library/Java/JavaVirtualMachines/jdk1.7.0_75.jdk/Contents/Home/jre/lib/./libmlib_image.dylib
0x0000000118520000 	/Library/Java/JavaVirtualMachines/jdk1.7.0_75.jdk/Contents/Home/jre/lib/lwawt/liblwawt.dylib
0x0000000117e9f000 	/Library/Java/JavaVirtualMachines/jdk1.7.0_75.jdk/Contents/Home/jre/lib/libosxapp.dylib
0x0000000004b06000 	/System/Library/Frameworks/ExceptionHandling.framework/Versions/A/ExceptionHandling
0x0000000004b06000 	/System/Library/PrivateFrameworks/CoreServicesInternal.framework/Versions/A/CoreServicesInternal
0x0000000004b06000 	/System/Library/Frameworks/CoreGraphics.framework/Versions/A/Resources/libRIP.A.dylib
0x0000000004b06000 	/System/Library/Frameworks/Accelerate.framework/Versions/A/Frameworks/vImage.framework/Versions/A/Libraries/libCGInterfaces.dylib
0x0000000004b06000 	/System/Library/Frameworks/CoreGraphics.framework/Versions/A/Resources/libCGXType.A.dylib
0x0000000004b06000 	/System/Library/Frameworks/OpenCL.framework/Versions/A/Libraries/libcldcpuengine.dylib
0x0000000004b06000 	/System/Library/PrivateFrameworks/DiskImages.framework/Versions/A/DiskImages
0x0000000004b06000 	/System/Library/Frameworks/DiscRecording.framework/Versions/A/DiscRecording
0x0000000004b06000 	/usr/lib/libcsfde.dylib
0x0000000004b06000 	/usr/lib/libcurl.4.dylib
0x0000000004b06000 	/System/Library/PrivateFrameworks/MediaKit.framework/Versions/A/MediaKit
0x0000000004b06000 	/System/Library/PrivateFrameworks/ProtectedCloudStorage.framework/Versions/A/ProtectedCloudStorage
0x0000000004b06000 	/usr/lib/libCoreStorage.dylib
0x0000000004b06000 	/System/Library/PrivateFrameworks/EFILogin.framework/Versions/A/EFILogin
0x0000000004b06000 	/usr/lib/libutil.dylib
0x0000000004b06000 	/System/Library/PrivateFrameworks/FindMyDevice.framework/Versions/A/FindMyDevice
0x0000000004b06000 	/System/Library/Frameworks/LDAP.framework/Versions/A/LDAP
0x0000000004b06000 	/usr/lib/libsasl2.2.dylib
0x0000000004b06000 	/System/Library/PrivateFrameworks/CoreDaemon.framework/Versions/B/CoreDaemon
0x0000000004b06000 	/usr/lib/libcrypto.0.9.8.dylib
0x0000000004b06000 	/System/Library/PrivateFrameworks/AppleSRP.framework/Versions/A/AppleSRP
0x0000000004b06000 	/System/Library/PrivateFrameworks/TrustEvaluationAgent.framework/Versions/A/TrustEvaluationAgent
0x0000000118090000 	cl_kernels
0x0000000004b06000 	/System/Library/Frameworks/OpenCL.framework/Versions/A/Libraries/ImageFormats/unorm8_bgra.dylib
0x0000000004b06000 	/System/Library/Frameworks/OpenCL.framework/Versions/A/Libraries/ImageFormats/unorm8_rgba.dylib
0x0000000004b06000 	/System/Library/PrivateFrameworks/FamilyControls.framework/Versions/A/FamilyControls
0x0000000004b06000 	/System/Library/PrivateFrameworks/CommerceKit.framework/Versions/A/Frameworks/CommerceCore.framework/Versions/A/CommerceCore
0x0000000004b06000 	/System/Library/PrivateFrameworks/SystemAdministration.framework/Versions/A/SystemAdministration
0x0000000004b06000 	/System/Library/PrivateFrameworks/AppContainer.framework/Versions/A/AppContainer
0x0000000004b06000 	/System/Library/PrivateFrameworks/SecCodeWrapper.framework/Versions/A/SecCodeWrapper
0x0000000004b06000 	/System/Library/Frameworks/DirectoryService.framework/Versions/A/DirectoryService
0x0000000004b06000 	/System/Library/PrivateFrameworks/LoginUIKit.framework/Versions/A/Frameworks/LoginUICore.framework/Versions/A/LoginUICore
0x0000000004b06000 	/usr/lib/libodfde.dylib
0x0000000004b06000 	/System/Library/Frameworks/OpenGL.framework/Versions/A/Resources/GLEngine.bundle/GLEngine
0x0000000004b06000 	/System/Library/Frameworks/OpenGL.framework/Versions/A/Libraries/libGLProgrammability.dylib
0x000000011b3d6000 	/System/Library/Extensions/AppleIntelHD3000GraphicsGLDriver.bundle/Contents/MacOS/AppleIntelHD3000GraphicsGLDriver
0x0000000004b06000 	/System/Library/PrivateFrameworks/GPUSupport.framework/Versions/A/Libraries/libGPUSupport.dylib
0x0000000004b06000 	/System/Library/Frameworks/OpenGL.framework/Versions/A/Resources/GLRendererFloat.bundle/GLRendererFloat
0x000000011bbba000 	/Library/Java/JavaVirtualMachines/jdk1.7.0_75.jdk/Contents/Home/jre/lib/libfontmanager.dylib
0x000000011b351000 	/Library/Java/JavaVirtualMachines/jdk1.7.0_75.jdk/Contents/Home/jre/lib/libosxui.dylib
0x000000011c80f000 	/Library/Java/JavaVirtualMachines/jdk1.7.0_75.jdk/Contents/Home/jre/lib/libnet.dylib
0x000000011c825000 	/Library/Java/JavaVirtualMachines/jdk1.7.0_75.jdk/Contents/Home/jre/lib/libnio.dylib
0x000000011c834000 	/private/var/folders/8b/2cfz93zx499f0wt0w3g1g_jr0000gn/T/jogamp_0000/file_cache/jln1507626408120073081/jln1075154997658026048/libgluegen-rt.jnilib
0x000000011c838000 	/private/var/folders/8b/2cfz93zx499f0wt0w3g1g_jr0000gn/T/jogamp_0000/file_cache/jln1507626408120073081/jln1075154997658026048/libnativewindow_awt.jnilib
0x000000011c83c000 	/Library/Java/JavaVirtualMachines/jdk1.7.0_75.jdk/Contents/Home/jre/lib/libjawt.dylib
0x000000011c83f000 	/private/var/folders/8b/2cfz93zx499f0wt0w3g1g_jr0000gn/T/jogamp_0000/file_cache/jln1507626408120073081/jln1075154997658026048/libnativewindow_macosx.jnilib
0x000000011c84d000 	/private/var/folders/8b/2cfz93zx499f0wt0w3g1g_jr0000gn/T/jogamp_0000/file_cache/jln1507626408120073081/jln1075154997658026048/libjogl_desktop.jnilib

VM Arguments:
jvm_args: -Dfile.encoding=UTF-8 
java_command: assignment3.Assignment3
Launcher Type: SUN_STANDARD

Environment Variables:
PATH=/usr/bin:/bin:/usr/sbin:/sbin
SHELL=/bin/zsh

Signal Handlers:
SIGSEGV: [libjvm.dylib+0x52d20d], sa_mask[0]=0xfffefeff, sa_flags=0x00000043
SIGBUS: [libjvm.dylib+0x52d20d], sa_mask[0]=0xfffefeff, sa_flags=0x00000042
SIGFPE: [libjvm.dylib+0x41ee7a], sa_mask[0]=0xfffefeff, sa_flags=0x00000042
SIGPIPE: [libjvm.dylib+0x41ee7a], sa_mask[0]=0xfffefeff, sa_flags=0x00000042
SIGXFSZ: [libjvm.dylib+0x41ee7a], sa_mask[0]=0xfffefeff, sa_flags=0x00000042
SIGILL: [libjvm.dylib+0x41ee7a], sa_mask[0]=0xfffefeff, sa_flags=0x00000042
SIGUSR1: SIG_DFL, sa_mask[0]=0x00000000, sa_flags=0x00000000
SIGUSR2: [libjvm.dylib+0x41e96c], sa_mask[0]=0x00000004, sa_flags=0x00000042
SIGHUP: [libjvm.dylib+0x41cbfd], sa_mask[0]=0xfffefeff, sa_flags=0x00000042
SIGINT: [libjvm.dylib+0x41cbfd], sa_mask[0]=0xfffefeff, sa_flags=0x00000042
SIGTERM: [libjvm.dylib+0x41cbfd], sa_mask[0]=0xfffefeff, sa_flags=0x00000042
SIGQUIT: [libjvm.dylib+0x41cbfd], sa_mask[0]=0xfffefeff, sa_flags=0x00000042


---------------  S Y S T E M  ---------------

OS:Bsduname:Darwin 15.0.0 Darwin Kernel Version 15.0.0: Wed Aug 26 16:57:32 PDT 2015; root:xnu-3247.1.106~1/RELEASE_X86_64 x86_64
rlimit: STACK 8192k, CORE 0k, NPROC 709, NOFILE 10240, AS infinity
load average:1.63 1.33 1.30

CPU:total 4 (2 cores per cpu, 2 threads per core) family 6 model 42 stepping 7, cmov, cx8, fxsr, mmx, sse, sse2, sse3, ssse3, sse4.1, sse4.2, popcnt, avx, aes, ht, tsc, tscinvbit

Memory: 4k page, physical 8388608k(2097152k free)

/proc/meminfo:


vm_info: Java HotSpot(TM) 64-Bit Server VM (24.75-b04) for bsd-amd64 JRE (1.7.0_75-b13), built on Dec 18 2014 21:48:12 by "java_re" with gcc 4.2.1 (Based on Apple Inc. build 5658) (LLVM build 2336.11.00)

time: Tue Oct 13 00:00:19 2015
elapsed time: 4 seconds

